#
# A fatal error has been detected by the Java Runtime Environment:
#
#  EXCEPTION_ACCESS_VIOLATION (0xc0000005) at pc=0x0000000068b89732, pid=16456, tid=0x00000000000030e4
#
# JRE version: Java(TM) SE Runtime Environment (8.0_251-b08) (build 1.8.0_251-b08)
# Java VM: Java HotSpot(TM) 64-Bit Server VM (25.251-b08 mixed mode windows-amd64 compressed oops)
# Problematic frame:
# C  [libtesseract-3.dll+0x189732]
#
# Failed to write core dump. Minidumps are not enabled by default on client versions of Windows
#
# If you would like to submit a bug report, please visit:
#   http://bugreport.java.com/bugreport/crash.jsp
# The crash happened outside the Java Virtual Machine in native code.
# See problematic frame for where to report the bug.
#

---------------  T H R E A D  ---------------

Current thread (0x0000000002e05800):  JavaThread "main" [_thread_in_native, id=12516, stack(0x0000000002c90000,0x0000000002d90000)]

siginfo: ExceptionCode=0xc0000005, reading address 0x0000000000000000

Registers:
RAX=0x0000000000000000, RBX=0x0000000002d8ec40, RCX=0x00000000ffffffff, RDX=0x0000000000000002
RSP=0x0000000002d8ec10, RBP=0x0000000068c06860, RSI=0x0000000000000002, RDI=0x0000000002d8ec88
R8 =0x000000000000006e, R9 =0x0000000000000000, R10=0x0000000000000000, R11=0x000000001c5a0db1
R12=0x0000000068d38260, R13=0x000000001c58e910, R14=0x0000000000000000, R15=0x0000000002d8f110
RIP=0x0000000068b89732, EFLAGS=0x0000000000010246

Top of Stack: (sp=0x0000000002d8ec10)
0x0000000002d8ec10:   0000000002d8ec40 00007ffc417bfa60
0x0000000002d8ec20:   0000000000000002 0000000002d8ec88
0x0000000002d8ec30:   0000000002d8ed60 0000000002d8f090
0x0000000002d8ec40:   745f6c6175746361 5f61746164737365
0x0000000002d8ec50:   72746e655f6d756e 203d3c205f736569
0x0000000002d8ec60:   4154414453534554 544e455f4d554e5f
0x0000000002d8ec70:   7272453a53454952 72657373413a726f
0x0000000002d8ec80:   64656c6961662074 656c6966206e693a
0x0000000002d8ec90:   7461647373657420 726567616e616d61
0x0000000002d8eca0:   696c202c7070632e 00000a303520656e
0x0000000002d8ecb0:   0000000000000000 00007ffc2c000f23
0x0000000002d8ecc0:   0000000000001010 0000000000000000
0x0000000002d8ecd0:   0000000000000674 0000000080000000
0x0000000002d8ece0:   0000000000000010 00000000014e1e22
0x0000000002d8ecf0:   0000000000000001 00000000011cbe10
0x0000000002d8ed00:   000000002c000f23 0000000000a800a6 

Instructions: (pc=0x0000000068b89732)
0x0000000068b89712:   ff 15 e0 e8 20 00 48 8d 50 60 48 89 d9 e8 5c 65
0x0000000068b89722:   01 00 83 fe ff 7c 14 85 f6 7e 2d 83 fe 02 7f 0b
0x0000000068b89732:   8b 04 25 00 00 00 00 85 c0 74 3d 48 8d 15 a9 cd
0x0000000068b89742:   07 00 48 8d 0d d5 e9 1a 00 45 31 c9 41 b8 02 00 


Register to memory mapping:

RAX=0x0000000000000000 is an unknown value
RBX=0x0000000002d8ec40 is pointing into the stack for thread: 0x0000000002e05800
RCX=0x00000000ffffffff is an unallocated location in the heap
RDX=0x0000000000000002 is an unknown value
RSP=0x0000000002d8ec10 is pointing into the stack for thread: 0x0000000002e05800
RBP=0x0000000068c06860 is an unknown value
RSI=0x0000000000000002 is an unknown value
RDI=0x0000000002d8ec88 is pointing into the stack for thread: 0x0000000002e05800
R8 =0x000000000000006e is an unknown value
R9 =0x0000000000000000 is an unknown value
R10=0x0000000000000000 is an unknown value
R11=0x000000001c5a0db1 is an unknown value
R12=0x0000000068d38260 is an unknown value
R13=0x000000001c58e910 is an unknown value
R14=0x0000000000000000 is an unknown value
R15=0x0000000002d8f110 is pointing into the stack for thread: 0x0000000002e05800


Stack: [0x0000000002c90000,0x0000000002d90000],  sp=0x0000000002d8ec10,  free space=1019k
Native frames: (J=compiled Java code, j=interpreted, Vv=VM code, C=native code)
C  [libtesseract-3.dll+0x189732]
C  [libtesseract-3.dll+0x18b1b4]
C  [libtesseract-3.dll+0x42123]
C  [libtesseract-3.dll+0x428fc]
C  [libtesseract-3.dll+0x43316]
C  [libtesseract-3.dll+0x1f1a]
C  [VisionProxy.dll+0x1e889]
C  [VisionProxy.dll+0x2ccc3]
C  [VisionProxy.dll+0x35c11]
C  0x0000000002f18c67

Java frames: (J=compiled Java code, j=interpreted, Vv=VM code)
j  org.sikuli.natives.VisionProxyJNI.Vision_initOCR(Ljava/lang/String;)V+0
j  org.sikuli.natives.Vision.initOCR(Ljava/lang/String;)V+1
j  org.sikuli.script.TextRecognizer.init()V+171
j  org.sikuli.script.TextRecognizer.<init>()V+5
j  org.sikuli.script.TextRecognizer.getInstance()Lorg/sikuli/script/TextRecognizer;+10
j  org.sikuli.script.Image.text()Ljava/lang/String;+6
j  sikuli.TessaractFinal.main([Ljava/lang/String;)V+37
v  ~StubRoutines::call_stub

---------------  P R O C E S S  ---------------

Java Threads: ( => current thread )
  0x000000001b853000 JavaThread "AWT-EventQueue-0" [_thread_blocked, id=11280, stack(0x000000001c6b0000,0x000000001c7b0000)]
  0x000000001b84d000 JavaThread "AWT-Shutdown" [_thread_blocked, id=13388, stack(0x000000001c5b0000,0x000000001c6b0000)]
  0x0000000019c81000 JavaThread "AWT-Windows" daemon [_thread_in_native, id=13344, stack(0x000000001a5a0000,0x000000001a6a0000)]
  0x0000000019d56000 JavaThread "Java2D Disposer" daemon [_thread_blocked, id=16412, stack(0x000000001a3a0000,0x000000001a4a0000)]
  0x00000000193b8800 JavaThread "Service Thread" daemon [_thread_blocked, id=4676, stack(0x0000000019790000,0x0000000019890000)]
  0x0000000017a44000 JavaThread "C1 CompilerThread2" daemon [_thread_blocked, id=14364, stack(0x0000000019290000,0x0000000019390000)]
  0x0000000017a3f800 JavaThread "C2 CompilerThread1" daemon [_thread_blocked, id=10528, stack(0x0000000019190000,0x0000000019290000)]
  0x0000000017a36000 JavaThread "C2 CompilerThread0" daemon [_thread_blocked, id=16816, stack(0x0000000019090000,0x0000000019190000)]
  0x0000000017a33800 JavaThread "Attach Listener" daemon [_thread_blocked, id=15840, stack(0x0000000018f90000,0x0000000019090000)]
  0x0000000017a32800 JavaThread "Signal Dispatcher" daemon [_thread_blocked, id=11512, stack(0x0000000018e90000,0x0000000018f90000)]
  0x0000000017a20000 JavaThread "Finalizer" daemon [_thread_blocked, id=13200, stack(0x0000000018c90000,0x0000000018d90000)]
  0x0000000002ef5000 JavaThread "Reference Handler" daemon [_thread_blocked, id=14200, stack(0x0000000018b90000,0x0000000018c90000)]
=>0x0000000002e05800 JavaThread "main" [_thread_in_native, id=12516, stack(0x0000000002c90000,0x0000000002d90000)]

Other Threads:
  0x00000000179f8000 VMThread [stack: 0x0000000018a90000,0x0000000018b90000] [id=16784]
  0x0000000017a8d800 WatcherThread [stack: 0x0000000019890000,0x0000000019990000] [id=7412]

VM state:not at safepoint (normal execution)

VM Mutex/Monitor currently owned by a thread: None

heap address: 0x0000000081c00000, size: 2020 MB, Compressed Oops mode: 32-bit
Narrow klass base: 0x0000000000000000, Narrow klass shift: 3
Compressed class space size: 1073741824 Address: 0x0000000100000000

Heap:
 PSYoungGen      total 38400K, used 19343K [0x00000000d5f00000, 0x00000000daa00000, 0x0000000100000000)
  eden space 33280K, 42% used [0x00000000d5f00000,0x00000000d6ce7420,0x00000000d7f80000)
  from space 5120K, 99% used [0x00000000d8480000,0x00000000d897c820,0x00000000d8980000)
  to   space 5120K, 0% used [0x00000000d7f80000,0x00000000d7f80000,0x00000000d8480000)
 ParOldGen       total 87552K, used 37946K [0x0000000081c00000, 0x0000000087180000, 0x00000000d5f00000)
  object space 87552K, 43% used [0x0000000081c00000,0x000000008410e8c0,0x0000000087180000)
 Metaspace       used 10290K, capacity 10424K, committed 10752K, reserved 1058816K
  class space    used 1128K, capacity 1214K, committed 1280K, reserved 1048576K

Card table byte_map: [0x00000000122c0000,0x00000000126c0000] byte_map_base: 0x0000000011eb2000

Marking Bits: (ParMarkBitMap*) 0x0000000059aeaf90
 Begin Bits: [0x0000000012d70000, 0x0000000014d00000)
 End Bits:   [0x0000000014d00000, 0x0000000016c90000)

Polling page: 0x0000000000df0000

CodeCache: size=245760Kb used=3389Kb max_used=3389Kb free=242370Kb
 bounds [0x0000000002f00000, 0x0000000003260000, 0x0000000011f00000]
 total_blobs=1261 nmethods=800 adapters=374
 compilation: enabled

Compilation events (10 events):
Event: 3.312 Thread 0x0000000017a3f800  796       4       sun.awt.image.ByteInterleavedRaster::getDataElements (132 bytes)
Event: 3.313 Thread 0x0000000017a44000  797       3       java.awt.image.ComponentColorModel::getDataElements (3206 bytes)
Event: 3.320 Thread 0x0000000017a3f800 nmethod 796 0x000000000322f4d0 code [0x000000000322f620, 0x000000000322fa18]
Event: 3.321 Thread 0x0000000017a44000 nmethod 797 0x000000000324a350 code [0x000000000324af40, 0x0000000003250568]
Event: 3.340 Thread 0x0000000017a44000  798       3       java.util.zip.ZipFile::access$1100 (5 bytes)
Event: 3.340 Thread 0x0000000017a44000 nmethod 798 0x0000000003242550 code [0x00000000032426c0, 0x0000000003242828]
Event: 3.340 Thread 0x0000000017a44000  799       3       java.util.zip.ZipFile::access$1200 (5 bytes)
Event: 3.340 Thread 0x0000000017a44000 nmethod 799 0x00000000032421d0 code [0x0000000003242340, 0x00000000032424a8]
Event: 3.340 Thread 0x0000000017a44000  800       3       java.util.zip.InflaterInputStream::<init> (79 bytes)
Event: 3.341 Thread 0x0000000017a44000 nmethod 800 0x0000000003249810 code [0x00000000032499c0, 0x000000000324a098]

GC Heap History (4 events):
Event: 3.079 GC heap before
{Heap before GC invocations=1 (full 0):
 PSYoungGen      total 38400K, used 29441K [0x00000000d5f00000, 0x00000000d8980000, 0x0000000100000000)
  eden space 33280K, 88% used [0x00000000d5f00000,0x00000000d7bc0470,0x00000000d7f80000)
  from space 5120K, 0% used [0x00000000d8480000,0x00000000d8480000,0x00000000d8980000)
  to   space 5120K, 0% used [0x00000000d7f80000,0x00000000d7f80000,0x00000000d8480000)
 ParOldGen       total 87552K, used 0K [0x0000000081c00000, 0x0000000087180000, 0x00000000d5f00000)
  object space 87552K, 0% used [0x0000000081c00000,0x0000000081c00000,0x0000000087180000)
 Metaspace       used 9862K, capacity 10040K, committed 10112K, reserved 1058816K
  class space    used 1079K, capacity 1150K, committed 1152K, reserved 1048576K
Event: 3.087 GC heap after
Heap after GC invocations=1 (full 0):
 PSYoungGen      total 38400K, used 3591K [0x00000000d5f00000, 0x00000000d8980000, 0x0000000100000000)
  eden space 33280K, 0% used [0x00000000d5f00000,0x00000000d5f00000,0x00000000d7f80000)
  from space 5120K, 70% used [0x00000000d7f80000,0x00000000d8301c98,0x00000000d8480000)
  to   space 5120K, 0% used [0x00000000d8480000,0x00000000d8480000,0x00000000d8980000)
 ParOldGen       total 87552K, used 12310K [0x0000000081c00000, 0x0000000087180000, 0x00000000d5f00000)
  object space 87552K, 14% used [0x0000000081c00000,0x0000000082805830,0x0000000087180000)
 Metaspace       used 9862K, capacity 10040K, committed 10112K, reserved 1058816K
  class space    used 1079K, capacity 1150K, committed 1152K, reserved 1048576K
}
Event: 3.274 GC heap before
{Heap before GC invocations=2 (full 0):
 PSYoungGen      total 38400K, used 36871K [0x00000000d5f00000, 0x00000000d8980000, 0x0000000100000000)
  eden space 33280K, 100% used [0x00000000d5f00000,0x00000000d7f80000,0x00000000d7f80000)
  from space 5120K, 70% used [0x00000000d7f80000,0x00000000d8301c98,0x00000000d8480000)
  to   space 5120K, 0% used [0x00000000d8480000,0x00000000d8480000,0x00000000d8980000)
 ParOldGen       total 87552K, used 12310K [0x0000000081c00000, 0x0000000087180000, 0x00000000d5f00000)
  object space 87552K, 14% used [0x0000000081c00000,0x0000000082805830,0x0000000087180000)
 Metaspace       used 10248K, capacity 10424K, committed 10752K, reserved 1058816K
  class space    used 1123K, capacity 1214K, committed 1280K, reserved 1048576K
Event: 3.284 GC heap after
Heap after GC invocations=2 (full 0):
 PSYoungGen      total 38400K, used 5106K [0x00000000d5f00000, 0x00000000daa00000, 0x0000000100000000)
  eden space 33280K, 0% used [0x00000000d5f00000,0x00000000d5f00000,0x00000000d7f80000)
  from space 5120K, 99% used [0x00000000d8480000,0x00000000d897c820,0x00000000d8980000)
  to   space 5120K, 0% used [0x00000000d7f80000,0x00000000d7f80000,0x00000000d8480000)
 ParOldGen       total 87552K, used 37946K [0x0000000081c00000, 0x0000000087180000, 0x00000000d5f00000)
  object space 87552K, 43% used [0x0000000081c00000,0x000000008410e8c0,0x0000000087180000)
 Metaspace       used 10248K, capacity 10424K, committed 10752K, reserved 1058816K
  class space    used 1123K, capacity 1214K, committed 1280K, reserved 1048576K
}

Deoptimization events (8 events):
Event: 0.375 Thread 0x0000000002e05800 Uncommon trap: reason=unstable_if action=reinterpret pc=0x0000000003012fe0 method=java.lang.String.hashCode()I @ 14
Event: 1.268 Thread 0x0000000002e05800 Uncommon trap: reason=unstable_if action=reinterpret pc=0x000000000311c4c8 method=java.net.URI.match(CJJ)Z @ 19
Event: 1.298 Thread 0x0000000002e05800 Uncommon trap: reason=unstable_if action=reinterpret pc=0x00000000030d683c method=java.lang.String.indexOf([CII[CIII)I @ 3
Event: 2.016 Thread 0x0000000002e05800 Uncommon trap: reason=class_check action=maybe_recompile pc=0x0000000003123730 method=sun.misc.URLClassPath.getLoader(I)Lsun/misc/URLClassPath$Loader; @ 94
Event: 2.018 Thread 0x0000000002e05800 Uncommon trap: reason=class_check action=maybe_recompile pc=0x0000000003123730 method=sun.misc.URLClassPath.getLoader(I)Lsun/misc/URLClassPath$Loader; @ 94
Event: 2.912 Thread 0x0000000002e05800 Uncommon trap: reason=unstable_if action=reinterpret pc=0x00000000031e86c4 method=org.sikuli.basics.AnimatorTimeValueFunction.isEnd(J)Z @ 6
Event: 3.311 Thread 0x0000000002e05800 Uncommon trap: reason=unstable_if action=reinterpret pc=0x0000000003245e1c method=java.awt.image.ComponentColorModel.getDataElements(ILjava/lang/Object;)Ljava/lang/Object; @ 30
Event: 3.312 Thread 0x0000000002e05800 Uncommon trap: reason=unstable_if action=reinterpret pc=0x0000000003225838 method=sun.awt.image.ByteInterleavedRaster.getDataElements(IILjava/lang/Object;)Ljava/lang/Object; @ 43

Classes redefined (0 events):
No events

Internal exceptions (10 events):
Event: 1.274 Thread 0x0000000002e05800 Exception <a 'java/lang/ClassNotFoundException': sun/net/www/protocol/c/Handler> (0x00000000d6b89110) thrown at [C:\jenkins\workspace\8-2-build-windows-amd64-cygwin\jdk8u251\737\hotspot\src\share\vm\classfile\systemDictionary.cpp, line 210]
Event: 2.081 Thread 0x0000000002e05800 Exception <a 'java/security/PrivilegedActionException'> (0x00000000d6f0a5b8) thrown at [C:\jenkins\workspace\8-2-build-windows-amd64-cygwin\jdk8u251\737\hotspot\src\share\vm\prims\jvm.cpp, line 1502]
Event: 2.081 Thread 0x0000000002e05800 Exception <a 'java/security/PrivilegedActionException'> (0x00000000d6f0a9b0) thrown at [C:\jenkins\workspace\8-2-build-windows-amd64-cygwin\jdk8u251\737\hotspot\src\share\vm\prims\jvm.cpp, line 1502]
Event: 2.083 Thread 0x0000000002e05800 Exception <a 'java/security/PrivilegedActionException'> (0x00000000d6f0e9f0) thrown at [C:\jenkins\workspace\8-2-build-windows-amd64-cygwin\jdk8u251\737\hotspot\src\share\vm\prims\jvm.cpp, line 1502]
Event: 2.083 Thread 0x0000000002e05800 Exception <a 'java/security/PrivilegedActionException'> (0x00000000d6f0ede8) thrown at [C:\jenkins\workspace\8-2-build-windows-amd64-cygwin\jdk8u251\737\hotspot\src\share\vm\prims\jvm.cpp, line 1502]
Event: 2.249 Thread 0x0000000002e05800 Exception <a 'java/lang/ArrayIndexOutOfBoundsException'> (0x00000000d706a7b0) thrown at [C:\jenkins\workspace\8-2-build-windows-amd64-cygwin\jdk8u251\737\hotspot\src\share\vm\runtime\sharedRuntime.cpp, line 605]
Event: 2.250 Thread 0x0000000002e05800 Exception <a 'java/lang/ArrayIndexOutOfBoundsException'> (0x00000000d706b4a0) thrown at [C:\jenkins\workspace\8-2-build-windows-amd64-cygwin\jdk8u251\737\hotspot\src\share\vm\runtime\sharedRuntime.cpp, line 605]
Event: 2.251 Thread 0x0000000002e05800 Exception <a 'java/lang/ArrayIndexOutOfBoundsException'> (0x00000000d706ccd8) thrown at [C:\jenkins\workspace\8-2-build-windows-amd64-cygwin\jdk8u251\737\hotspot\src\share\vm\runtime\sharedRuntime.cpp, line 605]
Event: 2.330 Thread 0x0000000002e05800 Exception <a 'java/lang/ArrayIndexOutOfBoundsException'> (0x00000000d72c9290) thrown at [C:\jenkins\workspace\8-2-build-windows-amd64-cygwin\jdk8u251\737\hotspot\src\share\vm\runtime\sharedRuntime.cpp, line 605]
Event: 3.312 Thread 0x0000000002e05800 Implicit null exception at 0x00000000032255c0 to 0x000000000322581d

Events (10 events):
Event: 3.312 Thread 0x0000000002e05800 DEOPT PACKING pc=0x0000000003225838 sp=0x0000000002d8ea10
Event: 3.312 Thread 0x0000000002e05800 DEOPT UNPACKING pc=0x0000000002f4583b sp=0x0000000002d8e9a0 mode 2
Event: 3.319 loading class org/sikuli/natives/FindResults
Event: 3.319 loading class org/sikuli/natives/FindResults done
Event: 3.337 loading class org/sikuli/natives/FindResult
Event: 3.337 loading class org/sikuli/natives/FindResult done
Event: 3.338 loading class org/sikuli/script/Match
Event: 3.338 loading class org/sikuli/script/Match done
Event: 3.339 loading class org/sikuli/script/TextRecognizer
Event: 3.339 loading class org/sikuli/script/TextRecognizer done


Dynamic libraries:
0x00007ff65c1f0000 - 0x00007ff65c227000 	C:\Program Files\Java\jre1.8.0_251\bin\javaw.exe
0x00007ffc42460000 - 0x00007ffc42650000 	C:\Windows\SYSTEM32\ntdll.dll
0x00007ffc367e0000 - 0x00007ffc367f3000 	C:\Program Files\Avast Software\Avast\aswhook.dll
0x00007ffc411e0000 - 0x00007ffc41292000 	C:\Windows\System32\KERNEL32.DLL
0x00007ffc3f7c0000 - 0x00007ffc3fa64000 	C:\Windows\System32\KERNELBASE.dll
0x00007ffc417e0000 - 0x00007ffc41883000 	C:\Windows\System32\ADVAPI32.dll
0x00007ffc41730000 - 0x00007ffc417ce000 	C:\Windows\System32\msvcrt.dll
0x00007ffc40510000 - 0x00007ffc405a7000 	C:\Windows\System32\sechost.dll
0x00007ffc42300000 - 0x00007ffc42420000 	C:\Windows\System32\RPCRT4.dll
0x00007ffc41380000 - 0x00007ffc41514000 	C:\Windows\System32\USER32.dll
0x00007ffc3f670000 - 0x00007ffc3f691000 	C:\Windows\System32\win32u.dll
0x00007ffc40a20000 - 0x00007ffc40a46000 	C:\Windows\System32\GDI32.dll
0x00007ffc3f4d0000 - 0x00007ffc3f664000 	C:\Windows\System32\gdi32full.dll
0x00007ffc3f6a0000 - 0x00007ffc3f73e000 	C:\Windows\System32\msvcp_win.dll
0x00007ffc3fa70000 - 0x00007ffc3fb6a000 	C:\Windows\System32\ucrtbase.dll
0x00007ffc36270000 - 0x00007ffc364f4000 	C:\Windows\WinSxS\amd64_microsoft.windows.common-controls_6595b64144ccf1df_6.0.18362.836_none_e6c4b943130f18ed\COMCTL32.dll
0x00007ffc40680000 - 0x00007ffc409b6000 	C:\Windows\System32\combase.dll
0x00007ffc3f740000 - 0x00007ffc3f7c0000 	C:\Windows\System32\bcryptPrimitives.dll
0x00007ffc41140000 - 0x00007ffc4116e000 	C:\Windows\System32\IMM32.DLL
0x0000000059050000 - 0x0000000059122000 	C:\Program Files\Java\jre1.8.0_251\bin\msvcr100.dll
0x00000000592c0000 - 0x0000000059b6b000 	C:\Program Files\Java\jre1.8.0_251\bin\server\jvm.dll
0x00007ffc41720000 - 0x00007ffc41728000 	C:\Windows\System32\PSAPI.DLL
0x00007ffc35610000 - 0x00007ffc35619000 	C:\Windows\SYSTEM32\WSOCK32.dll
0x00007ffc41310000 - 0x00007ffc4137f000 	C:\Windows\System32\WS2_32.dll
0x00007ffc36ec0000 - 0x00007ffc36ee4000 	C:\Windows\SYSTEM32\WINMM.dll
0x00007ffc3de40000 - 0x00007ffc3de4a000 	C:\Windows\SYSTEM32\VERSION.dll
0x00007ffc36e90000 - 0x00007ffc36ebd000 	C:\Windows\SYSTEM32\WINMMBASE.dll
0x00007ffc3f480000 - 0x00007ffc3f4ca000 	C:\Windows\System32\cfgmgr32.dll
0x00007ffc3d2c0000 - 0x00007ffc3d2cf000 	C:\Program Files\Java\jre1.8.0_251\bin\verify.dll
0x00007ffc2af10000 - 0x00007ffc2af39000 	C:\Program Files\Java\jre1.8.0_251\bin\java.dll
0x00007ffc3ae20000 - 0x00007ffc3ae36000 	C:\Program Files\Java\jre1.8.0_251\bin\zip.dll
0x00007ffc40a50000 - 0x00007ffc41134000 	C:\Windows\System32\SHELL32.dll
0x00007ffc41d00000 - 0x00007ffc41da9000 	C:\Windows\System32\shcore.dll
0x00007ffc3fc20000 - 0x00007ffc4039e000 	C:\Windows\System32\windows.storage.dll
0x00007ffc3f3c0000 - 0x00007ffc3f3e3000 	C:\Windows\System32\profapi.dll
0x00007ffc3f350000 - 0x00007ffc3f39a000 	C:\Windows\System32\powrprof.dll
0x00007ffc3f320000 - 0x00007ffc3f330000 	C:\Windows\System32\UMPDC.dll
0x00007ffc409c0000 - 0x00007ffc40a12000 	C:\Windows\System32\shlwapi.dll
0x00007ffc3f3a0000 - 0x00007ffc3f3b1000 	C:\Windows\System32\kernel.appcore.dll
0x00007ffc403a0000 - 0x00007ffc403b7000 	C:\Windows\System32\cryptsp.dll
0x00007ffc04210000 - 0x00007ffc043aa000 	C:\Program Files\Java\jre1.8.0_251\bin\awt.dll
0x00007ffc405b0000 - 0x00007ffc40674000 	C:\Windows\System32\OLEAUT32.dll
0x00007ffc3d230000 - 0x00007ffc3d2bf000 	C:\Windows\SYSTEM32\apphelp.dll
0x00007ffc3d860000 - 0x00007ffc3d88d000 	C:\Windows\system32\DWMAPI.DLL
0x00007ffc3d320000 - 0x00007ffc3d3b9000 	C:\Windows\system32\uxtheme.dll
0x00007ffc2d000000 - 0x00007ffc2d156000 	C:\Windows\system32\opengl32.dll
0x00007ffc37e90000 - 0x00007ffc37ebc000 	C:\Windows\SYSTEM32\GLU32.dll
0x00007ffc3df90000 - 0x00007ffc3dfb0000 	C:\Windows\SYSTEM32\dxcore.dll
0x00007ffc41db0000 - 0x00007ffc41ee6000 	C:\Windows\System32\MSCTF.dll
0x00007ffc41520000 - 0x00007ffc41677000 	C:\Windows\System32\ole32.dll
0x00007ffc3e6a0000 - 0x00007ffc3e6d3000 	C:\Windows\system32\rsaenh.dll
0x00007ffc3f450000 - 0x00007ffc3f476000 	C:\Windows\System32\bcrypt.dll
0x00007ffc3f210000 - 0x00007ffc3f235000 	C:\Windows\SYSTEM32\USERENV.dll
0x00007ffc3ed00000 - 0x00007ffc3ed0c000 	C:\Windows\SYSTEM32\CRYPTBASE.dll
0x00007ffc39160000 - 0x00007ffc3917a000 	C:\Program Files\Java\jre1.8.0_251\bin\net.dll
0x00007ffc3eb30000 - 0x00007ffc3eb97000 	C:\Windows\system32\mswsock.dll
0x00007ffc3e840000 - 0x00007ffc3e87a000 	C:\Windows\SYSTEM32\IPHLPAPI.DLL
0x00007ffc411d0000 - 0x00007ffc411d8000 	C:\Windows\System32\NSI.dll
0x00007ffc39a20000 - 0x00007ffc39a36000 	C:\Windows\SYSTEM32\dhcpcsvc6.DLL
0x00007ffc39970000 - 0x00007ffc3998c000 	C:\Windows\SYSTEM32\dhcpcsvc.DLL
0x00007ffc3e880000 - 0x00007ffc3e94b000 	C:\Windows\SYSTEM32\DNSAPI.dll
0x00007ffc30df0000 - 0x00007ffc30e02000 	C:\Program Files\Java\jre1.8.0_251\bin\nio.dll
0x00007ffc2ae60000 - 0x00007ffc2ae89000 	C:\Users\user\AppData\Local\Temp\BridJExtractedLibraries1554864085737692109\bridj.dll
0x00000000681c0000 - 0x0000000068224000 	C:\Users\user\AppData\Roaming\Sikulix\SikulixLibs_201510081336\VisionProxy.dll
0x0000000061440000 - 0x000000006145a000 	C:\Users\user\AppData\Roaming\Sikulix\SikulixLibs_201510081336\libgcc_s_seh-1.dll
0x000000006fc40000 - 0x000000006fd2a000 	C:\Users\user\AppData\Roaming\Sikulix\SikulixLibs_201510081336\libstdc++-6.dll
0x00000000631c0000 - 0x0000000063295000 	C:\Users\user\AppData\Roaming\Sikulix\SikulixLibs_201510081336\libopencv_highgui248.dll
0x0000000065d80000 - 0x0000000065fd7000 	C:\Users\user\AppData\Roaming\Sikulix\SikulixLibs_201510081336\libopencv_imgproc248.dll
0x000000006fd80000 - 0x000000006ff7e000 	C:\Users\user\AppData\Roaming\Sikulix\SikulixLibs_201510081336\libopencv_core248.dll
0x0000000068a00000 - 0x0000000068d9e000 	C:\Users\user\AppData\Roaming\Sikulix\SikulixLibs_201510081336\libtesseract-3.dll
0x0000000064940000 - 0x0000000064955000 	C:\Users\user\AppData\Roaming\Sikulix\SikulixLibs_201510081336\libwinpthread-1.dll
0x000000006ef80000 - 0x000000006f135000 	C:\Users\user\AppData\Roaming\Sikulix\SikulixLibs_201510081336\liblept-3.dll
0x0000000061a00000 - 0x0000000061a32000 	C:\Users\user\AppData\Roaming\Sikulix\SikulixLibs_201510081336\libpng14-14.dll
0x0000000065500000 - 0x0000000065523000 	C:\Users\user\AppData\Roaming\Sikulix\SikulixLibs_201510081336\libz-1.dll
0x00007ffc38590000 - 0x00007ffc38784000 	C:\Windows\SYSTEM32\dbghelp.dll

VM Arguments:
jvm_args: -Dfile.encoding=Cp1252 
java_command: sikuli.TessaractFinal
java_class_path (initial): C:\Users\user\eclipse-workspace\sikuli\target\test-classes;C:\Users\user\eclipse-workspace\sikuli\target\classes;C:\Users\user\.m2\repository\net\sourceforge\tess4j\tess4j\4.2.1\tess4j-4.2.1.jar;C:\Users\user\.m2\repository\net\java\dev\jna\jna\4.1.0\jna-4.1.0.jar;C:\Users\user\.m2\repository\com\github\jai-imageio\jai-imageio-core\1.4.0\jai-imageio-core-1.4.0.jar;C:\Users\user\.m2\repository\org\ghost4j\ghost4j\1.0.1\ghost4j-1.0.1.jar;C:\Users\user\.m2\repository\log4j\log4j\1.2.17\log4j-1.2.17.jar;C:\Users\user\.m2\repository\commons-beanutils\commons-beanutils\1.9.2\commons-beanutils-1.9.2.jar;C:\Users\user\.m2\repository\commons-collections\commons-collections\3.2.1\commons-collections-3.2.1.jar;C:\Users\user\.m2\repository\org\apache\xmlgraphics\xmlgraphics-commons\1.4\xmlgraphics-commons-1.4.jar;C:\Users\user\.m2\repository\com\lowagie\itext\2.1.7\itext-2.1.7.jar;C:\Users\user\.m2\repository\org\apache\pdfbox\pdfbox\2.0.11\pdfbox-2.0.11.jar;C:\Users\user\.m2\repository\org\apache\pdfbox\fontbox\2.0.11\fontbox-2.0.11.jar;C:\Users\user\.m2\repository\commons-logging\commons-logging\1.2\commons-logging-1.2.jar;C:\Users\user\.m2\repository\org\apache\pdfbox\pdfbox-tools\2.0.11\pdfbox-tools-2.0.11.jar;C:\Users\user\.m2\repository\org\apache\pdfbox\pdfbox-debugger\2.0.11\pdfbox-debugger-2.0.11.jar;C:\Users\user\.m2\repository\org\apache\pdfbox\jbig2-imageio\3.0.1\jbig2-imageio-3.0.1.jar;C:\Users\user\.m2\repository\commons-io\commons-io\2.6\commons-io-2.6.jar;C:\Users\user\.m2\repository\net\sourceforge\lept4j\lept4j\1.10.0\lept4j-1.10.0.jar;C:\Users\user\.m2\repository\org\jboss\jboss-vfs\3.2.13.Final\jboss-vfs-3.2.13.Final.jar;C:\Users\user\.m2\repository\org\jboss\logging\jboss-logging\3.1.4.GA\jboss-logging-3.1.4.GA.jar;C:\Users\user\.m2\repository\ch\qos\logback\logback-classic\1.2.3\logback-classic-1.2.3.jar;C:\Users\user\.m2\repository\ch\qos\logback\logback-core\1.2.3\logback-core-1.2.3.jar;C:\Users\user\.m2\repository\org\slf4j\
Launcher Type: SUN_STANDARD

Environment Variables:
JAVA_HOME=C:\Program Files\Java\jdk1.8.0_251
PATH=C:\Users\user\AppData\Roaming\Sikulix\SikulixLibs_201510081336;C:/Program Files/Java/jre1.8.0_251/bin/server;C:/Program Files/Java/jre1.8.0_251/bin;C:/Program Files/Java/jre1.8.0_251/lib/amd64;C:\Program Files (x86)\Common Files\Oracle\Java\javapath;D:\Program Files\Java\jdk-14.0.1;C:\Windows\system32;C:\Windows;C:\Windows\System32\Wbem;C:\Windows\System32\WindowsPowerShell\v1.0\;C:\Windows\System32\OpenSSH\;C:\Program Files\Java\jdk1.8.0_251bin;C:\Program Files\nodejs\;C:\Program Files\nodejs\node_modules\npm\bin;C:\Program Files\Git\cmd;F:\sikulisetup\sikulisetup\libs;G:\sikulisetup\libs;C:\Users\user\AppData\Local\Microsoft\WindowsApps;C:\Program Files\Java\jdk1.8.0_251;C:\Program Files\Android\Android Studio\bin;C:\Program Files\Java\jre1.8.0_251;G:\Flutter\Flutter\DownloadFlutter\flutter\bin;C:\Users\user\AppData\Roaming\npm;C:\Program Files\nodejs\node_modules\npm\bin;;C:\Users\user\AppData\Local\Programs\Microsoft VS Code\bin;C:\Windows\System32;
USERNAME=user
OS=Windows_NT
PROCESSOR_IDENTIFIER=Intel64 Family 6 Model 58 Stepping 9, GenuineIntel



---------------  S Y S T E M  ---------------

OS: Windows 10.0 , 64 bit Build 18362 (10.0.18362.778)

CPU:total 4 (initial active 4) (2 cores per cpu, 2 threads per core) family 6 model 58 stepping 9, cmov, cx8, fxsr, mmx, sse, sse2, sse3, ssse3, sse4.1, sse4.2, popcnt, avx, aes, clmul, erms, ht, tsc, tscinvbit, tscinv

Memory: 4k page, physical 8273256k(1472236k free), swap 15017000k(2309080k free)

vm_info: Java HotSpot(TM) 64-Bit Server VM (25.251-b08) for windows-amd64 JRE (1.8.0_251-b08), built on Mar 12 2020 06:31:49 by "" with MS VC++ 10.0 (VS2010)

time: Thu Jun 04 20:24:03 2020
timezone: India Standard Time
elapsed time: 3 seconds (0d 0h 0m 3s)

