#
# A fatal error has been detected by the Java Runtime Environment:
#
#  EXCEPTION_ACCESS_VIOLATION (0xc0000005) at pc=0x0000000068b89732, pid=16244, tid=0x00000000000020e4
#
# JRE version: Java(TM) SE Runtime Environment (8.0_251-b08) (build 1.8.0_251-b08)
# Java VM: Java HotSpot(TM) 64-Bit Server VM (25.251-b08 mixed mode windows-amd64 compressed oops)
# Problematic frame:
# C  [libtesseract-3.dll+0x189732]
#
# Failed to write core dump. Minidumps are not enabled by default on client versions of Windows
#
# If you would like to submit a bug report, please visit:
#   http://bugreport.java.com/bugreport/crash.jsp
# The crash happened outside the Java Virtual Machine in native code.
# See problematic frame for where to report the bug.
#

---------------  T H R E A D  ---------------

Current thread (0x0000000002425800):  JavaThread "main" [_thread_in_native, id=8420, stack(0x0000000002320000,0x0000000002420000)]

siginfo: ExceptionCode=0xc0000005, reading address 0x0000000000000000

Registers:
RAX=0x0000000000000000, RBX=0x000000000241eb10, RCX=0x00000000ffffffff, RDX=0x0000000000000002
RSP=0x000000000241eae0, RBP=0x0000000068c06860, RSI=0x0000000000000002, RDI=0x000000000241eb58
R8 =0x000000000000006e, R9 =0x0000000000000000, R10=0x000000000000001b, R11=0x00000000202f71e1
R12=0x0000000068d38260, R13=0x0000000020f50080, R14=0x0000000000000000, R15=0x000000000241efe0
RIP=0x0000000068b89732, EFLAGS=0x0000000000010246

Top of Stack: (sp=0x000000000241eae0)
0x000000000241eae0:   000000000241eb10 00007ffc417bfa60
0x000000000241eaf0:   0000000000000002 000000000241eb58
0x000000000241eb00:   000000000241ec30 000000000241ef60
0x000000000241eb10:   745f6c6175746361 5f61746164737365
0x000000000241eb20:   72746e655f6d756e 203d3c205f736569
0x000000000241eb30:   4154414453534554 544e455f4d554e5f
0x000000000241eb40:   7272453a53454952 72657373413a726f
0x000000000241eb50:   64656c6961662074 656c6966206e693a
0x000000000241eb60:   7461647373657420 726567616e616d61
0x000000000241eb70:   696c202c7070632e 00000a303520656e
0x000000000241eb80:   0000000000000000 00007ffcab0005ae
0x000000000241eb90:   0000000000001010 0000000000000000
0x000000000241eba0:   00000000000008d4 0000000080000000
0x000000000241ebb0:   0000000000000010 0000000000971e22
0x000000000241ebc0:   00000000ab0005ae 00000000007cf000
0x000000000241ebd0:   00000000ab0005ae 0000000000a800a6 

Instructions: (pc=0x0000000068b89732)
0x0000000068b89712:   ff 15 e0 e8 20 00 48 8d 50 60 48 89 d9 e8 5c 65
0x0000000068b89722:   01 00 83 fe ff 7c 14 85 f6 7e 2d 83 fe 02 7f 0b
0x0000000068b89732:   8b 04 25 00 00 00 00 85 c0 74 3d 48 8d 15 a9 cd
0x0000000068b89742:   07 00 48 8d 0d d5 e9 1a 00 45 31 c9 41 b8 02 00 


Register to memory mapping:

RAX=0x0000000000000000 is an unknown value
RBX=0x000000000241eb10 is pointing into the stack for thread: 0x0000000002425800
RCX=0x00000000ffffffff is an unallocated location in the heap
RDX=0x0000000000000002 is an unknown value
RSP=0x000000000241eae0 is pointing into the stack for thread: 0x0000000002425800
RBP=0x0000000068c06860 is an unknown value
RSI=0x0000000000000002 is an unknown value
RDI=0x000000000241eb58 is pointing into the stack for thread: 0x0000000002425800
R8 =0x000000000000006e is an unknown value
R9 =0x0000000000000000 is an unknown value
R10=0x000000000000001b is an unknown value
R11=0x00000000202f71e1 is an unknown value
R12=0x0000000068d38260 is an unknown value
R13=0x0000000020f50080 is an unknown value
R14=0x0000000000000000 is an unknown value
R15=0x000000000241efe0 is pointing into the stack for thread: 0x0000000002425800


Stack: [0x0000000002320000,0x0000000002420000],  sp=0x000000000241eae0,  free space=1018k
Native frames: (J=compiled Java code, j=interpreted, Vv=VM code, C=native code)
C  [libtesseract-3.dll+0x189732]
C  [libtesseract-3.dll+0x18b1b4]
C  [libtesseract-3.dll+0x42123]
C  [libtesseract-3.dll+0x428fc]
C  [libtesseract-3.dll+0x43316]
C  [libtesseract-3.dll+0x1f1a]
C  [VisionProxy.dll+0x1e889]
C  [VisionProxy.dll+0x2ccc3]
C  [VisionProxy.dll+0x35c11]
C  0x0000000002538c67

Java frames: (J=compiled Java code, j=interpreted, Vv=VM code)
j  org.sikuli.natives.VisionProxyJNI.Vision_initOCR(Ljava/lang/String;)V+0
j  org.sikuli.natives.Vision.initOCR(Ljava/lang/String;)V+1
j  org.sikuli.script.TextRecognizer.init()V+171
j  org.sikuli.script.TextRecognizer.<init>()V+5
j  org.sikuli.script.TextRecognizer.getInstance()Lorg/sikuli/script/TextRecognizer;+10
j  org.sikuli.script.Region.text()Ljava/lang/String;+32
j  sikuli.Text.main([Ljava/lang/String;)V+113
v  ~StubRoutines::call_stub

---------------  P R O C E S S  ---------------

Java Threads: ( => current thread )
  0x0000000019252800 JavaThread "AWT-EventQueue-0" [_thread_blocked, id=10480, stack(0x0000000020710000,0x0000000020810000)]
  0x000000001924e800 JavaThread "AWT-Shutdown" [_thread_blocked, id=15064, stack(0x000000001f280000,0x000000001f380000)]
  0x000000001924f800 JavaThread "AWT-Windows" daemon [_thread_in_native, id=9128, stack(0x000000001f380000,0x000000001f480000)]
  0x00000000192a7800 JavaThread "Java2D Disposer" daemon [_thread_blocked, id=3108, stack(0x000000001f180000,0x000000001f280000)]
  0x0000000019a96000 JavaThread "AsyncHttpClient-3-3" [_thread_in_native, id=16604, stack(0x000000001de70000,0x000000001df70000)]
  0x000000001707e000 JavaThread "AsyncHttpClient-3-2" [_thread_in_native, id=16600, stack(0x000000001b850000,0x000000001b950000)]
  0x00000000190cc800 JavaThread "AsyncHttpClient-3-1" [_thread_in_native, id=15436, stack(0x000000001bd50000,0x000000001be50000)]
  0x000000001a3e1800 JavaThread "Exec Stream Pumper" daemon [_thread_in_native, id=11504, stack(0x000000001b750000,0x000000001b850000)]
  0x000000001a3de800 JavaThread "Exec Stream Pumper" daemon [_thread_in_native, id=12540, stack(0x000000001b650000,0x000000001b750000)]
  0x0000000019e19800 JavaThread "UrlChecker-2" daemon [_thread_blocked, id=15780, stack(0x000000001b450000,0x000000001b550000)]
  0x0000000019c92000 JavaThread "Exec Default Executor" daemon [_thread_in_native, id=5748, stack(0x000000001b020000,0x000000001b120000)]
  0x0000000019a03000 JavaThread "AsyncHttpClient-timer-1-1" [_thread_blocked, id=16204, stack(0x000000001b150000,0x000000001b250000)]
  0x00000000189f8800 JavaThread "Service Thread" daemon [_thread_blocked, id=2080, stack(0x0000000018dd0000,0x0000000018ed0000)]
  0x0000000017062000 JavaThread "C1 CompilerThread2" daemon [_thread_blocked, id=14112, stack(0x00000000188d0000,0x00000000189d0000)]
  0x000000001705a000 JavaThread "C2 CompilerThread1" daemon [_thread_blocked, id=7932, stack(0x00000000187d0000,0x00000000188d0000)]
  0x0000000017056000 JavaThread "C2 CompilerThread0" daemon [_thread_blocked, id=9600, stack(0x00000000186d0000,0x00000000187d0000)]
  0x0000000017053800 JavaThread "Attach Listener" daemon [_thread_blocked, id=10488, stack(0x00000000185d0000,0x00000000186d0000)]
  0x0000000017052800 JavaThread "Signal Dispatcher" daemon [_thread_blocked, id=11692, stack(0x00000000184d0000,0x00000000185d0000)]
  0x0000000017040000 JavaThread "Finalizer" daemon [_thread_blocked, id=6196, stack(0x00000000182d0000,0x00000000183d0000)]
  0x0000000002515000 JavaThread "Reference Handler" daemon [_thread_blocked, id=4656, stack(0x00000000181d0000,0x00000000182d0000)]
=>0x0000000002425800 JavaThread "main" [_thread_in_native, id=8420, stack(0x0000000002320000,0x0000000002420000)]

Other Threads:
  0x0000000017018000 VMThread [stack: 0x00000000180d0000,0x00000000181d0000] [id=11796]
  0x0000000018a03000 WatcherThread [stack: 0x0000000018ed0000,0x0000000018fd0000] [id=3296]

VM state:not at safepoint (normal execution)

VM Mutex/Monitor currently owned by a thread: None

heap address: 0x0000000081c00000, size: 2020 MB, Compressed Oops mode: 32-bit
Narrow klass base: 0x0000000000000000, Narrow klass shift: 3
Compressed class space size: 1073741824 Address: 0x0000000100000000

Heap:
 PSYoungGen      total 81920K, used 26614K [0x00000000d5f00000, 0x00000000dd100000, 0x0000000100000000)
  eden space 51200K, 18% used [0x00000000d5f00000,0x00000000d68337d8,0x00000000d9100000)
  from space 30720K, 55% used [0x00000000dae00000,0x00000000dbeca040,0x00000000dcc00000)
  to   space 29696K, 0% used [0x00000000d9100000,0x00000000d9100000,0x00000000dae00000)
 ParOldGen       total 90112K, used 46180K [0x0000000081c00000, 0x0000000087400000, 0x00000000d5f00000)
  object space 90112K, 51% used [0x0000000081c00000,0x0000000084919360,0x0000000087400000)
 Metaspace       used 24599K, capacity 25422K, committed 25600K, reserved 1071104K
  class space    used 3093K, capacity 3313K, committed 3328K, reserved 1048576K

Card table byte_map: [0x00000000118e0000,0x0000000011ce0000] byte_map_base: 0x00000000114d2000

Marking Bits: (ParMarkBitMap*) 0x0000000059aeaf90
 Begin Bits: [0x0000000012390000, 0x0000000014320000)
 End Bits:   [0x0000000014320000, 0x00000000162b0000)

Polling page: 0x00000000008c0000

CodeCache: size=245760Kb used=5640Kb max_used=5651Kb free=240119Kb
 bounds [0x0000000002520000, 0x0000000002ac0000, 0x0000000011520000]
 total_blobs=2291 nmethods=1716 adapters=487
 compilation: enabled

Compilation events (10 events):
Event: 30.806 Thread 0x0000000017062000 nmethod 1933 0x000000000279a2d0 code [0x000000000279a4e0, 0x000000000279b158]
Event: 30.806 Thread 0x0000000017062000 1934       3       org.sikuli.basics.AnimatorTimeValueFunction::isEnd (15 bytes)
Event: 30.807 Thread 0x0000000017062000 nmethod 1934 0x000000000291d850 code [0x000000000291d9a0, 0x000000000291db50]
Event: 30.807 Thread 0x000000001705a000 nmethod 1931 0x00000000026b3210 code [0x00000000026b3400, 0x00000000026b40b0]
Event: 31.146 Thread 0x0000000017056000 1935       4       org.sikuli.script.RobotDesktop::doMouseMove (7 bytes)
Event: 31.146 Thread 0x000000001705a000 1936       4       org.sikuli.script.RobotDesktop::delay (31 bytes)
Event: 31.149 Thread 0x000000001705a000 nmethod 1936 0x00000000026b16d0 code [0x00000000026b1840, 0x00000000026b1b78]
Event: 31.150 Thread 0x0000000017056000 nmethod 1935 0x00000000028f2110 code [0x00000000028f2280, 0x00000000028f2688]
Event: 31.215 Thread 0x000000001705a000 1937       4       org.sikuli.basics.AnimatorTimeBased::step (85 bytes)
Event: 31.219 Thread 0x000000001705a000 nmethod 1937 0x0000000002674390 code [0x0000000002674500, 0x00000000026746a8]

GC Heap History (10 events):
Event: 6.796 GC heap before
{Heap before GC invocations=3 (full 0):
 PSYoungGen      total 38400K, used 38386K [0x00000000d5f00000, 0x00000000daa00000, 0x0000000100000000)
  eden space 33280K, 100% used [0x00000000d5f00000,0x00000000d7f80000,0x00000000d7f80000)
  from space 5120K, 99% used [0x00000000d8480000,0x00000000d897cba8,0x00000000d8980000)
  to   space 5120K, 0% used [0x00000000d7f80000,0x00000000d7f80000,0x00000000d8480000)
 ParOldGen       total 87552K, used 4042K [0x0000000081c00000, 0x0000000087180000, 0x00000000d5f00000)
  object space 87552K, 4% used [0x0000000081c00000,0x0000000081ff2a10,0x0000000087180000)
 Metaspace       used 19421K, capacity 20124K, committed 20480K, reserved 1067008K
  class space    used 2510K, capacity 2706K, committed 2816K, reserved 1048576K
Event: 6.808 GC heap after
Heap after GC invocations=3 (full 0):
 PSYoungGen      total 38400K, used 5090K [0x00000000d5f00000, 0x00000000d8980000, 0x0000000100000000)
  eden space 33280K, 0% used [0x00000000d5f00000,0x00000000d5f00000,0x00000000d7f80000)
  from space 5120K, 99% used [0x00000000d7f80000,0x00000000d8478ba8,0x00000000d8480000)
  to   space 5120K, 0% used [0x00000000d8480000,0x00000000d8480000,0x00000000d8980000)
 ParOldGen       total 87552K, used 7845K [0x0000000081c00000, 0x0000000087180000, 0x00000000d5f00000)
  object space 87552K, 8% used [0x0000000081c00000,0x00000000823a95e8,0x0000000087180000)
 Metaspace       used 19421K, capacity 20124K, committed 20480K, reserved 1067008K
  class space    used 2510K, capacity 2706K, committed 2816K, reserved 1048576K
}
Event: 16.723 GC heap before
{Heap before GC invocations=4 (full 0):
 PSYoungGen      total 38400K, used 32429K [0x00000000d5f00000, 0x00000000d8980000, 0x0000000100000000)
  eden space 33280K, 82% used [0x00000000d5f00000,0x00000000d79b2930,0x00000000d7f80000)
  from space 5120K, 99% used [0x00000000d7f80000,0x00000000d8478ba8,0x00000000d8480000)
  to   space 5120K, 0% used [0x00000000d8480000,0x00000000d8480000,0x00000000d8980000)
 ParOldGen       total 87552K, used 7845K [0x0000000081c00000, 0x0000000087180000, 0x00000000d5f00000)
  object space 87552K, 8% used [0x0000000081c00000,0x00000000823a95e8,0x0000000087180000)
 Metaspace       used 20415K, capacity 21194K, committed 21296K, reserved 1067008K
  class space    used 2661K, capacity 2887K, committed 2944K, reserved 1048576K
Event: 16.742 GC heap after
Heap after GC invocations=4 (full 0):
 PSYoungGen      total 38400K, used 5088K [0x00000000d5f00000, 0x00000000d8980000, 0x0000000100000000)
  eden space 33280K, 0% used [0x00000000d5f00000,0x00000000d5f00000,0x00000000d7f80000)
  from space 5120K, 99% used [0x00000000d8480000,0x00000000d8978030,0x00000000d8980000)
  to   space 5120K, 0% used [0x00000000d7f80000,0x00000000d7f80000,0x00000000d8480000)
 ParOldGen       total 87552K, used 25844K [0x0000000081c00000, 0x0000000087180000, 0x00000000d5f00000)
  object space 87552K, 29% used [0x0000000081c00000,0x000000008353d060,0x0000000087180000)
 Metaspace       used 20415K, capacity 21194K, committed 21296K, reserved 1067008K
  class space    used 2661K, capacity 2887K, committed 2944K, reserved 1048576K
}
Event: 16.742 GC heap before
{Heap before GC invocations=5 (full 1):
 PSYoungGen      total 38400K, used 5088K [0x00000000d5f00000, 0x00000000d8980000, 0x0000000100000000)
  eden space 33280K, 0% used [0x00000000d5f00000,0x00000000d5f00000,0x00000000d7f80000)
  from space 5120K, 99% used [0x00000000d8480000,0x00000000d8978030,0x00000000d8980000)
  to   space 5120K, 0% used [0x00000000d7f80000,0x00000000d7f80000,0x00000000d8480000)
 ParOldGen       total 87552K, used 25844K [0x0000000081c00000, 0x0000000087180000, 0x00000000d5f00000)
  object space 87552K, 29% used [0x0000000081c00000,0x000000008353d060,0x0000000087180000)
 Metaspace       used 20415K, capacity 21194K, committed 21296K, reserved 1067008K
  class space    used 2661K, capacity 2887K, committed 2944K, reserved 1048576K
Event: 16.831 GC heap after
Heap after GC invocations=5 (full 1):
 PSYoungGen      total 38400K, used 0K [0x00000000d5f00000, 0x00000000d8980000, 0x0000000100000000)
  eden space 33280K, 0% used [0x00000000d5f00000,0x00000000d5f00000,0x00000000d7f80000)
  from space 5120K, 0% used [0x00000000d8480000,0x00000000d8480000,0x00000000d8980000)
  to   space 5120K, 0% used [0x00000000d7f80000,0x00000000d7f80000,0x00000000d8480000)
 ParOldGen       total 90112K, used 24523K [0x0000000081c00000, 0x0000000087400000, 0x00000000d5f00000)
  object space 90112K, 27% used [0x0000000081c00000,0x00000000833f2d10,0x0000000087400000)
 Metaspace       used 20415K, capacity 21194K, committed 21296K, reserved 1067008K
  class space    used 2661K, capacity 2887K, committed 2944K, reserved 1048576K
}
Event: 30.454 GC heap before
{Heap before GC invocations=6 (full 1):
 PSYoungGen      total 38400K, used 30928K [0x00000000d5f00000, 0x00000000d8980000, 0x0000000100000000)
  eden space 33280K, 92% used [0x00000000d5f00000,0x00000000d7d34288,0x00000000d7f80000)
  from space 5120K, 0% used [0x00000000d8480000,0x00000000d8480000,0x00000000d8980000)
  to   space 5120K, 0% used [0x00000000d7f80000,0x00000000d7f80000,0x00000000d8480000)
 ParOldGen       total 90112K, used 24523K [0x0000000081c00000, 0x0000000087400000, 0x00000000d5f00000)
  object space 90112K, 27% used [0x0000000081c00000,0x00000000833f2d10,0x0000000087400000)
 Metaspace       used 24525K, capacity 25358K, committed 25600K, reserved 1071104K
  class space    used 3086K, capacity 3313K, committed 3328K, reserved 1048576K
Event: 30.464 GC heap after
Heap after GC invocations=6 (full 1):
 PSYoungGen      total 38400K, used 5090K [0x00000000d5f00000, 0x00000000dcc00000, 0x0000000100000000)
  eden space 33280K, 0% used [0x00000000d5f00000,0x00000000d5f00000,0x00000000d7f80000)
  from space 5120K, 99% used [0x00000000d7f80000,0x00000000d8478810,0x00000000d8480000)
  to   space 30720K, 0% used [0x00000000dae00000,0x00000000dae00000,0x00000000dcc00000)
 ParOldGen       total 90112K, used 46172K [0x0000000081c00000, 0x0000000087400000, 0x00000000d5f00000)
  object space 90112K, 51% used [0x0000000081c00000,0x0000000084917360,0x0000000087400000)
 Metaspace       used 24525K, capacity 25358K, committed 25600K, reserved 1071104K
  class space    used 3086K, capacity 3313K, committed 3328K, reserved 1048576K
}
Event: 30.657 GC heap before
{Heap before GC invocations=7 (full 1):
 PSYoungGen      total 38400K, used 38370K [0x00000000d5f00000, 0x00000000dcc00000, 0x0000000100000000)
  eden space 33280K, 100% used [0x00000000d5f00000,0x00000000d7f80000,0x00000000d7f80000)
  from space 5120K, 99% used [0x00000000d7f80000,0x00000000d8478810,0x00000000d8480000)
  to   space 30720K, 0% used [0x00000000dae00000,0x00000000dae00000,0x00000000dcc00000)
 ParOldGen       total 90112K, used 46172K [0x0000000081c00000, 0x0000000087400000, 0x00000000d5f00000)
  object space 90112K, 51% used [0x0000000081c00000,0x0000000084917360,0x0000000087400000)
 Metaspace       used 24555K, capacity 25422K, committed 25600K, reserved 1071104K
  class space    used 3087K, capacity 3313K, committed 3328K, reserved 1048576K
Event: 30.664 GC heap after
Heap after GC invocations=7 (full 1):
 PSYoungGen      total 81920K, used 17192K [0x00000000d5f00000, 0x00000000dd100000, 0x0000000100000000)
  eden space 51200K, 0% used [0x00000000d5f00000,0x00000000d5f00000,0x00000000d9100000)
  from space 30720K, 55% used [0x00000000dae00000,0x00000000dbeca040,0x00000000dcc00000)
  to   space 29696K, 0% used [0x00000000d9100000,0x00000000d9100000,0x00000000dae00000)
 ParOldGen       total 90112K, used 46180K [0x0000000081c00000, 0x0000000087400000, 0x00000000d5f00000)
  object space 90112K, 51% used [0x0000000081c00000,0x0000000084919360,0x0000000087400000)
 Metaspace       used 24555K, capacity 25422K, committed 25600K, reserved 1071104K
  class space    used 3087K, capacity 3313K, committed 3328K, reserved 1048576K
}

Deoptimization events (10 events):
Event: 26.176 Thread 0x0000000002425800 Uncommon trap: reason=bimorphic action=maybe_recompile pc=0x0000000002a76aa8 method=java.util.HashMap.putVal(ILjava/lang/Object;Ljava/lang/Object;ZZ)Ljava/lang/Object; @ 203
Event: 26.189 Thread 0x0000000002425800 Uncommon trap: reason=unloaded action=reinterpret pc=0x00000000029b0b14 method=java.net.URL.<init>(Ljava/net/URL;Ljava/lang/String;Ljava/net/URLStreamHandler;)V @ 394
Event: 26.259 Thread 0x0000000002425800 Uncommon trap: reason=class_check action=maybe_recompile pc=0x00000000029c55d4 method=sun.misc.URLClassPath.getLoader(I)Lsun/misc/URLClassPath$Loader; @ 94
Event: 26.260 Thread 0x0000000002425800 Uncommon trap: reason=class_check action=maybe_recompile pc=0x00000000029c55d4 method=sun.misc.URLClassPath.getLoader(I)Lsun/misc/URLClassPath$Loader; @ 94
Event: 26.575 Thread 0x0000000002425800 Uncommon trap: reason=bimorphic action=maybe_recompile pc=0x0000000002a76aa8 method=java.util.HashMap.putVal(ILjava/lang/Object;Ljava/lang/Object;ZZ)Ljava/lang/Object; @ 203
Event: 26.628 Thread 0x0000000002425800 Uncommon trap: reason=range_check action=make_not_entrant pc=0x00000000026a3da0 method=java.lang.String.charAt(I)C @ 27
Event: 27.357 Thread 0x0000000002425800 Uncommon trap: reason=unstable_if action=reinterpret pc=0x00000000027a5604 method=org.sikuli.basics.AnimatorTimeValueFunction.isEnd(J)Z @ 6
Event: 30.444 Thread 0x0000000002425800 Uncommon trap: reason=predicate action=maybe_recompile pc=0x0000000002979514 method=java.lang.String.regionMatches(ZILjava/lang/String;II)Z @ 63
Event: 30.678 Thread 0x0000000002425800 Uncommon trap: reason=unstable_if action=reinterpret pc=0x00000000026fac1c method=java.awt.image.ComponentColorModel.getDataElements(ILjava/lang/Object;)Ljava/lang/Object; @ 30
Event: 30.679 Thread 0x0000000002425800 Uncommon trap: reason=unstable_if action=reinterpret pc=0x000000000279e9f8 method=sun.awt.image.ByteInterleavedRaster.getDataElements(IILjava/lang/Object;)Ljava/lang/Object; @ 43

Classes redefined (0 events):
No events

Internal exceptions (10 events):
Event: 26.253 Thread 0x0000000002425800 Exception <a 'java/lang/ClassNotFoundException': sun/net/www/protocol/c/Handler> (0x00000000d6656c70) thrown at [C:\jenkins\workspace\8-2-build-windows-amd64-cygwin\jdk8u251\737\hotspot\src\share\vm\classfile\systemDictionary.cpp, line 210]
Event: 26.253 Thread 0x0000000002425800 Exception <a 'java/lang/ClassNotFoundException': sun/net/www/protocol/c/Handler> (0x00000000d6660820) thrown at [C:\jenkins\workspace\8-2-build-windows-amd64-cygwin\jdk8u251\737\hotspot\src\share\vm\classfile\systemDictionary.cpp, line 210]
Event: 26.253 Thread 0x0000000002425800 Exception <a 'java/lang/ClassNotFoundException': sun/net/www/protocol/c/Handler> (0x00000000d666a3d0) thrown at [C:\jenkins\workspace\8-2-build-windows-amd64-cygwin\jdk8u251\737\hotspot\src\share\vm\classfile\systemDictionary.cpp, line 210]
Event: 26.254 Thread 0x0000000002425800 Exception <a 'java/lang/ClassNotFoundException': sun/net/www/protocol/c/Handler> (0x00000000d6673fc8) thrown at [C:\jenkins\workspace\8-2-build-windows-amd64-cygwin\jdk8u251\737\hotspot\src\share\vm\classfile\systemDictionary.cpp, line 210]
Event: 26.254 Thread 0x0000000002425800 Exception <a 'java/lang/ClassNotFoundException': sun/net/www/protocol/c/Handler> (0x00000000d667db78) thrown at [C:\jenkins\workspace\8-2-build-windows-amd64-cygwin\jdk8u251\737\hotspot\src\share\vm\classfile\systemDictionary.cpp, line 210]
Event: 26.300 Thread 0x0000000002425800 Exception <a 'java/security/PrivilegedActionException'> (0x00000000d6828020) thrown at [C:\jenkins\workspace\8-2-build-windows-amd64-cygwin\jdk8u251\737\hotspot\src\share\vm\prims\jvm.cpp, line 1502]
Event: 26.300 Thread 0x0000000002425800 Exception <a 'java/security/PrivilegedActionException'> (0x00000000d6828418) thrown at [C:\jenkins\workspace\8-2-build-windows-amd64-cygwin\jdk8u251\737\hotspot\src\share\vm\prims\jvm.cpp, line 1502]
Event: 26.301 Thread 0x0000000002425800 Exception <a 'java/security/PrivilegedActionException'> (0x00000000d682c458) thrown at [C:\jenkins\workspace\8-2-build-windows-amd64-cygwin\jdk8u251\737\hotspot\src\share\vm\prims\jvm.cpp, line 1502]
Event: 26.301 Thread 0x0000000002425800 Exception <a 'java/security/PrivilegedActionException'> (0x00000000d682c850) thrown at [C:\jenkins\workspace\8-2-build-windows-amd64-cygwin\jdk8u251\737\hotspot\src\share\vm\prims\jvm.cpp, line 1502]
Event: 30.679 Thread 0x0000000002425800 Implicit null exception at 0x000000000279e780 to 0x000000000279e9dd

Events (10 events):
Event: 30.707 loading class org/sikuli/natives/FindResult done
Event: 30.708 loading class org/sikuli/script/Match
Event: 30.708 loading class org/sikuli/script/Match done
Event: 30.751 Thread 0x0000000002425800 DEOPT PACKING pc=0x00000000026a8243 sp=0x000000000241e670
Event: 30.751 Thread 0x0000000002425800 DEOPT UNPACKING pc=0x0000000002567890 sp=0x000000000241e410 mode 0
Event: 30.755 Thread 0x0000000002425800 DEOPT PACKING pc=0x00000000026fc882 sp=0x000000000241e710
Event: 30.755 Thread 0x0000000002425800 DEOPT UNPACKING pc=0x0000000002567890 sp=0x000000000241e4a0 mode 0
Event: 31.265 Thread 0x0000000019252800 Thread added: 0x0000000019252800
Event: 31.283 loading class org/sikuli/script/TextRecognizer
Event: 31.283 loading class org/sikuli/script/TextRecognizer done


Dynamic libraries:
0x00007ff65c1f0000 - 0x00007ff65c227000 	C:\Program Files\Java\jre1.8.0_251\bin\javaw.exe
0x00007ffc42460000 - 0x00007ffc42650000 	C:\Windows\SYSTEM32\ntdll.dll
0x00007ffc367e0000 - 0x00007ffc367f3000 	C:\Program Files\Avast Software\Avast\aswhook.dll
0x00007ffc411e0000 - 0x00007ffc41292000 	C:\Windows\System32\KERNEL32.DLL
0x00007ffc3f7c0000 - 0x00007ffc3fa64000 	C:\Windows\System32\KERNELBASE.dll
0x00007ffc417e0000 - 0x00007ffc41883000 	C:\Windows\System32\ADVAPI32.dll
0x00007ffc41730000 - 0x00007ffc417ce000 	C:\Windows\System32\msvcrt.dll
0x00007ffc40510000 - 0x00007ffc405a7000 	C:\Windows\System32\sechost.dll
0x00007ffc42300000 - 0x00007ffc42420000 	C:\Windows\System32\RPCRT4.dll
0x00007ffc41380000 - 0x00007ffc41514000 	C:\Windows\System32\USER32.dll
0x00007ffc3f670000 - 0x00007ffc3f691000 	C:\Windows\System32\win32u.dll
0x00007ffc40a20000 - 0x00007ffc40a46000 	C:\Windows\System32\GDI32.dll
0x00007ffc3f4d0000 - 0x00007ffc3f664000 	C:\Windows\System32\gdi32full.dll
0x00007ffc3f6a0000 - 0x00007ffc3f73e000 	C:\Windows\System32\msvcp_win.dll
0x00007ffc3fa70000 - 0x00007ffc3fb6a000 	C:\Windows\System32\ucrtbase.dll
0x00007ffc36270000 - 0x00007ffc364f4000 	C:\Windows\WinSxS\amd64_microsoft.windows.common-controls_6595b64144ccf1df_6.0.18362.836_none_e6c4b943130f18ed\COMCTL32.dll
0x00007ffc40680000 - 0x00007ffc409b6000 	C:\Windows\System32\combase.dll
0x00007ffc3f740000 - 0x00007ffc3f7c0000 	C:\Windows\System32\bcryptPrimitives.dll
0x00007ffc41140000 - 0x00007ffc4116e000 	C:\Windows\System32\IMM32.DLL
0x0000000059050000 - 0x0000000059122000 	C:\Program Files\Java\jre1.8.0_251\bin\msvcr100.dll
0x00000000592c0000 - 0x0000000059b6b000 	C:\Program Files\Java\jre1.8.0_251\bin\server\jvm.dll
0x00007ffc41720000 - 0x00007ffc41728000 	C:\Windows\System32\PSAPI.DLL
0x00007ffc35610000 - 0x00007ffc35619000 	C:\Windows\SYSTEM32\WSOCK32.dll
0x00007ffc41310000 - 0x00007ffc4137f000 	C:\Windows\System32\WS2_32.dll
0x00007ffc36ec0000 - 0x00007ffc36ee4000 	C:\Windows\SYSTEM32\WINMM.dll
0x00007ffc3de40000 - 0x00007ffc3de4a000 	C:\Windows\SYSTEM32\VERSION.dll
0x00007ffc36e90000 - 0x00007ffc36ebd000 	C:\Windows\SYSTEM32\WINMMBASE.dll
0x00007ffc3f480000 - 0x00007ffc3f4ca000 	C:\Windows\System32\cfgmgr32.dll
0x00007ffc3d2c0000 - 0x00007ffc3d2cf000 	C:\Program Files\Java\jre1.8.0_251\bin\verify.dll
0x00007ffc2af10000 - 0x00007ffc2af39000 	C:\Program Files\Java\jre1.8.0_251\bin\java.dll
0x00007ffc3ae20000 - 0x00007ffc3ae36000 	C:\Program Files\Java\jre1.8.0_251\bin\zip.dll
0x00007ffc40a50000 - 0x00007ffc41134000 	C:\Windows\System32\SHELL32.dll
0x00007ffc41d00000 - 0x00007ffc41da9000 	C:\Windows\System32\shcore.dll
0x00007ffc3fc20000 - 0x00007ffc4039e000 	C:\Windows\System32\windows.storage.dll
0x00007ffc3f3c0000 - 0x00007ffc3f3e3000 	C:\Windows\System32\profapi.dll
0x00007ffc3f350000 - 0x00007ffc3f39a000 	C:\Windows\System32\powrprof.dll
0x00007ffc3f320000 - 0x00007ffc3f330000 	C:\Windows\System32\UMPDC.dll
0x00007ffc409c0000 - 0x00007ffc40a12000 	C:\Windows\System32\shlwapi.dll
0x00007ffc3f3a0000 - 0x00007ffc3f3b1000 	C:\Windows\System32\kernel.appcore.dll
0x00007ffc403a0000 - 0x00007ffc403b7000 	C:\Windows\System32\cryptsp.dll
0x00007ffc25e50000 - 0x00007ffc25e74000 	C:\Program Files\Java\jre1.8.0_251\bin\sunec.dll
0x00007ffc39160000 - 0x00007ffc3917a000 	C:\Program Files\Java\jre1.8.0_251\bin\net.dll
0x00007ffc3eb30000 - 0x00007ffc3eb97000 	C:\Windows\system32\mswsock.dll
0x00007ffc3e840000 - 0x00007ffc3e87a000 	C:\Windows\SYSTEM32\IPHLPAPI.DLL
0x00007ffc411d0000 - 0x00007ffc411d8000 	C:\Windows\System32\NSI.dll
0x00007ffc39a20000 - 0x00007ffc39a36000 	C:\Windows\SYSTEM32\dhcpcsvc6.DLL
0x00007ffc39970000 - 0x00007ffc3998c000 	C:\Windows\SYSTEM32\dhcpcsvc.DLL
0x00007ffc3e880000 - 0x00007ffc3e94b000 	C:\Windows\SYSTEM32\DNSAPI.dll
0x00007ffc30df0000 - 0x00007ffc30e02000 	C:\Program Files\Java\jre1.8.0_251\bin\nio.dll
0x00007ffc3e6a0000 - 0x00007ffc3e6d3000 	C:\Windows\system32\rsaenh.dll
0x00007ffc3f450000 - 0x00007ffc3f476000 	C:\Windows\System32\bcrypt.dll
0x00007ffc3f210000 - 0x00007ffc3f235000 	C:\Windows\SYSTEM32\USERENV.dll
0x00007ffc3ed00000 - 0x00007ffc3ed0c000 	C:\Windows\SYSTEM32\CRYPTBASE.dll
0x00007ffc379b0000 - 0x00007ffc379ba000 	C:\Windows\System32\rasadhlp.dll
0x00007ffc38790000 - 0x00007ffc38807000 	C:\Windows\System32\fwpuclnt.dll
0x00007ffc3bd40000 - 0x00007ffc3bd4c000 	C:\Program Files\Java\jre1.8.0_251\bin\sunmscapi.dll
0x00007ffc403c0000 - 0x00007ffc40509000 	C:\Windows\System32\CRYPT32.dll
0x00007ffc3f330000 - 0x00007ffc3f342000 	C:\Windows\System32\MSASN1.dll
0x00007ffc3ee00000 - 0x00007ffc3ee26000 	C:\Windows\SYSTEM32\ncrypt.dll
0x00007ffc3edc0000 - 0x00007ffc3edfb000 	C:\Windows\SYSTEM32\NTASN1.dll
0x00007ffc3dd80000 - 0x00007ffc3dd8d000 	C:\Program Files\Java\jre1.8.0_251\bin\management.dll
0x00007ffc2a3e0000 - 0x00007ffc2a3f6000 	C:\Windows\system32\napinsp.dll
0x00007ffc2a3c0000 - 0x00007ffc2a3da000 	C:\Windows\system32\pnrpnsp.dll
0x00007ffc2a3b0000 - 0x00007ffc2a3be000 	C:\Windows\System32\winrnr.dll
0x00007ffc3a550000 - 0x00007ffc3a56c000 	C:\Windows\system32\NLAapi.dll
0x00007ffc2a390000 - 0x00007ffc2a3a5000 	C:\Windows\system32\wshbth.dll
0x00007ffbfe100000 - 0x00007ffbfe29a000 	C:\Program Files\Java\jre1.8.0_251\bin\awt.dll
0x00007ffc405b0000 - 0x00007ffc40674000 	C:\Windows\System32\OLEAUT32.dll
0x00007ffc3d230000 - 0x00007ffc3d2bf000 	C:\Windows\SYSTEM32\apphelp.dll
0x00007ffc3d860000 - 0x00007ffc3d88d000 	C:\Windows\system32\DWMAPI.DLL
0x00007ffc3d320000 - 0x00007ffc3d3b9000 	C:\Windows\system32\uxtheme.dll
0x00007ffc2d000000 - 0x00007ffc2d156000 	C:\Windows\system32\opengl32.dll
0x00007ffc37e90000 - 0x00007ffc37ebc000 	C:\Windows\SYSTEM32\GLU32.dll
0x00007ffc3df90000 - 0x00007ffc3dfb0000 	C:\Windows\SYSTEM32\dxcore.dll
0x00007ffc41db0000 - 0x00007ffc41ee6000 	C:\Windows\System32\MSCTF.dll
0x00007ffc41520000 - 0x00007ffc41677000 	C:\Windows\System32\ole32.dll
0x00007ffc0e570000 - 0x00007ffc0e599000 	C:\Users\user\AppData\Local\Temp\BridJExtractedLibraries3949715336735866675\bridj.dll
0x00000000681c0000 - 0x0000000068224000 	C:\Users\user\AppData\Roaming\Sikulix\SikulixLibs_201510081336\VisionProxy.dll
0x0000000061440000 - 0x000000006145a000 	C:\Users\user\AppData\Roaming\Sikulix\SikulixLibs_201510081336\libgcc_s_seh-1.dll
0x000000006fc40000 - 0x000000006fd2a000 	C:\Users\user\AppData\Roaming\Sikulix\SikulixLibs_201510081336\libstdc++-6.dll
0x00000000631c0000 - 0x0000000063295000 	C:\Users\user\AppData\Roaming\Sikulix\SikulixLibs_201510081336\libopencv_highgui248.dll
0x0000000065d80000 - 0x0000000065fd7000 	C:\Users\user\AppData\Roaming\Sikulix\SikulixLibs_201510081336\libopencv_imgproc248.dll
0x000000006fd80000 - 0x000000006ff7e000 	C:\Users\user\AppData\Roaming\Sikulix\SikulixLibs_201510081336\libopencv_core248.dll
0x0000000068a00000 - 0x0000000068d9e000 	C:\Users\user\AppData\Roaming\Sikulix\SikulixLibs_201510081336\libtesseract-3.dll
0x0000000064940000 - 0x0000000064955000 	C:\Users\user\AppData\Roaming\Sikulix\SikulixLibs_201510081336\libwinpthread-1.dll
0x000000006ef80000 - 0x000000006f135000 	C:\Users\user\AppData\Roaming\Sikulix\SikulixLibs_201510081336\liblept-3.dll
0x0000000061a00000 - 0x0000000061a32000 	C:\Users\user\AppData\Roaming\Sikulix\SikulixLibs_201510081336\libpng14-14.dll
0x0000000065500000 - 0x0000000065523000 	C:\Users\user\AppData\Roaming\Sikulix\SikulixLibs_201510081336\libz-1.dll
0x00007ffc38590000 - 0x00007ffc38784000 	C:\Windows\SYSTEM32\dbghelp.dll

VM Arguments:
jvm_args: -Dfile.encoding=Cp1252 
java_command: sikuli.Text
java_class_path (initial): C:\Users\user\eclipse-workspace\sikuli\target\test-classes;C:\Users\user\eclipse-workspace\sikuli\target\classes;C:\Users\user\.m2\repository\net\sourceforge\tess4j\tess4j\4.2.1\tess4j-4.2.1.jar;C:\Users\user\.m2\repository\net\java\dev\jna\jna\4.1.0\jna-4.1.0.jar;C:\Users\user\.m2\repository\com\github\jai-imageio\jai-imageio-core\1.4.0\jai-imageio-core-1.4.0.jar;C:\Users\user\.m2\repository\org\ghost4j\ghost4j\1.0.1\ghost4j-1.0.1.jar;C:\Users\user\.m2\repository\log4j\log4j\1.2.17\log4j-1.2.17.jar;C:\Users\user\.m2\repository\commons-beanutils\commons-beanutils\1.9.2\commons-beanutils-1.9.2.jar;C:\Users\user\.m2\repository\commons-collections\commons-collections\3.2.1\commons-collections-3.2.1.jar;C:\Users\user\.m2\repository\org\apache\xmlgraphics\xmlgraphics-commons\1.4\xmlgraphics-commons-1.4.jar;C:\Users\user\.m2\repository\com\lowagie\itext\2.1.7\itext-2.1.7.jar;C:\Users\user\.m2\repository\org\apache\pdfbox\pdfbox\2.0.11\pdfbox-2.0.11.jar;C:\Users\user\.m2\repository\org\apache\pdfbox\fontbox\2.0.11\fontbox-2.0.11.jar;C:\Users\user\.m2\repository\commons-logging\commons-logging\1.2\commons-logging-1.2.jar;C:\Users\user\.m2\repository\org\apache\pdfbox\pdfbox-tools\2.0.11\pdfbox-tools-2.0.11.jar;C:\Users\user\.m2\repository\org\apache\pdfbox\pdfbox-debugger\2.0.11\pdfbox-debugger-2.0.11.jar;C:\Users\user\.m2\repository\org\apache\pdfbox\jbig2-imageio\3.0.1\jbig2-imageio-3.0.1.jar;C:\Users\user\.m2\repository\commons-io\commons-io\2.6\commons-io-2.6.jar;C:\Users\user\.m2\repository\net\sourceforge\lept4j\lept4j\1.10.0\lept4j-1.10.0.jar;C:\Users\user\.m2\repository\org\jboss\jboss-vfs\3.2.13.Final\jboss-vfs-3.2.13.Final.jar;C:\Users\user\.m2\repository\org\jboss\logging\jboss-logging\3.1.4.GA\jboss-logging-3.1.4.GA.jar;C:\Users\user\.m2\repository\ch\qos\logback\logback-classic\1.2.3\logback-classic-1.2.3.jar;C:\Users\user\.m2\repository\ch\qos\logback\logback-core\1.2.3\logback-core-1.2.3.jar;C:\Users\user\.m2\repository\org\slf4j\
Launcher Type: SUN_STANDARD

Environment Variables:
JAVA_HOME=C:\Program Files\Java\jdk1.8.0_251
PATH=C:\Users\user\AppData\Roaming\Sikulix\SikulixLibs_201510081336;C:/Program Files/Java/jre1.8.0_251/bin/server;C:/Program Files/Java/jre1.8.0_251/bin;C:/Program Files/Java/jre1.8.0_251/lib/amd64;C:\Program Files (x86)\Common Files\Oracle\Java\javapath;D:\Program Files\Java\jdk-14.0.1;C:\Windows\system32;C:\Windows;C:\Windows\System32\Wbem;C:\Windows\System32\WindowsPowerShell\v1.0\;C:\Windows\System32\OpenSSH\;C:\Program Files\Java\jdk1.8.0_251bin;C:\Program Files\nodejs\;C:\Program Files\nodejs\node_modules\npm\bin;C:\Program Files\Git\cmd;F:\sikulisetup\sikulisetup\libs;G:\sikulisetup\libs;C:\Users\user\AppData\Local\Microsoft\WindowsApps;C:\Program Files\Java\jdk1.8.0_251;C:\Program Files\Android\Android Studio\bin;C:\Program Files\Java\jre1.8.0_251;G:\Flutter\Flutter\DownloadFlutter\flutter\bin;C:\Users\user\AppData\Roaming\npm;C:\Program Files\nodejs\node_modules\npm\bin;;C:\Users\user\AppData\Local\Programs\Microsoft VS Code\bin;C:\Windows\System32;
USERNAME=user
OS=Windows_NT
PROCESSOR_IDENTIFIER=Intel64 Family 6 Model 58 Stepping 9, GenuineIntel



---------------  S Y S T E M  ---------------

OS: Windows 10.0 , 64 bit Build 18362 (10.0.18362.778)

CPU:total 4 (initial active 4) (2 cores per cpu, 2 threads per core) family 6 model 58 stepping 9, cmov, cx8, fxsr, mmx, sse, sse2, sse3, ssse3, sse4.1, sse4.2, popcnt, avx, aes, clmul, erms, ht, tsc, tscinvbit, tscinv

Memory: 4k page, physical 8273256k(1390780k free), swap 13967372k(1933672k free)

vm_info: Java HotSpot(TM) 64-Bit Server VM (25.251-b08) for windows-amd64 JRE (1.8.0_251-b08), built on Mar 12 2020 06:31:49 by "" with MS VC++ 10.0 (VS2010)

time: Thu Jun 04 18:13:36 2020
timezone: India Standard Time
elapsed time: 31 seconds (0d 0h 0m 31s)

