#
# A fatal error has been detected by the Java Runtime Environment:
#
#  EXCEPTION_ACCESS_VIOLATION (0xc0000005) at pc=0x0000000068b89732, pid=15436, tid=0x0000000000000b5c
#
# JRE version: Java(TM) SE Runtime Environment (8.0_251-b08) (build 1.8.0_251-b08)
# Java VM: Java HotSpot(TM) 64-Bit Server VM (25.251-b08 mixed mode windows-amd64 compressed oops)
# Problematic frame:
# C  [libtesseract-3.dll+0x189732]
#
# Failed to write core dump. Minidumps are not enabled by default on client versions of Windows
#
# If you would like to submit a bug report, please visit:
#   http://bugreport.java.com/bugreport/crash.jsp
# The crash happened outside the Java Virtual Machine in native code.
# See problematic frame for where to report the bug.
#

---------------  T H R E A D  ---------------

Current thread (0x0000000002ae5800):  JavaThread "main" [_thread_in_native, id=2908, stack(0x00000000029e0000,0x0000000002ae0000)]

siginfo: ExceptionCode=0xc0000005, reading address 0x0000000000000000

Registers:
RAX=0x0000000000000000, RBX=0x0000000002adeb00, RCX=0x00000000ffffffff, RDX=0x0000000000000002
RSP=0x0000000002adead0, RBP=0x0000000068c06860, RSI=0x0000000000000002, RDI=0x0000000002adeb48
R8 =0x000000000000006e, R9 =0x0000000000000000, R10=0x000000000000001b, R11=0x000000001c27e9a1
R12=0x0000000068d38260, R13=0x000000001c267620, R14=0x0000000000000000, R15=0x0000000002adefd0
RIP=0x0000000068b89732, EFLAGS=0x0000000000010246

Top of Stack: (sp=0x0000000002adead0)
0x0000000002adead0:   0000000002adeb00 00007ffc417bfa60
0x0000000002adeae0:   0000000000000002 0000000002adeb48
0x0000000002adeaf0:   0000000002adec20 0000000002adef50
0x0000000002adeb00:   745f6c6175746361 5f61746164737365
0x0000000002adeb10:   72746e655f6d756e 203d3c205f736569
0x0000000002adeb20:   4154414453534554 544e455f4d554e5f
0x0000000002adeb30:   7272453a53454952 72657373413a726f
0x0000000002adeb40:   64656c6961662074 656c6966206e693a
0x0000000002adeb50:   7461647373657420 726567616e616d61
0x0000000002adeb60:   696c202c7070632e 00000a303520656e
0x0000000002adeb70:   0000000000000000 00007ffc8b00008b
0x0000000002adeb80:   0000000000001010 0000000000000000
0x0000000002adeb90:   00000000000006b8 0000000080000000
0x0000000002adeba0:   000000000000000f 0000000001071e22
0x0000000002adebb0:   0000000000000001 0000000000dbfa60
0x0000000002adebc0:   000000008b00008b 0000000000a800a6 

Instructions: (pc=0x0000000068b89732)
0x0000000068b89712:   ff 15 e0 e8 20 00 48 8d 50 60 48 89 d9 e8 5c 65
0x0000000068b89722:   01 00 83 fe ff 7c 14 85 f6 7e 2d 83 fe 02 7f 0b
0x0000000068b89732:   8b 04 25 00 00 00 00 85 c0 74 3d 48 8d 15 a9 cd
0x0000000068b89742:   07 00 48 8d 0d d5 e9 1a 00 45 31 c9 41 b8 02 00 


Register to memory mapping:

RAX=0x0000000000000000 is an unknown value
RBX=0x0000000002adeb00 is pointing into the stack for thread: 0x0000000002ae5800
RCX=0x00000000ffffffff is an unallocated location in the heap
RDX=0x0000000000000002 is an unknown value
RSP=0x0000000002adead0 is pointing into the stack for thread: 0x0000000002ae5800
RBP=0x0000000068c06860 is an unknown value
RSI=0x0000000000000002 is an unknown value
RDI=0x0000000002adeb48 is pointing into the stack for thread: 0x0000000002ae5800
R8 =0x000000000000006e is an unknown value
R9 =0x0000000000000000 is an unknown value
R10=0x000000000000001b is an unknown value
R11=0x000000001c27e9a1 is an unknown value
R12=0x0000000068d38260 is an unknown value
R13=0x000000001c267620 is an unknown value
R14=0x0000000000000000 is an unknown value
R15=0x0000000002adefd0 is pointing into the stack for thread: 0x0000000002ae5800


Stack: [0x00000000029e0000,0x0000000002ae0000],  sp=0x0000000002adead0,  free space=1018k
Native frames: (J=compiled Java code, j=interpreted, Vv=VM code, C=native code)
C  [libtesseract-3.dll+0x189732]
C  [libtesseract-3.dll+0x18b1b4]
C  [libtesseract-3.dll+0x42123]
C  [libtesseract-3.dll+0x428fc]
C  [libtesseract-3.dll+0x43316]
C  [libtesseract-3.dll+0x1f1a]
C  [VisionProxy.dll+0x1e889]
C  [VisionProxy.dll+0x2ccc3]
C  [VisionProxy.dll+0x35c11]
C  0x0000000002bf8c67

Java frames: (J=compiled Java code, j=interpreted, Vv=VM code)
j  org.sikuli.natives.VisionProxyJNI.Vision_initOCR(Ljava/lang/String;)V+0
j  org.sikuli.natives.Vision.initOCR(Ljava/lang/String;)V+1
j  org.sikuli.script.TextRecognizer.init()V+171
j  org.sikuli.script.TextRecognizer.<init>()V+5
j  org.sikuli.script.TextRecognizer.getInstance()Lorg/sikuli/script/TextRecognizer;+10
j  org.sikuli.script.Image.text()Ljava/lang/String;+6
j  sikuli.TessaractFinal.main([Ljava/lang/String;)V+19
v  ~StubRoutines::call_stub

---------------  P R O C E S S  ---------------

Java Threads: ( => current thread )
  0x000000001b520000 JavaThread "AWT-EventQueue-0" [_thread_blocked, id=3292, stack(0x000000001c390000,0x000000001c490000)]
  0x000000001b521800 JavaThread "AWT-Shutdown" [_thread_blocked, id=15736, stack(0x000000001c290000,0x000000001c390000)]
  0x0000000019ad4800 JavaThread "AWT-Windows" daemon [_thread_in_native, id=9688, stack(0x000000001a280000,0x000000001a380000)]
  0x0000000019ad1000 JavaThread "Java2D Disposer" daemon [_thread_blocked, id=14724, stack(0x000000001a080000,0x000000001a180000)]
  0x0000000019088800 JavaThread "Service Thread" daemon [_thread_blocked, id=4848, stack(0x0000000019460000,0x0000000019560000)]
  0x0000000017722000 JavaThread "C1 CompilerThread2" daemon [_thread_blocked, id=7200, stack(0x0000000018f60000,0x0000000019060000)]
  0x000000001771d800 JavaThread "C2 CompilerThread1" daemon [_thread_blocked, id=16348, stack(0x0000000018e60000,0x0000000018f60000)]
  0x0000000017716000 JavaThread "C2 CompilerThread0" daemon [_thread_blocked, id=13344, stack(0x0000000018d60000,0x0000000018e60000)]
  0x0000000017714000 JavaThread "Attach Listener" daemon [_thread_blocked, id=14700, stack(0x0000000018c60000,0x0000000018d60000)]
  0x0000000017713000 JavaThread "Signal Dispatcher" daemon [_thread_blocked, id=15752, stack(0x0000000018b60000,0x0000000018c60000)]
  0x0000000017700000 JavaThread "Finalizer" daemon [_thread_blocked, id=12312, stack(0x0000000018960000,0x0000000018a60000)]
  0x00000000176d8800 JavaThread "Reference Handler" daemon [_thread_blocked, id=728, stack(0x0000000018860000,0x0000000018960000)]
=>0x0000000002ae5800 JavaThread "main" [_thread_in_native, id=2908, stack(0x00000000029e0000,0x0000000002ae0000)]

Other Threads:
  0x00000000176d7000 VMThread [stack: 0x0000000018760000,0x0000000018860000] [id=15756]
  0x000000001776e000 WatcherThread [stack: 0x0000000019560000,0x0000000019660000] [id=16588]

VM state:not at safepoint (normal execution)

VM Mutex/Monitor currently owned by a thread: None

heap address: 0x0000000081c00000, size: 2020 MB, Compressed Oops mode: 32-bit
Narrow klass base: 0x0000000000000000, Narrow klass shift: 3
Compressed class space size: 1073741824 Address: 0x0000000100000000

Heap:
 PSYoungGen      total 38400K, used 24987K [0x00000000d5f00000, 0x00000000d8980000, 0x0000000100000000)
  eden space 33280K, 75% used [0x00000000d5f00000,0x00000000d7766e00,0x00000000d7f80000)
  from space 5120K, 0% used [0x00000000d8480000,0x00000000d8480000,0x00000000d8980000)
  to   space 5120K, 0% used [0x00000000d7f80000,0x00000000d7f80000,0x00000000d8480000)
 ParOldGen       total 87552K, used 0K [0x0000000081c00000, 0x0000000087180000, 0x00000000d5f00000)
  object space 87552K, 0% used [0x0000000081c00000,0x0000000081c00000,0x0000000087180000)
 Metaspace       used 9817K, capacity 10028K, committed 10112K, reserved 1058816K
  class space    used 1072K, capacity 1148K, committed 1152K, reserved 1048576K

Card table byte_map: [0x0000000011fa0000,0x00000000123a0000] byte_map_base: 0x0000000011b92000

Marking Bits: (ParMarkBitMap*) 0x0000000059aeaf90
 Begin Bits: [0x0000000012a50000, 0x00000000149e0000)
 End Bits:   [0x00000000149e0000, 0x0000000016970000)

Polling page: 0x00000000009f0000

CodeCache: size=245760Kb used=3167Kb max_used=3167Kb free=242592Kb
 bounds [0x0000000002be0000, 0x0000000002f00000, 0x0000000011be0000]
 total_blobs=1174 nmethods=746 adapters=341
 compilation: enabled

Compilation events (10 events):
Event: 2.823 Thread 0x0000000017722000 nmethod 742 0x0000000002ee99d0 code [0x0000000002eea240, 0x0000000002eefdf8]
Event: 2.823 Thread 0x0000000017722000  743       3       java.lang.Class::reflectionData (49 bytes)
Event: 2.824 Thread 0x0000000017722000 nmethod 743 0x0000000002ee2750 code [0x0000000002ee28e0, 0x0000000002ee2de8]
Event: 2.825 Thread 0x0000000017716000 nmethod 731 0x0000000002ef7550 code [0x0000000002ef7700, 0x0000000002ef8708]
Event: 2.830 Thread 0x0000000017722000  744  s    3       java.util.Stack::peek (25 bytes)
Event: 2.830 Thread 0x0000000017722000 nmethod 744 0x0000000002ee1610 code [0x0000000002ee17a0, 0x0000000002ee1dd8]
Event: 2.830 Thread 0x0000000017722000  745       3       java.util.Stack::push (7 bytes)
Event: 2.830 Thread 0x0000000017722000 nmethod 745 0x0000000002ef7110 code [0x0000000002ef7280, 0x0000000002ef74a8]
Event: 2.831 Thread 0x0000000017722000  746       3       java.util.AbstractSet::<init> (5 bytes)
Event: 2.832 Thread 0x0000000017722000 nmethod 746 0x0000000002ef6cd0 code [0x0000000002ef6e40, 0x0000000002ef7050]

GC Heap History (0 events):
No events

Deoptimization events (6 events):
Event: 0.387 Thread 0x0000000002ae5800 Uncommon trap: reason=unstable_if action=reinterpret pc=0x0000000002cf22a0 method=java.lang.String.hashCode()I @ 14
Event: 1.114 Thread 0x0000000002ae5800 Uncommon trap: reason=unstable_if action=reinterpret pc=0x0000000002e1ab48 method=java.net.URI.match(CJJ)Z @ 19
Event: 1.143 Thread 0x0000000002ae5800 Uncommon trap: reason=unstable_if action=reinterpret pc=0x0000000002dc1c7c method=java.lang.String.indexOf([CII[CIII)I @ 3
Event: 1.868 Thread 0x0000000002ae5800 Uncommon trap: reason=class_check action=maybe_recompile pc=0x0000000002e1e2a8 method=sun.misc.URLClassPath.getLoader(I)Lsun/misc/URLClassPath$Loader; @ 94
Event: 1.870 Thread 0x0000000002ae5800 Uncommon trap: reason=class_check action=maybe_recompile pc=0x0000000002e1e2a8 method=sun.misc.URLClassPath.getLoader(I)Lsun/misc/URLClassPath$Loader; @ 94
Event: 2.749 Thread 0x0000000002ae5800 Uncommon trap: reason=unstable_if action=reinterpret pc=0x0000000002ed5944 method=org.sikuli.basics.AnimatorTimeValueFunction.isEnd(J)Z @ 6

Classes redefined (0 events):
No events

Internal exceptions (10 events):
Event: 1.120 Thread 0x0000000002ae5800 Exception <a 'java/lang/ClassNotFoundException': sun/net/www/protocol/c/Handler> (0x00000000d6b7daf8) thrown at [C:\jenkins\workspace\8-2-build-windows-amd64-cygwin\jdk8u251\737\hotspot\src\share\vm\classfile\systemDictionary.cpp, line 210]
Event: 1.121 Thread 0x0000000002ae5800 Exception <a 'java/lang/ClassNotFoundException': sun/net/www/protocol/c/Handler> (0x00000000d6b87708) thrown at [C:\jenkins\workspace\8-2-build-windows-amd64-cygwin\jdk8u251\737\hotspot\src\share\vm\classfile\systemDictionary.cpp, line 210]
Event: 1.917 Thread 0x0000000002ae5800 Exception <a 'java/security/PrivilegedActionException'> (0x00000000d6f09730) thrown at [C:\jenkins\workspace\8-2-build-windows-amd64-cygwin\jdk8u251\737\hotspot\src\share\vm\prims\jvm.cpp, line 1502]
Event: 1.917 Thread 0x0000000002ae5800 Exception <a 'java/security/PrivilegedActionException'> (0x00000000d6f09b28) thrown at [C:\jenkins\workspace\8-2-build-windows-amd64-cygwin\jdk8u251\737\hotspot\src\share\vm\prims\jvm.cpp, line 1502]
Event: 1.917 Thread 0x0000000002ae5800 Exception <a 'java/security/PrivilegedActionException'> (0x00000000d6f0db68) thrown at [C:\jenkins\workspace\8-2-build-windows-amd64-cygwin\jdk8u251\737\hotspot\src\share\vm\prims\jvm.cpp, line 1502]
Event: 1.917 Thread 0x0000000002ae5800 Exception <a 'java/security/PrivilegedActionException'> (0x00000000d6f0df60) thrown at [C:\jenkins\workspace\8-2-build-windows-amd64-cygwin\jdk8u251\737\hotspot\src\share\vm\prims\jvm.cpp, line 1502]
Event: 2.108 Thread 0x0000000002ae5800 Exception <a 'java/lang/ArrayIndexOutOfBoundsException'> (0x00000000d7067ae8) thrown at [C:\jenkins\workspace\8-2-build-windows-amd64-cygwin\jdk8u251\737\hotspot\src\share\vm\runtime\sharedRuntime.cpp, line 605]
Event: 2.109 Thread 0x0000000002ae5800 Exception <a 'java/lang/ArrayIndexOutOfBoundsException'> (0x00000000d70687d8) thrown at [C:\jenkins\workspace\8-2-build-windows-amd64-cygwin\jdk8u251\737\hotspot\src\share\vm\runtime\sharedRuntime.cpp, line 605]
Event: 2.110 Thread 0x0000000002ae5800 Exception <a 'java/lang/ArrayIndexOutOfBoundsException'> (0x00000000d706a010) thrown at [C:\jenkins\workspace\8-2-build-windows-amd64-cygwin\jdk8u251\737\hotspot\src\share\vm\runtime\sharedRuntime.cpp, line 605]
Event: 2.169 Thread 0x0000000002ae5800 Exception <a 'java/lang/ArrayIndexOutOfBoundsException'> (0x00000000d72c82d0) thrown at [C:\jenkins\workspace\8-2-build-windows-amd64-cygwin\jdk8u251\737\hotspot\src\share\vm\runtime\sharedRuntime.cpp, line 605]

Events (10 events):
Event: 2.838 loading class com/sun/imageio/plugins/common/ReaderUtil
Event: 2.838 loading class com/sun/imageio/plugins/common/ReaderUtil done
Event: 2.840 loading class java/io/RandomAccessFile$1
Event: 2.840 loading class java/io/RandomAccessFile$1 done
Event: 2.843 loading class org/sikuli/script/TextRecognizer
Event: 2.843 loading class org/sikuli/script/TextRecognizer done
Event: 2.845 loading class org/sikuli/natives/Vision
Event: 2.845 loading class org/sikuli/natives/Vision done
Event: 2.845 loading class org/sikuli/natives/VisionProxyJNI
Event: 2.845 loading class org/sikuli/natives/VisionProxyJNI done


Dynamic libraries:
0x00007ff65c1f0000 - 0x00007ff65c227000 	C:\Program Files\Java\jre1.8.0_251\bin\javaw.exe
0x00007ffc42460000 - 0x00007ffc42650000 	C:\Windows\SYSTEM32\ntdll.dll
0x00007ffc367e0000 - 0x00007ffc367f3000 	C:\Program Files\Avast Software\Avast\aswhook.dll
0x00007ffc411e0000 - 0x00007ffc41292000 	C:\Windows\System32\KERNEL32.DLL
0x00007ffc3f7c0000 - 0x00007ffc3fa64000 	C:\Windows\System32\KERNELBASE.dll
0x00007ffc417e0000 - 0x00007ffc41883000 	C:\Windows\System32\ADVAPI32.dll
0x00007ffc41730000 - 0x00007ffc417ce000 	C:\Windows\System32\msvcrt.dll
0x00007ffc40510000 - 0x00007ffc405a7000 	C:\Windows\System32\sechost.dll
0x00007ffc42300000 - 0x00007ffc42420000 	C:\Windows\System32\RPCRT4.dll
0x00007ffc41380000 - 0x00007ffc41514000 	C:\Windows\System32\USER32.dll
0x00007ffc3f670000 - 0x00007ffc3f691000 	C:\Windows\System32\win32u.dll
0x00007ffc40a20000 - 0x00007ffc40a46000 	C:\Windows\System32\GDI32.dll
0x00007ffc3f4d0000 - 0x00007ffc3f664000 	C:\Windows\System32\gdi32full.dll
0x00007ffc3f6a0000 - 0x00007ffc3f73e000 	C:\Windows\System32\msvcp_win.dll
0x00007ffc3fa70000 - 0x00007ffc3fb6a000 	C:\Windows\System32\ucrtbase.dll
0x00007ffc36270000 - 0x00007ffc364f4000 	C:\Windows\WinSxS\amd64_microsoft.windows.common-controls_6595b64144ccf1df_6.0.18362.836_none_e6c4b943130f18ed\COMCTL32.dll
0x00007ffc40680000 - 0x00007ffc409b6000 	C:\Windows\System32\combase.dll
0x00007ffc3f740000 - 0x00007ffc3f7c0000 	C:\Windows\System32\bcryptPrimitives.dll
0x00007ffc41140000 - 0x00007ffc4116e000 	C:\Windows\System32\IMM32.DLL
0x0000000059050000 - 0x0000000059122000 	C:\Program Files\Java\jre1.8.0_251\bin\msvcr100.dll
0x00000000592c0000 - 0x0000000059b6b000 	C:\Program Files\Java\jre1.8.0_251\bin\server\jvm.dll
0x00007ffc41720000 - 0x00007ffc41728000 	C:\Windows\System32\PSAPI.DLL
0x00007ffc35610000 - 0x00007ffc35619000 	C:\Windows\SYSTEM32\WSOCK32.dll
0x00007ffc41310000 - 0x00007ffc4137f000 	C:\Windows\System32\WS2_32.dll
0x00007ffc36ec0000 - 0x00007ffc36ee4000 	C:\Windows\SYSTEM32\WINMM.dll
0x00007ffc3de40000 - 0x00007ffc3de4a000 	C:\Windows\SYSTEM32\VERSION.dll
0x00007ffc36e90000 - 0x00007ffc36ebd000 	C:\Windows\SYSTEM32\WINMMBASE.dll
0x00007ffc3f480000 - 0x00007ffc3f4ca000 	C:\Windows\System32\cfgmgr32.dll
0x00007ffc3d2c0000 - 0x00007ffc3d2cf000 	C:\Program Files\Java\jre1.8.0_251\bin\verify.dll
0x00007ffc2af10000 - 0x00007ffc2af39000 	C:\Program Files\Java\jre1.8.0_251\bin\java.dll
0x00007ffc3ae20000 - 0x00007ffc3ae36000 	C:\Program Files\Java\jre1.8.0_251\bin\zip.dll
0x00007ffc40a50000 - 0x00007ffc41134000 	C:\Windows\System32\SHELL32.dll
0x00007ffc41d00000 - 0x00007ffc41da9000 	C:\Windows\System32\shcore.dll
0x00007ffc3fc20000 - 0x00007ffc4039e000 	C:\Windows\System32\windows.storage.dll
0x00007ffc3f3c0000 - 0x00007ffc3f3e3000 	C:\Windows\System32\profapi.dll
0x00007ffc3f350000 - 0x00007ffc3f39a000 	C:\Windows\System32\powrprof.dll
0x00007ffc3f320000 - 0x00007ffc3f330000 	C:\Windows\System32\UMPDC.dll
0x00007ffc409c0000 - 0x00007ffc40a12000 	C:\Windows\System32\shlwapi.dll
0x00007ffc3f3a0000 - 0x00007ffc3f3b1000 	C:\Windows\System32\kernel.appcore.dll
0x00007ffc403a0000 - 0x00007ffc403b7000 	C:\Windows\System32\cryptsp.dll
0x00007ffbfe100000 - 0x00007ffbfe29a000 	C:\Program Files\Java\jre1.8.0_251\bin\awt.dll
0x00007ffc405b0000 - 0x00007ffc40674000 	C:\Windows\System32\OLEAUT32.dll
0x00007ffc3d230000 - 0x00007ffc3d2bf000 	C:\Windows\SYSTEM32\apphelp.dll
0x00007ffc3d860000 - 0x00007ffc3d88d000 	C:\Windows\system32\DWMAPI.DLL
0x00007ffc3d320000 - 0x00007ffc3d3b9000 	C:\Windows\system32\uxtheme.dll
0x00007ffc2d000000 - 0x00007ffc2d156000 	C:\Windows\system32\opengl32.dll
0x00007ffc37e90000 - 0x00007ffc37ebc000 	C:\Windows\SYSTEM32\GLU32.dll
0x00007ffc3df90000 - 0x00007ffc3dfb0000 	C:\Windows\SYSTEM32\dxcore.dll
0x00007ffc41db0000 - 0x00007ffc41ee6000 	C:\Windows\System32\MSCTF.dll
0x00007ffc41520000 - 0x00007ffc41677000 	C:\Windows\System32\ole32.dll
0x00007ffc3e6a0000 - 0x00007ffc3e6d3000 	C:\Windows\system32\rsaenh.dll
0x00007ffc3f450000 - 0x00007ffc3f476000 	C:\Windows\System32\bcrypt.dll
0x00007ffc3f210000 - 0x00007ffc3f235000 	C:\Windows\SYSTEM32\USERENV.dll
0x00007ffc3ed00000 - 0x00007ffc3ed0c000 	C:\Windows\SYSTEM32\CRYPTBASE.dll
0x00007ffc39160000 - 0x00007ffc3917a000 	C:\Program Files\Java\jre1.8.0_251\bin\net.dll
0x00007ffc3eb30000 - 0x00007ffc3eb97000 	C:\Windows\system32\mswsock.dll
0x00007ffc3e840000 - 0x00007ffc3e87a000 	C:\Windows\SYSTEM32\IPHLPAPI.DLL
0x00007ffc411d0000 - 0x00007ffc411d8000 	C:\Windows\System32\NSI.dll
0x00007ffc39a20000 - 0x00007ffc39a36000 	C:\Windows\SYSTEM32\dhcpcsvc6.DLL
0x00007ffc39970000 - 0x00007ffc3998c000 	C:\Windows\SYSTEM32\dhcpcsvc.DLL
0x00007ffc3e880000 - 0x00007ffc3e94b000 	C:\Windows\SYSTEM32\DNSAPI.dll
0x00007ffc30df0000 - 0x00007ffc30e02000 	C:\Program Files\Java\jre1.8.0_251\bin\nio.dll
0x00007ffc119d0000 - 0x00007ffc119f9000 	C:\Users\user\AppData\Local\Temp\BridJExtractedLibraries5392183374886656033\bridj.dll
0x00000000681c0000 - 0x0000000068224000 	C:\Users\user\AppData\Roaming\Sikulix\SikulixLibs_201510081336\VisionProxy.dll
0x0000000061440000 - 0x000000006145a000 	C:\Users\user\AppData\Roaming\Sikulix\SikulixLibs_201510081336\libgcc_s_seh-1.dll
0x000000006fc40000 - 0x000000006fd2a000 	C:\Users\user\AppData\Roaming\Sikulix\SikulixLibs_201510081336\libstdc++-6.dll
0x00000000631c0000 - 0x0000000063295000 	C:\Users\user\AppData\Roaming\Sikulix\SikulixLibs_201510081336\libopencv_highgui248.dll
0x0000000065d80000 - 0x0000000065fd7000 	C:\Users\user\AppData\Roaming\Sikulix\SikulixLibs_201510081336\libopencv_imgproc248.dll
0x000000006fd80000 - 0x000000006ff7e000 	C:\Users\user\AppData\Roaming\Sikulix\SikulixLibs_201510081336\libopencv_core248.dll
0x0000000068a00000 - 0x0000000068d9e000 	C:\Users\user\AppData\Roaming\Sikulix\SikulixLibs_201510081336\libtesseract-3.dll
0x0000000064940000 - 0x0000000064955000 	C:\Users\user\AppData\Roaming\Sikulix\SikulixLibs_201510081336\libwinpthread-1.dll
0x000000006ef80000 - 0x000000006f135000 	C:\Users\user\AppData\Roaming\Sikulix\SikulixLibs_201510081336\liblept-3.dll
0x0000000061a00000 - 0x0000000061a32000 	C:\Users\user\AppData\Roaming\Sikulix\SikulixLibs_201510081336\libpng14-14.dll
0x0000000065500000 - 0x0000000065523000 	C:\Users\user\AppData\Roaming\Sikulix\SikulixLibs_201510081336\libz-1.dll
0x00007ffc38590000 - 0x00007ffc38784000 	C:\Windows\SYSTEM32\dbghelp.dll

VM Arguments:
jvm_args: -Dfile.encoding=Cp1252 
java_command: sikuli.TessaractFinal
java_class_path (initial): C:\Users\user\eclipse-workspace\sikuli\target\test-classes;C:\Users\user\eclipse-workspace\sikuli\target\classes;C:\Users\user\.m2\repository\net\sourceforge\tess4j\tess4j\4.2.1\tess4j-4.2.1.jar;C:\Users\user\.m2\repository\net\java\dev\jna\jna\4.1.0\jna-4.1.0.jar;C:\Users\user\.m2\repository\com\github\jai-imageio\jai-imageio-core\1.4.0\jai-imageio-core-1.4.0.jar;C:\Users\user\.m2\repository\org\ghost4j\ghost4j\1.0.1\ghost4j-1.0.1.jar;C:\Users\user\.m2\repository\log4j\log4j\1.2.17\log4j-1.2.17.jar;C:\Users\user\.m2\repository\commons-beanutils\commons-beanutils\1.9.2\commons-beanutils-1.9.2.jar;C:\Users\user\.m2\repository\commons-collections\commons-collections\3.2.1\commons-collections-3.2.1.jar;C:\Users\user\.m2\repository\org\apache\xmlgraphics\xmlgraphics-commons\1.4\xmlgraphics-commons-1.4.jar;C:\Users\user\.m2\repository\com\lowagie\itext\2.1.7\itext-2.1.7.jar;C:\Users\user\.m2\repository\org\apache\pdfbox\pdfbox\2.0.11\pdfbox-2.0.11.jar;C:\Users\user\.m2\repository\org\apache\pdfbox\fontbox\2.0.11\fontbox-2.0.11.jar;C:\Users\user\.m2\repository\commons-logging\commons-logging\1.2\commons-logging-1.2.jar;C:\Users\user\.m2\repository\org\apache\pdfbox\pdfbox-tools\2.0.11\pdfbox-tools-2.0.11.jar;C:\Users\user\.m2\repository\org\apache\pdfbox\pdfbox-debugger\2.0.11\pdfbox-debugger-2.0.11.jar;C:\Users\user\.m2\repository\org\apache\pdfbox\jbig2-imageio\3.0.1\jbig2-imageio-3.0.1.jar;C:\Users\user\.m2\repository\commons-io\commons-io\2.6\commons-io-2.6.jar;C:\Users\user\.m2\repository\net\sourceforge\lept4j\lept4j\1.10.0\lept4j-1.10.0.jar;C:\Users\user\.m2\repository\org\jboss\jboss-vfs\3.2.13.Final\jboss-vfs-3.2.13.Final.jar;C:\Users\user\.m2\repository\org\jboss\logging\jboss-logging\3.1.4.GA\jboss-logging-3.1.4.GA.jar;C:\Users\user\.m2\repository\ch\qos\logback\logback-classic\1.2.3\logback-classic-1.2.3.jar;C:\Users\user\.m2\repository\ch\qos\logback\logback-core\1.2.3\logback-core-1.2.3.jar;C:\Users\user\.m2\repository\org\slf4j\
Launcher Type: SUN_STANDARD

Environment Variables:
JAVA_HOME=C:\Program Files\Java\jdk1.8.0_251
PATH=C:\Users\user\AppData\Roaming\Sikulix\SikulixLibs_201510081336;C:/Program Files/Java/jre1.8.0_251/bin/server;C:/Program Files/Java/jre1.8.0_251/bin;C:/Program Files/Java/jre1.8.0_251/lib/amd64;C:\Program Files (x86)\Common Files\Oracle\Java\javapath;D:\Program Files\Java\jdk-14.0.1;C:\Windows\system32;C:\Windows;C:\Windows\System32\Wbem;C:\Windows\System32\WindowsPowerShell\v1.0\;C:\Windows\System32\OpenSSH\;C:\Program Files\Java\jdk1.8.0_251bin;C:\Program Files\nodejs\;C:\Program Files\nodejs\node_modules\npm\bin;C:\Program Files\Git\cmd;F:\sikulisetup\sikulisetup\libs;G:\sikulisetup\libs;C:\Users\user\AppData\Local\Microsoft\WindowsApps;C:\Program Files\Java\jdk1.8.0_251;C:\Program Files\Android\Android Studio\bin;C:\Program Files\Java\jre1.8.0_251;G:\Flutter\Flutter\DownloadFlutter\flutter\bin;C:\Users\user\AppData\Roaming\npm;C:\Program Files\nodejs\node_modules\npm\bin;;C:\Users\user\AppData\Local\Programs\Microsoft VS Code\bin;C:\Windows\System32;
USERNAME=user
OS=Windows_NT
PROCESSOR_IDENTIFIER=Intel64 Family 6 Model 58 Stepping 9, GenuineIntel



---------------  S Y S T E M  ---------------

OS: Windows 10.0 , 64 bit Build 18362 (10.0.18362.778)

CPU:total 4 (initial active 4) (2 cores per cpu, 2 threads per core) family 6 model 58 stepping 9, cmov, cx8, fxsr, mmx, sse, sse2, sse3, ssse3, sse4.1, sse4.2, popcnt, avx, aes, clmul, erms, ht, tsc, tscinvbit, tscinv

Memory: 4k page, physical 8273256k(1266564k free), swap 15017000k(2333080k free)

vm_info: Java HotSpot(TM) 64-Bit Server VM (25.251-b08) for windows-amd64 JRE (1.8.0_251-b08), built on Mar 12 2020 06:31:49 by "" with MS VC++ 10.0 (VS2010)

time: Thu Jun 04 20:01:07 2020
timezone: India Standard Time
elapsed time: 2 seconds (0d 0h 0m 2s)

