#
# A fatal error has been detected by the Java Runtime Environment:
#
#  EXCEPTION_ACCESS_VIOLATION (0xc0000005) at pc=0x0000000068b89732, pid=8472, tid=0x00000000000055bc
#
# JRE version: Java(TM) SE Runtime Environment (8.0_251-b08) (build 1.8.0_251-b08)
# Java VM: Java HotSpot(TM) 64-Bit Server VM (25.251-b08 mixed mode windows-amd64 compressed oops)
# Problematic frame:
# C  [libtesseract-3.dll+0x189732]
#
# Failed to write core dump. Minidumps are not enabled by default on client versions of Windows
#
# If you would like to submit a bug report, please visit:
#   http://bugreport.java.com/bugreport/crash.jsp
# The crash happened outside the Java Virtual Machine in native code.
# See problematic frame for where to report the bug.
#

---------------  T H R E A D  ---------------

Current thread (0x0000000002b15800):  JavaThread "main" [_thread_in_native, id=21948, stack(0x0000000002a10000,0x0000000002b10000)]

siginfo: ExceptionCode=0xc0000005, reading address 0x0000000000000000

Registers:
RAX=0x0000000000000000, RBX=0x0000000002b0e5f0, RCX=0x00000000ffffffff, RDX=0x0000000000000002
RSP=0x0000000002b0e5c0, RBP=0x0000000068c06860, RSI=0x0000000000000002, RDI=0x0000000002b0e638
R8 =0x000000000000006e, R9 =0x0000000000000000, R10=0x0000000000000000, R11=0x0000000021176091
R12=0x0000000068d38260, R13=0x000000001fe12570, R14=0x0000000000000000, R15=0x0000000002b0eac0
RIP=0x0000000068b89732, EFLAGS=0x0000000000010246

Top of Stack: (sp=0x0000000002b0e5c0)
0x0000000002b0e5c0:   0000000002b0e5f0 00007ff953b7fa60
0x0000000002b0e5d0:   0000000000000002 0000000002b0e638
0x0000000002b0e5e0:   0000000002b0e710 0000000002b0ea40
0x0000000002b0e5f0:   745f6c6175746361 5f61746164737365
0x0000000002b0e600:   72746e655f6d756e 203d3c205f736569
0x0000000002b0e610:   4154414453534554 544e455f4d554e5f
0x0000000002b0e620:   7272453a53454952 72657373413a726f
0x0000000002b0e630:   64656c6961662074 656c6966206e693a
0x0000000002b0e640:   7461647373657420 726567616e616d61
0x0000000002b0e650:   696c202c7070632e 00000a303520656e
0x0000000002b0e660:   0000000000000000 00007ff9860072f4
0x0000000002b0e670:   0000000000001010 0000000000000000
0x0000000002b0e680:   0000000000000878 0000000080000000
0x0000000002b0e690:   0000000000000010 0000000001211dd2
0x0000000002b0e6a0:   00000000860072f4 0000000000ed3980
0x0000000002b0e6b0:   00000000860072f4 0000000000a800a6 

Instructions: (pc=0x0000000068b89732)
0x0000000068b89712:   ff 15 e0 e8 20 00 48 8d 50 60 48 89 d9 e8 5c 65
0x0000000068b89722:   01 00 83 fe ff 7c 14 85 f6 7e 2d 83 fe 02 7f 0b
0x0000000068b89732:   8b 04 25 00 00 00 00 85 c0 74 3d 48 8d 15 a9 cd
0x0000000068b89742:   07 00 48 8d 0d d5 e9 1a 00 45 31 c9 41 b8 02 00 


Register to memory mapping:

RAX=0x0000000000000000 is an unknown value
RBX=0x0000000002b0e5f0 is pointing into the stack for thread: 0x0000000002b15800
RCX=0x00000000ffffffff is an unallocated location in the heap
RDX=0x0000000000000002 is an unknown value
RSP=0x0000000002b0e5c0 is pointing into the stack for thread: 0x0000000002b15800
RBP=0x0000000068c06860 is an unknown value
RSI=0x0000000000000002 is an unknown value
RDI=0x0000000002b0e638 is pointing into the stack for thread: 0x0000000002b15800
R8 =0x000000000000006e is an unknown value
R9 =0x0000000000000000 is an unknown value
R10=0x0000000000000000 is an unknown value
R11=0x0000000021176091 is an unknown value
R12=0x0000000068d38260 is an unknown value
R13=0x000000001fe12570 is an unknown value
R14=0x0000000000000000 is an unknown value
R15=0x0000000002b0eac0 is pointing into the stack for thread: 0x0000000002b15800


Stack: [0x0000000002a10000,0x0000000002b10000],  sp=0x0000000002b0e5c0,  free space=1017k
Native frames: (J=compiled Java code, j=interpreted, Vv=VM code, C=native code)
C  [libtesseract-3.dll+0x189732]
C  [libtesseract-3.dll+0x18b1b4]
C  [libtesseract-3.dll+0x42123]
C  [libtesseract-3.dll+0x428fc]
C  [libtesseract-3.dll+0x43316]
C  [libtesseract-3.dll+0x1f1a]
C  [VisionProxy.dll+0x1e889]
C  [VisionProxy.dll+0x2ccc3]
C  [VisionProxy.dll+0x35c11]
C  0x0000000002c28c67

Java frames: (J=compiled Java code, j=interpreted, Vv=VM code)
j  org.sikuli.natives.VisionProxyJNI.Vision_initOCR(Ljava/lang/String;)V+0
j  org.sikuli.natives.Vision.initOCR(Ljava/lang/String;)V+1
j  org.sikuli.script.TextRecognizer.init()V+171
j  org.sikuli.script.TextRecognizer.<init>()V+5
j  org.sikuli.script.TextRecognizer.getInstance()Lorg/sikuli/script/TextRecognizer;+10
j  org.sikuli.script.Region.text()Ljava/lang/String;+32
j  sikuli.practice.main([Ljava/lang/String;)V+159
v  ~StubRoutines::call_stub

---------------  P R O C E S S  ---------------

Java Threads: ( => current thread )
  0x000000001a06d800 JavaThread "AWT-EventQueue-0" [_thread_blocked, id=13352, stack(0x0000000020940000,0x0000000020a40000)]
  0x000000001a069000 JavaThread "AWT-Shutdown" [_thread_blocked, id=21256, stack(0x0000000020430000,0x0000000020530000)]
  0x000000001a06e800 JavaThread "Keep-Alive-Timer" daemon [_thread_blocked, id=4688, stack(0x0000000020130000,0x0000000020230000)]
  0x000000001a06d000 JavaThread "AWT-Windows" daemon [_thread_in_native, id=14868, stack(0x000000001fa40000,0x000000001fb40000)]
  0x000000001a055800 JavaThread "Java2D Disposer" daemon [_thread_blocked, id=12256, stack(0x000000001f840000,0x000000001f940000)]
  0x000000001ab96000 JavaThread "AsyncHttpClient-3-3" [_thread_in_native, id=16968, stack(0x000000001e530000,0x000000001e630000)]
  0x000000001ab98800 JavaThread "AsyncHttpClient-3-2" [_thread_in_native, id=13160, stack(0x000000001bf10000,0x000000001c010000)]
  0x000000001ab32800 JavaThread "AsyncHttpClient-3-1" [_thread_in_native, id=23756, stack(0x000000001c410000,0x000000001c510000)]
  0x000000001a055000 JavaThread "Exec Stream Pumper" daemon [_thread_in_native, id=16732, stack(0x000000001be10000,0x000000001bf10000)]
  0x000000001a25d800 JavaThread "Exec Stream Pumper" daemon [_thread_in_native, id=22380, stack(0x000000001bd10000,0x000000001be10000)]
  0x000000001aa84000 JavaThread "UrlChecker-2" daemon [_thread_blocked, id=23796, stack(0x000000001bb10000,0x000000001bc10000)]
  0x000000001a9a4800 JavaThread "Exec Default Executor" daemon [_thread_in_native, id=18736, stack(0x000000001b6e0000,0x000000001b7e0000)]
  0x000000001a489000 JavaThread "AsyncHttpClient-timer-1-1" [_thread_blocked, id=19412, stack(0x000000001b810000,0x000000001b910000)]
  0x00000000190c0800 JavaThread "Service Thread" daemon [_thread_blocked, id=11296, stack(0x0000000019490000,0x0000000019590000)]
  0x0000000017755000 JavaThread "C1 CompilerThread2" daemon [_thread_blocked, id=15824, stack(0x0000000018f90000,0x0000000019090000)]
  0x0000000017750800 JavaThread "C2 CompilerThread1" daemon [_thread_blocked, id=11892, stack(0x0000000018e90000,0x0000000018f90000)]
  0x0000000017747000 JavaThread "C2 CompilerThread0" daemon [_thread_blocked, id=25316, stack(0x0000000018d90000,0x0000000018e90000)]
  0x0000000017744800 JavaThread "Attach Listener" daemon [_thread_blocked, id=20152, stack(0x0000000018c90000,0x0000000018d90000)]
  0x0000000017743800 JavaThread "Signal Dispatcher" daemon [_thread_blocked, id=8064, stack(0x0000000018b90000,0x0000000018c90000)]
  0x0000000017730000 JavaThread "Finalizer" daemon [_thread_blocked, id=16596, stack(0x0000000018990000,0x0000000018a90000)]
  0x0000000002c05000 JavaThread "Reference Handler" daemon [_thread_blocked, id=22368, stack(0x0000000018890000,0x0000000018990000)]
=>0x0000000002b15800 JavaThread "main" [_thread_in_native, id=21948, stack(0x0000000002a10000,0x0000000002b10000)]

Other Threads:
  0x0000000017708000 VMThread [stack: 0x0000000018790000,0x0000000018890000] [id=22304]
  0x00000000190e1800 WatcherThread [stack: 0x0000000019590000,0x0000000019690000] [id=6268]

VM state:not at safepoint (normal execution)

VM Mutex/Monitor currently owned by a thread: None

heap address: 0x0000000081c00000, size: 2020 MB, Compressed Oops mode: 32-bit
Narrow klass base: 0x0000000000000000, Narrow klass shift: 3
Compressed class space size: 1073741824 Address: 0x0000000100000000

Heap:
 PSYoungGen      total 75264K, used 43976K [0x00000000d5f00000, 0x00000000dcc80000, 0x0000000100000000)
  eden space 49664K, 44% used [0x00000000d5f00000,0x00000000d7483220,0x00000000d8f80000)
  from space 25600K, 85% used [0x00000000dab80000,0x00000000dc0eee10,0x00000000dc480000)
  to   space 28672K, 0% used [0x00000000d8f80000,0x00000000d8f80000,0x00000000dab80000)
 ParOldGen       total 75264K, used 40954K [0x0000000081c00000, 0x0000000086580000, 0x00000000d5f00000)
  object space 75264K, 54% used [0x0000000081c00000,0x00000000843fea40,0x0000000086580000)
 Metaspace       used 26174K, capacity 26974K, committed 27264K, reserved 1073152K
  class space    used 3255K, capacity 3443K, committed 3456K, reserved 1048576K

Card table byte_map: [0x0000000011fd0000,0x00000000123d0000] byte_map_base: 0x0000000011bc2000

Marking Bits: (ParMarkBitMap*) 0x0000000057e6af90
 Begin Bits: [0x0000000012a80000, 0x0000000014a10000)
 End Bits:   [0x0000000014a10000, 0x00000000169a0000)

Polling page: 0x00000000011e0000

CodeCache: size=245760Kb used=6616Kb max_used=6631Kb free=239143Kb
 bounds [0x0000000002c10000, 0x00000000032a0000, 0x0000000011c10000]
 total_blobs=2586 nmethods=1973 adapters=525
 compilation: enabled

Compilation events (10 events):
Event: 39.608 Thread 0x0000000017755000 nmethod 2195 0x000000000311ce90 code [0x000000000311cfe0, 0x000000000311d0f0]
Event: 39.609 Thread 0x0000000017755000 2197       1       java.awt.image.Raster::getWidth (5 bytes)
Event: 39.609 Thread 0x0000000017755000 nmethod 2197 0x0000000003280810 code [0x0000000003280960, 0x0000000003280a70]
Event: 39.609 Thread 0x0000000017755000 2198       1       java.awt.image.Raster::getHeight (5 bytes)
Event: 39.610 Thread 0x0000000017755000 nmethod 2198 0x0000000003280550 code [0x00000000032806a0, 0x00000000032807b0]
Event: 39.610 Thread 0x0000000017755000 2199       1       java.awt.image.Raster::getMinX (5 bytes)
Event: 39.610 Thread 0x0000000017755000 nmethod 2199 0x0000000003280290 code [0x00000000032803e0, 0x00000000032804f0]
Event: 39.610 Thread 0x0000000017755000 2200       1       java.awt.image.Raster::getMinY (5 bytes)
Event: 39.610 Thread 0x0000000017755000 nmethod 2200 0x000000000327ffd0 code [0x0000000003280120, 0x0000000003280230]
Event: 39.814 Thread 0x0000000017755000 2201       3       java.text.SimpleDateFormat::subFormat (1260 bytes)

GC Heap History (10 events):
Event: 19.787 GC heap before
{Heap before GC invocations=5 (full 1):
 PSYoungGen      total 38400K, used 5090K [0x00000000d5f00000, 0x00000000d8980000, 0x0000000100000000)
  eden space 33280K, 0% used [0x00000000d5f00000,0x00000000d5f00000,0x00000000d7f80000)
  from space 5120K, 99% used [0x00000000d8480000,0x00000000d8978bd8,0x00000000d8980000)
  to   space 5120K, 0% used [0x00000000d7f80000,0x00000000d7f80000,0x00000000d8480000)
 ParOldGen       total 87552K, used 25849K [0x0000000081c00000, 0x0000000087180000, 0x00000000d5f00000)
  object space 87552K, 29% used [0x0000000081c00000,0x000000008353e4a0,0x0000000087180000)
 Metaspace       used 20416K, capacity 21194K, committed 21296K, reserved 1067008K
  class space    used 2670K, capacity 2887K, committed 2944K, reserved 1048576K
Event: 19.846 GC heap after
Heap after GC invocations=5 (full 1):
 PSYoungGen      total 38400K, used 0K [0x00000000d5f00000, 0x00000000d8980000, 0x0000000100000000)
  eden space 33280K, 0% used [0x00000000d5f00000,0x00000000d5f00000,0x00000000d7f80000)
  from space 5120K, 0% used [0x00000000d8480000,0x00000000d8480000,0x00000000d8980000)
  to   space 5120K, 0% used [0x00000000d7f80000,0x00000000d7f80000,0x00000000d8480000)
 ParOldGen       total 75264K, used 24538K [0x0000000081c00000, 0x0000000086580000, 0x00000000d5f00000)
  object space 75264K, 32% used [0x0000000081c00000,0x00000000833f6a00,0x0000000086580000)
 Metaspace       used 20416K, capacity 21194K, committed 21296K, reserved 1067008K
  class space    used 2670K, capacity 2887K, committed 2944K, reserved 1048576K
}
Event: 37.488 GC heap before
{Heap before GC invocations=6 (full 1):
 PSYoungGen      total 38400K, used 31381K [0x00000000d5f00000, 0x00000000d8980000, 0x0000000100000000)
  eden space 33280K, 94% used [0x00000000d5f00000,0x00000000d7da5518,0x00000000d7f80000)
  from space 5120K, 0% used [0x00000000d8480000,0x00000000d8480000,0x00000000d8980000)
  to   space 5120K, 0% used [0x00000000d7f80000,0x00000000d7f80000,0x00000000d8480000)
 ParOldGen       total 75264K, used 24538K [0x0000000081c00000, 0x0000000086580000, 0x00000000d5f00000)
  object space 75264K, 32% used [0x0000000081c00000,0x00000000833f6a00,0x0000000086580000)
 Metaspace       used 25585K, capacity 26430K, committed 26752K, reserved 1073152K
  class space    used 3196K, capacity 3411K, committed 3456K, reserved 1048576K
Event: 37.494 GC heap after
Heap after GC invocations=6 (full 1):
 PSYoungGen      total 37888K, used 4587K [0x00000000d5f00000, 0x00000000dab00000, 0x0000000100000000)
  eden space 32768K, 0% used [0x00000000d5f00000,0x00000000d5f00000,0x00000000d7f00000)
  from space 5120K, 89% used [0x00000000d7f80000,0x00000000d83fac80,0x00000000d8480000)
  to   space 22528K, 0% used [0x00000000d9500000,0x00000000d9500000,0x00000000dab00000)
 ParOldGen       total 75264K, used 24546K [0x0000000081c00000, 0x0000000086580000, 0x00000000d5f00000)
  object space 75264K, 32% used [0x0000000081c00000,0x00000000833f8a00,0x0000000086580000)
 Metaspace       used 25585K, capacity 26430K, committed 26752K, reserved 1073152K
  class space    used 3196K, capacity 3411K, committed 3456K, reserved 1048576K
}
Event: 37.715 GC heap before
{Heap before GC invocations=7 (full 1):
 PSYoungGen      total 37888K, used 37355K [0x00000000d5f00000, 0x00000000dab00000, 0x0000000100000000)
  eden space 32768K, 100% used [0x00000000d5f00000,0x00000000d7f00000,0x00000000d7f00000)
  from space 5120K, 89% used [0x00000000d7f80000,0x00000000d83fac80,0x00000000d8480000)
  to   space 22528K, 0% used [0x00000000d9500000,0x00000000d9500000,0x00000000dab00000)
 ParOldGen       total 75264K, used 24546K [0x0000000081c00000, 0x0000000086580000, 0x00000000d5f00000)
  object space 75264K, 32% used [0x0000000081c00000,0x00000000833f8a00,0x0000000086580000)
 Metaspace       used 26014K, capacity 26782K, committed 27008K, reserved 1073152K
  class space    used 3242K, capacity 3443K, committed 3456K, reserved 1048576K
Event: 37.737 GC heap after
Heap after GC invocations=7 (full 1):
 PSYoungGen      total 50688K, used 21866K [0x00000000d5f00000, 0x00000000dd100000, 0x0000000100000000)
  eden space 28160K, 0% used [0x00000000d5f00000,0x00000000d5f00000,0x00000000d7a80000)
  from space 22528K, 97% used [0x00000000d9500000,0x00000000daa5abe0,0x00000000dab00000)
  to   space 27136K, 0% used [0x00000000d7a80000,0x00000000d7a80000,0x00000000d9500000)
 ParOldGen       total 75264K, used 28652K [0x0000000081c00000, 0x0000000086580000, 0x00000000d5f00000)
  object space 75264K, 38% used [0x0000000081c00000,0x00000000837fb210,0x0000000086580000)
 Metaspace       used 26014K, capacity 26782K, committed 27008K, reserved 1073152K
  class space    used 3242K, capacity 3443K, committed 3456K, reserved 1048576K
}
Event: 39.603 GC heap before
{Heap before GC invocations=8 (full 1):
 PSYoungGen      total 50688K, used 50026K [0x00000000d5f00000, 0x00000000dd100000, 0x0000000100000000)
  eden space 28160K, 100% used [0x00000000d5f00000,0x00000000d7a80000,0x00000000d7a80000)
  from space 22528K, 97% used [0x00000000d9500000,0x00000000daa5abe0,0x00000000dab00000)
  to   space 27136K, 0% used [0x00000000d7a80000,0x00000000d7a80000,0x00000000d9500000)
 ParOldGen       total 75264K, used 28652K [0x0000000081c00000, 0x0000000086580000, 0x00000000d5f00000)
  object space 75264K, 38% used [0x0000000081c00000,0x00000000837fb210,0x0000000086580000)
 Metaspace       used 26145K, capacity 26910K, committed 27264K, reserved 1073152K
  class space    used 3254K, capacity 3443K, committed 3456K, reserved 1048576K
Event: 39.607 GC heap after
Heap after GC invocations=8 (full 1):
 PSYoungGen      total 55296K, used 13854K [0x00000000d5f00000, 0x00000000dc480000, 0x0000000100000000)
  eden space 28160K, 0% used [0x00000000d5f00000,0x00000000d5f00000,0x00000000d7a80000)
  from space 27136K, 51% used [0x00000000d7a80000,0x00000000d8807ba8,0x00000000d9500000)
  to   space 25600K, 0% used [0x00000000dab80000,0x00000000dab80000,0x00000000dc480000)
 ParOldGen       total 75264K, used 28652K [0x0000000081c00000, 0x0000000086580000, 0x00000000d5f00000)
  object space 75264K, 38% used [0x0000000081c00000,0x00000000837fb210,0x0000000086580000)
 Metaspace       used 26145K, capacity 26910K, committed 27264K, reserved 1073152K
  class space    used 3254K, capacity 3443K, committed 3456K, reserved 1048576K
}
Event: 39.724 GC heap before
{Heap before GC invocations=9 (full 1):
 PSYoungGen      total 55296K, used 42014K [0x00000000d5f00000, 0x00000000dc480000, 0x0000000100000000)
  eden space 28160K, 100% used [0x00000000d5f00000,0x00000000d7a80000,0x00000000d7a80000)
  from space 27136K, 51% used [0x00000000d7a80000,0x00000000d8807ba8,0x00000000d9500000)
  to   space 25600K, 0% used [0x00000000dab80000,0x00000000dab80000,0x00000000dc480000)
 ParOldGen       total 75264K, used 28652K [0x0000000081c00000, 0x0000000086580000, 0x00000000d5f00000)
  object space 75264K, 38% used [0x0000000081c00000,0x00000000837fb210,0x0000000086580000)
 Metaspace       used 26146K, capacity 26910K, committed 27264K, reserved 1073152K
  class space    used 3254K, capacity 3443K, committed 3456K, reserved 1048576K
Event: 39.737 GC heap after
Heap after GC invocations=9 (full 1):
 PSYoungGen      total 75264K, used 21947K [0x00000000d5f00000, 0x00000000dcc80000, 0x0000000100000000)
  eden space 49664K, 0% used [0x00000000d5f00000,0x00000000d5f00000,0x00000000d8f80000)
  from space 25600K, 85% used [0x00000000dab80000,0x00000000dc0eee10,0x00000000dc480000)
  to   space 28672K, 0% used [0x00000000d8f80000,0x00000000d8f80000,0x00000000dab80000)
 ParOldGen       total 75264K, used 40954K [0x0000000081c00000, 0x0000000086580000, 0x00000000d5f00000)
  object space 75264K, 54% used [0x0000000081c00000,0x00000000843fea40,0x0000000086580000)
 Metaspace       used 26146K, capacity 26910K, committed 27264K, reserved 1073152K
  class space    used 3254K, capacity 3443K, committed 3456K, reserved 1048576K
}

Deoptimization events (10 events):
Event: 33.691 Thread 0x0000000002b15800 Uncommon trap: reason=class_check action=maybe_recompile pc=0x00000000031f5a28 method=sun.security.util.math.intpoly.IntegerPolynomial$MutableElement.setSum(Lsun/security/util/math/IntegerModuloP;)Lsun/security/util/math/intpoly/IntegerPolynomial$MutableE
Event: 35.520 Thread 0x0000000002b15800 Uncommon trap: reason=unstable_if action=reinterpret pc=0x000000000321d904 method=org.sikuli.basics.AnimatorTimeValueFunction.isEnd(J)Z @ 6
Event: 35.542 Thread 0x0000000002b15800 Uncommon trap: reason=unstable_if action=reinterpret pc=0x0000000002db12b4 method=java.io.WinNTFileSystem.prefixLength(Ljava/lang/String;)I @ 11
Event: 37.470 Thread 0x0000000002b15800 Uncommon trap: reason=bimorphic action=maybe_recompile pc=0x0000000002dcbf24 method=java.util.zip.InflaterInputStream.read([BII)I @ 100
Event: 37.569 Thread 0x0000000002b15800 Uncommon trap: reason=predicate action=maybe_recompile pc=0x000000000302efa0 method=java.lang.String.regionMatches(ZILjava/lang/String;II)Z @ 63
Event: 37.776 Thread 0x0000000002b15800 Uncommon trap: reason=unstable_if action=reinterpret pc=0x000000000325e5dc method=java.awt.image.ComponentColorModel.getDataElements(ILjava/lang/Object;)Ljava/lang/Object; @ 30
Event: 37.777 Thread 0x0000000002b15800 Uncommon trap: reason=unstable_if action=reinterpret pc=0x000000000323f7f8 method=sun.awt.image.ByteInterleavedRaster.getDataElements(IILjava/lang/Object;)Ljava/lang/Object; @ 43
Event: 37.888 Thread 0x0000000002b15800 Uncommon trap: reason=unstable_if action=reinterpret pc=0x0000000003271654 method=sun.java2d.loops.OpaqueCopyAnyToArgb.Blit(Lsun/java2d/SurfaceData;Lsun/java2d/SurfaceData;Ljava/awt/Composite;Lsun/java2d/pipe/Region;IIIIII)V @ 150
Event: 37.888 Thread 0x0000000002b15800 Uncommon trap: reason=unstable_if action=reinterpret pc=0x0000000003274b28 method=sun.java2d.loops.OpaqueCopyArgbToAny.Blit(Lsun/java2d/SurfaceData;Lsun/java2d/SurfaceData;Ljava/awt/Composite;Lsun/java2d/pipe/Region;IIIIII)V @ 159
Event: 39.609 Thread 0x0000000002b15800 Uncommon trap: reason=bimorphic action=maybe_recompile pc=0x0000000002dcbf24 method=java.util.zip.InflaterInputStream.read([BII)I @ 100

Classes redefined (0 events):
No events

Internal exceptions (10 events):
Event: 31.387 Thread 0x0000000002b15800 Exception <a 'java/lang/ClassNotFoundException': sun/net/www/protocol/c/Handler> (0x00000000d6953580) thrown at [C:\jenkins\workspace\8-2-build-windows-amd64-cygwin\jdk8u251\737\hotspot\src\share\vm\classfile\systemDictionary.cpp, line 210]
Event: 31.388 Thread 0x0000000002b15800 Exception <a 'java/lang/ClassNotFoundException': sun/net/www/protocol/c/Handler> (0x00000000d695d240) thrown at [C:\jenkins\workspace\8-2-build-windows-amd64-cygwin\jdk8u251\737\hotspot\src\share\vm\classfile\systemDictionary.cpp, line 210]
Event: 31.396 Thread 0x0000000002b15800 Exception <a 'java/lang/ClassNotFoundException': sun/net/www/protocol/c/Handler> (0x00000000d6966f00) thrown at [C:\jenkins\workspace\8-2-build-windows-amd64-cygwin\jdk8u251\737\hotspot\src\share\vm\classfile\systemDictionary.cpp, line 210]
Event: 31.396 Thread 0x0000000002b15800 Exception <a 'java/lang/ClassNotFoundException': sun/net/www/protocol/c/Handler> (0x00000000d6970c08) thrown at [C:\jenkins\workspace\8-2-build-windows-amd64-cygwin\jdk8u251\737\hotspot\src\share\vm\classfile\systemDictionary.cpp, line 210]
Event: 31.397 Thread 0x0000000002b15800 Exception <a 'java/lang/ClassNotFoundException': sun/net/www/protocol/c/Handler> (0x00000000d697a8c8) thrown at [C:\jenkins\workspace\8-2-build-windows-amd64-cygwin\jdk8u251\737\hotspot\src\share\vm\classfile\systemDictionary.cpp, line 210]
Event: 31.468 Thread 0x0000000002b15800 Exception <a 'java/security/PrivilegedActionException'> (0x00000000d6b29bc8) thrown at [C:\jenkins\workspace\8-2-build-windows-amd64-cygwin\jdk8u251\737\hotspot\src\share\vm\prims\jvm.cpp, line 1502]
Event: 31.468 Thread 0x0000000002b15800 Exception <a 'java/security/PrivilegedActionException'> (0x00000000d6b29fc0) thrown at [C:\jenkins\workspace\8-2-build-windows-amd64-cygwin\jdk8u251\737\hotspot\src\share\vm\prims\jvm.cpp, line 1502]
Event: 31.469 Thread 0x0000000002b15800 Exception <a 'java/security/PrivilegedActionException'> (0x00000000d6b2e000) thrown at [C:\jenkins\workspace\8-2-build-windows-amd64-cygwin\jdk8u251\737\hotspot\src\share\vm\prims\jvm.cpp, line 1502]
Event: 31.469 Thread 0x0000000002b15800 Exception <a 'java/security/PrivilegedActionException'> (0x00000000d6b2e3f8) thrown at [C:\jenkins\workspace\8-2-build-windows-amd64-cygwin\jdk8u251\737\hotspot\src\share\vm\prims\jvm.cpp, line 1502]
Event: 37.777 Thread 0x0000000002b15800 Implicit null exception at 0x000000000323f580 to 0x000000000323f7dd

Events (10 events):
Event: 39.647 Executing VM operation: RevokeBias
Event: 39.647 Executing VM operation: RevokeBias done
Event: 39.705 Thread 0x0000000002b15800 DEOPT PACKING pc=0x0000000003279e72 sp=0x0000000002b0e320
Event: 39.705 Thread 0x0000000002b15800 DEOPT UNPACKING pc=0x0000000002c57890 sp=0x0000000002b0e0b0 mode 0
Event: 39.724 Executing VM operation: ParallelGCFailedAllocation
Event: 39.737 Executing VM operation: ParallelGCFailedAllocation done
Event: 39.738 Executing VM operation: RevokeBias
Event: 39.738 Executing VM operation: RevokeBias done
Event: 39.812 loading class org/sikuli/script/TextRecognizer
Event: 39.812 loading class org/sikuli/script/TextRecognizer done


Dynamic libraries:
0x00007ff656110000 - 0x00007ff656147000 	C:\Program Files\Java\jre1.8.0_251\bin\javaw.exe
0x00007ff953c40000 - 0x00007ff953e30000 	C:\Windows\SYSTEM32\ntdll.dll
0x00007ff9467b0000 - 0x00007ff9467c3000 	C:\Program Files\Avast Software\Avast\aswhook.dll
0x00007ff951cf0000 - 0x00007ff951da2000 	C:\Windows\System32\KERNEL32.DLL
0x00007ff950f50000 - 0x00007ff9511f4000 	C:\Windows\System32\KERNELBASE.dll
0x00007ff9531f0000 - 0x00007ff953293000 	C:\Windows\System32\ADVAPI32.dll
0x00007ff953af0000 - 0x00007ff953b8e000 	C:\Windows\System32\msvcrt.dll
0x00007ff9535e0000 - 0x00007ff953677000 	C:\Windows\System32\sechost.dll
0x00007ff952da0000 - 0x00007ff952ec0000 	C:\Windows\System32\RPCRT4.dll
0x00007ff952140000 - 0x00007ff9522d4000 	C:\Windows\System32\USER32.dll
0x00007ff950df0000 - 0x00007ff950e11000 	C:\Windows\System32\win32u.dll
0x00007ff951fd0000 - 0x00007ff951ff6000 	C:\Windows\System32\GDI32.dll
0x00007ff951b50000 - 0x00007ff951ce4000 	C:\Windows\System32\gdi32full.dll
0x00007ff951230000 - 0x00007ff9512ce000 	C:\Windows\System32\msvcp_win.dll
0x00007ff9512d0000 - 0x00007ff9513ca000 	C:\Windows\System32\ucrtbase.dll
0x00007ff943450000 - 0x00007ff9436d4000 	C:\Windows\WinSxS\amd64_microsoft.windows.common-controls_6595b64144ccf1df_6.0.18362.836_none_e6c4b943130f18ed\COMCTL32.dll
0x00007ff9532a0000 - 0x00007ff9535d6000 	C:\Windows\System32\combase.dll
0x00007ff950e20000 - 0x00007ff950ea0000 	C:\Windows\System32\bcryptPrimitives.dll
0x00007ff951db0000 - 0x00007ff951dde000 	C:\Windows\System32\IMM32.DLL
0x0000000056980000 - 0x0000000056a52000 	C:\Program Files\Java\jre1.8.0_251\bin\msvcr100.dll
0x0000000057640000 - 0x0000000057eeb000 	C:\Program Files\Java\jre1.8.0_251\bin\server\jvm.dll
0x00007ff953160000 - 0x00007ff953168000 	C:\Windows\System32\PSAPI.DLL
0x00007ff940fd0000 - 0x00007ff940fd9000 	C:\Windows\SYSTEM32\WSOCK32.dll
0x00007ff951e90000 - 0x00007ff951eff000 	C:\Windows\System32\WS2_32.dll
0x00007ff94ebd0000 - 0x00007ff94ebf4000 	C:\Windows\SYSTEM32\WINMM.dll
0x00007ff9491d0000 - 0x00007ff9491da000 	C:\Windows\SYSTEM32\VERSION.dll
0x00007ff94eba0000 - 0x00007ff94ebcd000 	C:\Windows\SYSTEM32\WINMMBASE.dll
0x00007ff950ea0000 - 0x00007ff950eea000 	C:\Windows\System32\cfgmgr32.dll
0x00007ff94d050000 - 0x00007ff94d05f000 	C:\Program Files\Java\jre1.8.0_251\bin\verify.dll
0x00007ff932900000 - 0x00007ff932929000 	C:\Program Files\Java\jre1.8.0_251\bin\java.dll
0x00007ff945d50000 - 0x00007ff945d66000 	C:\Program Files\Java\jre1.8.0_251\bin\zip.dll
0x00007ff952690000 - 0x00007ff952d74000 	C:\Windows\System32\SHELL32.dll
0x00007ff952340000 - 0x00007ff9523e9000 	C:\Windows\System32\shcore.dll
0x00007ff9513d0000 - 0x00007ff951b4e000 	C:\Windows\System32\windows.storage.dll
0x00007ff950ba0000 - 0x00007ff950bc3000 	C:\Windows\System32\profapi.dll
0x00007ff950b50000 - 0x00007ff950b9a000 	C:\Windows\System32\powrprof.dll
0x00007ff950b00000 - 0x00007ff950b10000 	C:\Windows\System32\UMPDC.dll
0x00007ff9522e0000 - 0x00007ff952332000 	C:\Windows\System32\shlwapi.dll
0x00007ff950b30000 - 0x00007ff950b41000 	C:\Windows\System32\kernel.appcore.dll
0x00007ff950d20000 - 0x00007ff950d37000 	C:\Windows\System32\cryptsp.dll
0x00007ff923b10000 - 0x00007ff923b34000 	C:\Program Files\Java\jre1.8.0_251\bin\sunec.dll
0x00007ff945d00000 - 0x00007ff945d1a000 	C:\Program Files\Java\jre1.8.0_251\bin\net.dll
0x00007ff950310000 - 0x00007ff950377000 	C:\Windows\system32\mswsock.dll
0x00007ff950020000 - 0x00007ff95005a000 	C:\Windows\SYSTEM32\IPHLPAPI.DLL
0x00007ff953bf0000 - 0x00007ff953bf8000 	C:\Windows\System32\NSI.dll
0x00007ff948e30000 - 0x00007ff948e46000 	C:\Windows\SYSTEM32\dhcpcsvc6.DLL
0x00007ff949d40000 - 0x00007ff949d5c000 	C:\Windows\SYSTEM32\dhcpcsvc.DLL
0x00007ff950060000 - 0x00007ff95012b000 	C:\Windows\SYSTEM32\DNSAPI.dll
0x00007ff93be40000 - 0x00007ff93be52000 	C:\Program Files\Java\jre1.8.0_251\bin\nio.dll
0x00007ff94fe80000 - 0x00007ff94feb3000 	C:\Windows\system32\rsaenh.dll
0x00007ff951200000 - 0x00007ff951226000 	C:\Windows\System32\bcrypt.dll
0x00007ff950a20000 - 0x00007ff950a45000 	C:\Windows\SYSTEM32\USERENV.dll
0x00007ff9504e0000 - 0x00007ff9504ec000 	C:\Windows\SYSTEM32\CRYPTBASE.dll
0x00007ff942a90000 - 0x00007ff942a9a000 	C:\Windows\System32\rasadhlp.dll
0x00007ff948310000 - 0x00007ff948387000 	C:\Windows\System32\fwpuclnt.dll
0x00007ff9442d0000 - 0x00007ff9442dc000 	C:\Program Files\Java\jre1.8.0_251\bin\sunmscapi.dll
0x00007ff950bd0000 - 0x00007ff950d19000 	C:\Windows\System32\CRYPT32.dll
0x00007ff950b10000 - 0x00007ff950b22000 	C:\Windows\System32\MSASN1.dll
0x00007ff9505e0000 - 0x00007ff950606000 	C:\Windows\SYSTEM32\ncrypt.dll
0x00007ff9505a0000 - 0x00007ff9505db000 	C:\Windows\SYSTEM32\NTASN1.dll
0x00007ff94cb20000 - 0x00007ff94cb2d000 	C:\Program Files\Java\jre1.8.0_251\bin\management.dll
0x00007ff93dab0000 - 0x00007ff93dac6000 	C:\Windows\system32\napinsp.dll
0x00007ff93da90000 - 0x00007ff93daaa000 	C:\Windows\system32\pnrpnsp.dll
0x00007ff941d30000 - 0x00007ff941d3e000 	C:\Windows\System32\winrnr.dll
0x00007ff94a560000 - 0x00007ff94a57c000 	C:\Windows\system32\NLAapi.dll
0x00007ff93d720000 - 0x00007ff93d735000 	C:\Windows\system32\wshbth.dll
0x00007ff919240000 - 0x00007ff9193da000 	C:\Program Files\Java\jre1.8.0_251\bin\awt.dll
0x00007ff951f00000 - 0x00007ff951fc4000 	C:\Windows\System32\OLEAUT32.dll
0x00007ff94ed20000 - 0x00007ff94edaf000 	C:\Windows\SYSTEM32\apphelp.dll
0x00007ff94f2a0000 - 0x00007ff94f2cd000 	C:\Windows\system32\DWMAPI.DLL
0x00007ff94ee70000 - 0x00007ff94ef09000 	C:\Windows\system32\uxtheme.dll
0x00007ff944c40000 - 0x00007ff944d96000 	C:\Windows\system32\opengl32.dll
0x00007ff94b070000 - 0x00007ff94b09c000 	C:\Windows\SYSTEM32\GLU32.dll
0x00007ff94f770000 - 0x00007ff94f790000 	C:\Windows\SYSTEM32\dxcore.dll
0x00007ff952000000 - 0x00007ff952136000 	C:\Windows\System32\MSCTF.dll
0x00007ff952f30000 - 0x00007ff953087000 	C:\Windows\System32\ole32.dll
0x00007ff935ab0000 - 0x00007ff935ad9000 	C:\Users\user\AppData\Local\Temp\BridJExtractedLibraries9024639362196159522\bridj.dll
0x00000000681c0000 - 0x0000000068224000 	C:\Users\user\AppData\Roaming\Sikulix\SikulixLibs_201510081336\VisionProxy.dll
0x0000000061440000 - 0x000000006145a000 	C:\Users\user\AppData\Roaming\Sikulix\SikulixLibs_201510081336\libgcc_s_seh-1.dll
0x000000006fc40000 - 0x000000006fd2a000 	C:\Users\user\AppData\Roaming\Sikulix\SikulixLibs_201510081336\libstdc++-6.dll
0x00000000631c0000 - 0x0000000063295000 	C:\Users\user\AppData\Roaming\Sikulix\SikulixLibs_201510081336\libopencv_highgui248.dll
0x0000000065d80000 - 0x0000000065fd7000 	C:\Users\user\AppData\Roaming\Sikulix\SikulixLibs_201510081336\libopencv_imgproc248.dll
0x000000006fd80000 - 0x000000006ff7e000 	C:\Users\user\AppData\Roaming\Sikulix\SikulixLibs_201510081336\libopencv_core248.dll
0x0000000068a00000 - 0x0000000068d9e000 	C:\Users\user\AppData\Roaming\Sikulix\SikulixLibs_201510081336\libtesseract-3.dll
0x0000000064940000 - 0x0000000064955000 	C:\Users\user\AppData\Roaming\Sikulix\SikulixLibs_201510081336\libwinpthread-1.dll
0x000000006ef80000 - 0x000000006f135000 	C:\Users\user\AppData\Roaming\Sikulix\SikulixLibs_201510081336\liblept-3.dll
0x0000000061a00000 - 0x0000000061a32000 	C:\Users\user\AppData\Roaming\Sikulix\SikulixLibs_201510081336\libpng14-14.dll
0x0000000065500000 - 0x0000000065523000 	C:\Users\user\AppData\Roaming\Sikulix\SikulixLibs_201510081336\libz-1.dll
0x00007ff948410000 - 0x00007ff948604000 	C:\Windows\SYSTEM32\dbghelp.dll

VM Arguments:
jvm_args: -Dfile.encoding=Cp1252 
java_command: sikuli.practice
java_class_path (initial): C:\Users\user\eclipse-workspace\sikuli\target\test-classes;C:\Users\user\eclipse-workspace\sikuli\target\classes;G:\sikulisetup\sikuli-tessdata.jar;C:\Users\user\.m2\repository\net\sourceforge\tess4j\tess4j\4.2.1\tess4j-4.2.1.jar;C:\Users\user\.m2\repository\net\java\dev\jna\jna\4.1.0\jna-4.1.0.jar;C:\Users\user\.m2\repository\com\github\jai-imageio\jai-imageio-core\1.4.0\jai-imageio-core-1.4.0.jar;C:\Users\user\.m2\repository\org\ghost4j\ghost4j\1.0.1\ghost4j-1.0.1.jar;C:\Users\user\.m2\repository\log4j\log4j\1.2.17\log4j-1.2.17.jar;C:\Users\user\.m2\repository\commons-beanutils\commons-beanutils\1.9.2\commons-beanutils-1.9.2.jar;C:\Users\user\.m2\repository\commons-collections\commons-collections\3.2.1\commons-collections-3.2.1.jar;C:\Users\user\.m2\repository\org\apache\xmlgraphics\xmlgraphics-commons\1.4\xmlgraphics-commons-1.4.jar;C:\Users\user\.m2\repository\com\lowagie\itext\2.1.7\itext-2.1.7.jar;C:\Users\user\.m2\repository\org\apache\pdfbox\pdfbox\2.0.11\pdfbox-2.0.11.jar;C:\Users\user\.m2\repository\org\apache\pdfbox\fontbox\2.0.11\fontbox-2.0.11.jar;C:\Users\user\.m2\repository\commons-logging\commons-logging\1.2\commons-logging-1.2.jar;C:\Users\user\.m2\repository\org\apache\pdfbox\pdfbox-tools\2.0.11\pdfbox-tools-2.0.11.jar;C:\Users\user\.m2\repository\org\apache\pdfbox\pdfbox-debugger\2.0.11\pdfbox-debugger-2.0.11.jar;C:\Users\user\.m2\repository\org\apache\pdfbox\jbig2-imageio\3.0.1\jbig2-imageio-3.0.1.jar;C:\Users\user\.m2\repository\commons-io\commons-io\2.6\commons-io-2.6.jar;C:\Users\user\.m2\repository\net\sourceforge\lept4j\lept4j\1.10.0\lept4j-1.10.0.jar;C:\Users\user\.m2\repository\org\jboss\jboss-vfs\3.2.13.Final\jboss-vfs-3.2.13.Final.jar;C:\Users\user\.m2\repository\org\jboss\logging\jboss-logging\3.1.4.GA\jboss-logging-3.1.4.GA.jar;C:\Users\user\.m2\repository\ch\qos\logback\logback-classic\1.2.3\logback-classic-1.2.3.jar;C:\Users\user\.m2\repository\ch\qos\logback\logback-core\1.2.3\logback-core-1.2.3.jar;C:\U
Launcher Type: SUN_STANDARD

Environment Variables:
JAVA_HOME=C:\Program Files\Java\jdk1.8.0_251
PATH=C:\Users\user\AppData\Roaming\Sikulix\SikulixLibs_201510081336;C:/Program Files/Java/jre1.8.0_251/bin/server;C:/Program Files/Java/jre1.8.0_251/bin;C:/Program Files/Java/jre1.8.0_251/lib/amd64;C:\Program Files (x86)\Common Files\Oracle\Java\javapath;D:\Program Files\Java\jdk-14.0.1;C:\Windows\system32;C:\Windows;C:\Windows\System32\Wbem;C:\Windows\System32\WindowsPowerShell\v1.0\;C:\Windows\System32\OpenSSH\;C:\Program Files\Java\jdk1.8.0_251bin;C:\Program Files\nodejs\;C:\Program Files\nodejs\node_modules\npm\bin;C:\Program Files\Git\cmd;C:\Users\user\AppData\Local\Microsoft\WindowsApps;C:\Program Files\Java\jdk1.8.0_251;C:\Program Files\Android\Android Studio\bin;C:\Program Files\Java\jre1.8.0_251;G:\Flutter\Flutter\DownloadFlutter\flutter\bin;C:\Users\user\AppData\Roaming\npm;C:\Program Files\nodejs\node_modules\npm\bin;;C:\Users\user\AppData\Local\Programs\Microsoft VS Code\bin;C:\Windows\System32;
USERNAME=user
OS=Windows_NT
PROCESSOR_IDENTIFIER=Intel64 Family 6 Model 58 Stepping 9, GenuineIntel



---------------  S Y S T E M  ---------------

OS: Windows 10.0 , 64 bit Build 18362 (10.0.18362.778)

CPU:total 4 (initial active 4) (2 cores per cpu, 2 threads per core) family 6 model 58 stepping 9, cmov, cx8, fxsr, mmx, sse, sse2, sse3, ssse3, sse4.1, sse4.2, popcnt, avx, aes, clmul, erms, ht, tsc, tscinvbit, tscinv

Memory: 4k page, physical 8273256k(1464264k free), swap 11699392k(2696076k free)

vm_info: Java HotSpot(TM) 64-Bit Server VM (25.251-b08) for windows-amd64 JRE (1.8.0_251-b08), built on Mar 12 2020 06:31:49 by "" with MS VC++ 10.0 (VS2010)

time: Wed Jun 03 12:05:33 2020
timezone: India Standard Time
elapsed time: 39 seconds (0d 0h 0m 39s)

