#
# A fatal error has been detected by the Java Runtime Environment:
#
#  EXCEPTION_ACCESS_VIOLATION (0xc0000005) at pc=0x0000000068b89732, pid=16484, tid=0x00000000000000e4
#
# JRE version: Java(TM) SE Runtime Environment (8.0_251-b08) (build 1.8.0_251-b08)
# Java VM: Java HotSpot(TM) 64-Bit Server VM (25.251-b08 mixed mode windows-amd64 compressed oops)
# Problematic frame:
# C  [libtesseract-3.dll+0x189732]
#
# Failed to write core dump. Minidumps are not enabled by default on client versions of Windows
#
# If you would like to submit a bug report, please visit:
#   http://bugreport.java.com/bugreport/crash.jsp
# The crash happened outside the Java Virtual Machine in native code.
# See problematic frame for where to report the bug.
#

---------------  T H R E A D  ---------------

Current thread (0x0000000002785800):  JavaThread "main" [_thread_in_native, id=228, stack(0x0000000002600000,0x0000000002700000)]

siginfo: ExceptionCode=0xc0000005, reading address 0x0000000000000000

Registers:
RAX=0x0000000000000000, RBX=0x00000000026feb30, RCX=0x00000000ffffffff, RDX=0x0000000000000002
RSP=0x00000000026feb00, RBP=0x0000000068c06860, RSI=0x0000000000000002, RDI=0x00000000026feb78
R8 =0x000000000000006e, R9 =0x0000000000000000, R10=0x000000000000001b, R11=0x000000001beee9a1
R12=0x0000000068d38260, R13=0x000000001bed7620, R14=0x0000000000000000, R15=0x00000000026ff000
RIP=0x0000000068b89732, EFLAGS=0x0000000000010246

Top of Stack: (sp=0x00000000026feb00)
0x00000000026feb00:   00000000026feb30 00007ffc417bfa60
0x00000000026feb10:   0000000000000002 00000000026feb78
0x00000000026feb20:   00000000026fec50 00000000026fef80
0x00000000026feb30:   745f6c6175746361 5f61746164737365
0x00000000026feb40:   72746e655f6d756e 203d3c205f736569
0x00000000026feb50:   4154414453534554 544e455f4d554e5f
0x00000000026feb60:   7272453a53454952 72657373413a726f
0x00000000026feb70:   64656c6961662074 656c6966206e693a
0x00000000026feb80:   7461647373657420 726567616e616d61
0x00000000026feb90:   696c202c7070632e 00000a303520656e
0x00000000026feba0:   0000000000000000 00007ffc8b00008b
0x00000000026febb0:   0000000000001010 0000000000000000
0x00000000026febc0:   00000000000006bc 0000000080000000
0x00000000026febd0:   000000000000000f 00000000007f1e22
0x00000000026febe0:   0000000000000001 0000000000c3bc00
0x00000000026febf0:   000000008b00008b 0000000000a800a6 

Instructions: (pc=0x0000000068b89732)
0x0000000068b89712:   ff 15 e0 e8 20 00 48 8d 50 60 48 89 d9 e8 5c 65
0x0000000068b89722:   01 00 83 fe ff 7c 14 85 f6 7e 2d 83 fe 02 7f 0b
0x0000000068b89732:   8b 04 25 00 00 00 00 85 c0 74 3d 48 8d 15 a9 cd
0x0000000068b89742:   07 00 48 8d 0d d5 e9 1a 00 45 31 c9 41 b8 02 00 


Register to memory mapping:

RAX=0x0000000000000000 is an unknown value
RBX=0x00000000026feb30 is pointing into the stack for thread: 0x0000000002785800
RCX=0x00000000ffffffff is an unallocated location in the heap
RDX=0x0000000000000002 is an unknown value
RSP=0x00000000026feb00 is pointing into the stack for thread: 0x0000000002785800
RBP=0x0000000068c06860 is an unknown value
RSI=0x0000000000000002 is an unknown value
RDI=0x00000000026feb78 is pointing into the stack for thread: 0x0000000002785800
R8 =0x000000000000006e is an unknown value
R9 =0x0000000000000000 is an unknown value
R10=0x000000000000001b is an unknown value
R11=0x000000001beee9a1 is an unknown value
R12=0x0000000068d38260 is an unknown value
R13=0x000000001bed7620 is an unknown value
R14=0x0000000000000000 is an unknown value
R15=0x00000000026ff000 is pointing into the stack for thread: 0x0000000002785800


Stack: [0x0000000002600000,0x0000000002700000],  sp=0x00000000026feb00,  free space=1018k
Native frames: (J=compiled Java code, j=interpreted, Vv=VM code, C=native code)
C  [libtesseract-3.dll+0x189732]
C  [libtesseract-3.dll+0x18b1b4]
C  [libtesseract-3.dll+0x42123]
C  [libtesseract-3.dll+0x428fc]
C  [libtesseract-3.dll+0x43316]
C  [libtesseract-3.dll+0x1f1a]
C  [VisionProxy.dll+0x1e889]
C  [VisionProxy.dll+0x2ccc3]
C  [VisionProxy.dll+0x35c11]
C  0x0000000002898c67

Java frames: (J=compiled Java code, j=interpreted, Vv=VM code)
j  org.sikuli.natives.VisionProxyJNI.Vision_initOCR(Ljava/lang/String;)V+0
j  org.sikuli.natives.Vision.initOCR(Ljava/lang/String;)V+1
j  org.sikuli.script.TextRecognizer.init()V+171
j  org.sikuli.script.TextRecognizer.<init>()V+5
j  org.sikuli.script.TextRecognizer.getInstance()Lorg/sikuli/script/TextRecognizer;+10
j  org.sikuli.script.Image.text()Ljava/lang/String;+6
j  org.sikuli.script.Image.text(Ljava/lang/String;)Ljava/lang/String;+4
j  sikuli.TessaractFinal.main([Ljava/lang/String;)V+18
v  ~StubRoutines::call_stub

---------------  P R O C E S S  ---------------

Java Threads: ( => current thread )
  0x000000001b17b000 JavaThread "AWT-EventQueue-0" [_thread_blocked, id=16492, stack(0x000000001c000000,0x000000001c100000)]
  0x000000001b17a800 JavaThread "AWT-Shutdown" [_thread_blocked, id=14700, stack(0x000000001bf00000,0x000000001c000000)]
  0x0000000019787000 JavaThread "AWT-Windows" daemon [_thread_in_native, id=1000, stack(0x0000000019ec0000,0x0000000019fc0000)]
  0x000000001977f800 JavaThread "Java2D Disposer" daemon [_thread_blocked, id=14136, stack(0x0000000019c60000,0x0000000019d60000)]
  0x000000001740d800 JavaThread "Service Thread" daemon [_thread_blocked, id=16432, stack(0x0000000019110000,0x0000000019210000)]
  0x00000000173cc800 JavaThread "C1 CompilerThread2" daemon [_thread_blocked, id=17360, stack(0x0000000018c10000,0x0000000018d10000)]
  0x00000000173ba000 JavaThread "C2 CompilerThread1" daemon [_thread_blocked, id=11932, stack(0x0000000018b10000,0x0000000018c10000)]
  0x00000000173b6000 JavaThread "C2 CompilerThread0" daemon [_thread_blocked, id=14896, stack(0x0000000018a10000,0x0000000018b10000)]
  0x00000000173b3800 JavaThread "Attach Listener" daemon [_thread_blocked, id=10528, stack(0x0000000018910000,0x0000000018a10000)]
  0x00000000173b2800 JavaThread "Signal Dispatcher" daemon [_thread_blocked, id=11872, stack(0x0000000018810000,0x0000000018910000)]
  0x00000000173a0000 JavaThread "Finalizer" daemon [_thread_blocked, id=16004, stack(0x0000000018610000,0x0000000018710000)]
  0x0000000002875000 JavaThread "Reference Handler" daemon [_thread_blocked, id=11344, stack(0x0000000018510000,0x0000000018610000)]
=>0x0000000002785800 JavaThread "main" [_thread_in_native, id=228, stack(0x0000000002600000,0x0000000002700000)]

Other Threads:
  0x0000000017378000 VMThread [stack: 0x0000000018410000,0x0000000018510000] [id=6844]
  0x0000000018d83800 WatcherThread [stack: 0x0000000019210000,0x0000000019310000] [id=7768]

VM state:not at safepoint (normal execution)

VM Mutex/Monitor currently owned by a thread: None

heap address: 0x0000000081c00000, size: 2020 MB, Compressed Oops mode: 32-bit
Narrow klass base: 0x0000000000000000, Narrow klass shift: 3
Compressed class space size: 1073741824 Address: 0x0000000100000000

Heap:
 PSYoungGen      total 38400K, used 24961K [0x00000000d5f00000, 0x00000000d8980000, 0x0000000100000000)
  eden space 33280K, 75% used [0x00000000d5f00000,0x00000000d7760680,0x00000000d7f80000)
  from space 5120K, 0% used [0x00000000d8480000,0x00000000d8480000,0x00000000d8980000)
  to   space 5120K, 0% used [0x00000000d7f80000,0x00000000d7f80000,0x00000000d8480000)
 ParOldGen       total 87552K, used 0K [0x0000000081c00000, 0x0000000087180000, 0x00000000d5f00000)
  object space 87552K, 0% used [0x0000000081c00000,0x0000000081c00000,0x0000000087180000)
 Metaspace       used 9809K, capacity 10028K, committed 10112K, reserved 1058816K
  class space    used 1072K, capacity 1148K, committed 1152K, reserved 1048576K

Card table byte_map: [0x0000000011c40000,0x0000000012040000] byte_map_base: 0x0000000011832000

Marking Bits: (ParMarkBitMap*) 0x0000000059aeaf90
 Begin Bits: [0x00000000126f0000, 0x0000000014680000)
 End Bits:   [0x0000000014680000, 0x0000000016610000)

Polling page: 0x0000000002700000

CodeCache: size=245760Kb used=3137Kb max_used=3137Kb free=242622Kb
 bounds [0x0000000002880000, 0x0000000002ba0000, 0x0000000011880000]
 total_blobs=1165 nmethods=737 adapters=341
 compilation: enabled

Compilation events (10 events):
Event: 2.796 Thread 0x00000000173cc800 nmethod 733 0x0000000002b7e3d0 code [0x0000000002b7e6a0, 0x0000000002b7fb28]
Event: 2.796 Thread 0x00000000173cc800  734   !   3       java.io.WinNTFileSystem::resolve (362 bytes)
Event: 2.803 Thread 0x00000000173cc800 nmethod 734 0x0000000002b80490 code [0x0000000002b80d00, 0x0000000002b868b8]
Event: 2.803 Thread 0x00000000173cc800  735       3       java.lang.Class::reflectionData (49 bytes)
Event: 2.804 Thread 0x00000000173cc800 nmethod 735 0x0000000002b8a410 code [0x0000000002b8a5a0, 0x0000000002b8aaa8]
Event: 2.805 Thread 0x00000000173b6000 nmethod 723 0x0000000002b8ec10 code [0x0000000002b8edc0, 0x0000000002b8fdc8]
Event: 2.809 Thread 0x00000000173cc800  736  s    3       java.util.Stack::peek (25 bytes)
Event: 2.810 Thread 0x00000000173cc800 nmethod 736 0x0000000002b8d8d0 code [0x0000000002b8da60, 0x0000000002b8e098]
Event: 2.810 Thread 0x00000000173cc800  737       3       java.util.Stack::push (7 bytes)
Event: 2.810 Thread 0x00000000173cc800 nmethod 737 0x0000000002b8d490 code [0x0000000002b8d600, 0x0000000002b8d828]

GC Heap History (0 events):
No events

Deoptimization events (7 events):
Event: 0.354 Thread 0x0000000002785800 Uncommon trap: reason=unstable_if action=reinterpret pc=0x000000000298cba0 method=java.lang.String.hashCode()I @ 14
Event: 0.870 Thread 0x0000000002785800 Uncommon trap: reason=null_check action=make_not_entrant pc=0x0000000002a4eed4 method=java.lang.String.equals(Ljava/lang/Object;)Z @ 8
Event: 1.108 Thread 0x0000000002785800 Uncommon trap: reason=unstable_if action=reinterpret pc=0x0000000002aaf2c8 method=java.net.URI.match(CJJ)Z @ 19
Event: 1.157 Thread 0x0000000002785800 Uncommon trap: reason=unstable_if action=reinterpret pc=0x0000000002a55f7c method=java.lang.String.indexOf([CII[CIII)I @ 3
Event: 1.864 Thread 0x0000000002785800 Uncommon trap: reason=class_check action=maybe_recompile pc=0x0000000002abaae8 method=sun.misc.URLClassPath.getLoader(I)Lsun/misc/URLClassPath$Loader; @ 94
Event: 1.867 Thread 0x0000000002785800 Uncommon trap: reason=class_check action=maybe_recompile pc=0x0000000002abaae8 method=sun.misc.URLClassPath.getLoader(I)Lsun/misc/URLClassPath$Loader; @ 94
Event: 2.721 Thread 0x0000000002785800 Uncommon trap: reason=unstable_if action=reinterpret pc=0x0000000002b6fbc4 method=org.sikuli.basics.AnimatorTimeValueFunction.isEnd(J)Z @ 6

Classes redefined (0 events):
No events

Internal exceptions (10 events):
Event: 1.113 Thread 0x0000000002785800 Exception <a 'java/lang/ClassNotFoundException': sun/net/www/protocol/c/Handler> (0x00000000d6b7da50) thrown at [C:\jenkins\workspace\8-2-build-windows-amd64-cygwin\jdk8u251\737\hotspot\src\share\vm\classfile\systemDictionary.cpp, line 210]
Event: 1.114 Thread 0x0000000002785800 Exception <a 'java/lang/ClassNotFoundException': sun/net/www/protocol/c/Handler> (0x00000000d6b87660) thrown at [C:\jenkins\workspace\8-2-build-windows-amd64-cygwin\jdk8u251\737\hotspot\src\share\vm\classfile\systemDictionary.cpp, line 210]
Event: 1.920 Thread 0x0000000002785800 Exception <a 'java/security/PrivilegedActionException'> (0x00000000d6f07918) thrown at [C:\jenkins\workspace\8-2-build-windows-amd64-cygwin\jdk8u251\737\hotspot\src\share\vm\prims\jvm.cpp, line 1502]
Event: 1.920 Thread 0x0000000002785800 Exception <a 'java/security/PrivilegedActionException'> (0x00000000d6f07d10) thrown at [C:\jenkins\workspace\8-2-build-windows-amd64-cygwin\jdk8u251\737\hotspot\src\share\vm\prims\jvm.cpp, line 1502]
Event: 1.921 Thread 0x0000000002785800 Exception <a 'java/security/PrivilegedActionException'> (0x00000000d6f0bd50) thrown at [C:\jenkins\workspace\8-2-build-windows-amd64-cygwin\jdk8u251\737\hotspot\src\share\vm\prims\jvm.cpp, line 1502]
Event: 1.921 Thread 0x0000000002785800 Exception <a 'java/security/PrivilegedActionException'> (0x00000000d6f0c148) thrown at [C:\jenkins\workspace\8-2-build-windows-amd64-cygwin\jdk8u251\737\hotspot\src\share\vm\prims\jvm.cpp, line 1502]
Event: 2.056 Thread 0x0000000002785800 Exception <a 'java/lang/ArrayIndexOutOfBoundsException'> (0x00000000d7065c98) thrown at [C:\jenkins\workspace\8-2-build-windows-amd64-cygwin\jdk8u251\737\hotspot\src\share\vm\runtime\sharedRuntime.cpp, line 605]
Event: 2.057 Thread 0x0000000002785800 Exception <a 'java/lang/ArrayIndexOutOfBoundsException'> (0x00000000d7066988) thrown at [C:\jenkins\workspace\8-2-build-windows-amd64-cygwin\jdk8u251\737\hotspot\src\share\vm\runtime\sharedRuntime.cpp, line 605]
Event: 2.058 Thread 0x0000000002785800 Exception <a 'java/lang/ArrayIndexOutOfBoundsException'> (0x00000000d70681c0) thrown at [C:\jenkins\workspace\8-2-build-windows-amd64-cygwin\jdk8u251\737\hotspot\src\share\vm\runtime\sharedRuntime.cpp, line 605]
Event: 2.122 Thread 0x0000000002785800 Exception <a 'java/lang/ArrayIndexOutOfBoundsException'> (0x00000000d72c4dd0) thrown at [C:\jenkins\workspace\8-2-build-windows-amd64-cygwin\jdk8u251\737\hotspot\src\share\vm\runtime\sharedRuntime.cpp, line 605]

Events (10 events):
Event: 2.818 loading class com/sun/imageio/plugins/common/ReaderUtil
Event: 2.818 loading class com/sun/imageio/plugins/common/ReaderUtil done
Event: 2.821 loading class java/io/RandomAccessFile$1
Event: 2.821 loading class java/io/RandomAccessFile$1 done
Event: 2.826 loading class org/sikuli/script/TextRecognizer
Event: 2.826 loading class org/sikuli/script/TextRecognizer done
Event: 2.827 loading class org/sikuli/natives/Vision
Event: 2.828 loading class org/sikuli/natives/Vision done
Event: 2.828 loading class org/sikuli/natives/VisionProxyJNI
Event: 2.828 loading class org/sikuli/natives/VisionProxyJNI done


Dynamic libraries:
0x00007ff65c1f0000 - 0x00007ff65c227000 	C:\Program Files\Java\jre1.8.0_251\bin\javaw.exe
0x00007ffc42460000 - 0x00007ffc42650000 	C:\Windows\SYSTEM32\ntdll.dll
0x00007ffc367e0000 - 0x00007ffc367f3000 	C:\Program Files\Avast Software\Avast\aswhook.dll
0x00007ffc411e0000 - 0x00007ffc41292000 	C:\Windows\System32\KERNEL32.DLL
0x00007ffc3f7c0000 - 0x00007ffc3fa64000 	C:\Windows\System32\KERNELBASE.dll
0x00007ffc417e0000 - 0x00007ffc41883000 	C:\Windows\System32\ADVAPI32.dll
0x00007ffc41730000 - 0x00007ffc417ce000 	C:\Windows\System32\msvcrt.dll
0x00007ffc40510000 - 0x00007ffc405a7000 	C:\Windows\System32\sechost.dll
0x00007ffc42300000 - 0x00007ffc42420000 	C:\Windows\System32\RPCRT4.dll
0x00007ffc41380000 - 0x00007ffc41514000 	C:\Windows\System32\USER32.dll
0x00007ffc3f670000 - 0x00007ffc3f691000 	C:\Windows\System32\win32u.dll
0x00007ffc40a20000 - 0x00007ffc40a46000 	C:\Windows\System32\GDI32.dll
0x00007ffc3f4d0000 - 0x00007ffc3f664000 	C:\Windows\System32\gdi32full.dll
0x00007ffc3f6a0000 - 0x00007ffc3f73e000 	C:\Windows\System32\msvcp_win.dll
0x00007ffc3fa70000 - 0x00007ffc3fb6a000 	C:\Windows\System32\ucrtbase.dll
0x00007ffc36270000 - 0x00007ffc364f4000 	C:\Windows\WinSxS\amd64_microsoft.windows.common-controls_6595b64144ccf1df_6.0.18362.836_none_e6c4b943130f18ed\COMCTL32.dll
0x00007ffc40680000 - 0x00007ffc409b6000 	C:\Windows\System32\combase.dll
0x00007ffc3f740000 - 0x00007ffc3f7c0000 	C:\Windows\System32\bcryptPrimitives.dll
0x00007ffc41140000 - 0x00007ffc4116e000 	C:\Windows\System32\IMM32.DLL
0x0000000059050000 - 0x0000000059122000 	C:\Program Files\Java\jre1.8.0_251\bin\msvcr100.dll
0x00000000592c0000 - 0x0000000059b6b000 	C:\Program Files\Java\jre1.8.0_251\bin\server\jvm.dll
0x00007ffc41720000 - 0x00007ffc41728000 	C:\Windows\System32\PSAPI.DLL
0x00007ffc35610000 - 0x00007ffc35619000 	C:\Windows\SYSTEM32\WSOCK32.dll
0x00007ffc41310000 - 0x00007ffc4137f000 	C:\Windows\System32\WS2_32.dll
0x00007ffc36ec0000 - 0x00007ffc36ee4000 	C:\Windows\SYSTEM32\WINMM.dll
0x00007ffc3de40000 - 0x00007ffc3de4a000 	C:\Windows\SYSTEM32\VERSION.dll
0x00007ffc36e90000 - 0x00007ffc36ebd000 	C:\Windows\SYSTEM32\WINMMBASE.dll
0x00007ffc3f480000 - 0x00007ffc3f4ca000 	C:\Windows\System32\cfgmgr32.dll
0x00007ffc3d2c0000 - 0x00007ffc3d2cf000 	C:\Program Files\Java\jre1.8.0_251\bin\verify.dll
0x00007ffc2af10000 - 0x00007ffc2af39000 	C:\Program Files\Java\jre1.8.0_251\bin\java.dll
0x00007ffc3ae20000 - 0x00007ffc3ae36000 	C:\Program Files\Java\jre1.8.0_251\bin\zip.dll
0x00007ffc40a50000 - 0x00007ffc41134000 	C:\Windows\System32\SHELL32.dll
0x00007ffc41d00000 - 0x00007ffc41da9000 	C:\Windows\System32\shcore.dll
0x00007ffc3fc20000 - 0x00007ffc4039e000 	C:\Windows\System32\windows.storage.dll
0x00007ffc3f3c0000 - 0x00007ffc3f3e3000 	C:\Windows\System32\profapi.dll
0x00007ffc3f350000 - 0x00007ffc3f39a000 	C:\Windows\System32\powrprof.dll
0x00007ffc3f320000 - 0x00007ffc3f330000 	C:\Windows\System32\UMPDC.dll
0x00007ffc409c0000 - 0x00007ffc40a12000 	C:\Windows\System32\shlwapi.dll
0x00007ffc3f3a0000 - 0x00007ffc3f3b1000 	C:\Windows\System32\kernel.appcore.dll
0x00007ffc403a0000 - 0x00007ffc403b7000 	C:\Windows\System32\cryptsp.dll
0x00007ffc042b0000 - 0x00007ffc0444a000 	C:\Program Files\Java\jre1.8.0_251\bin\awt.dll
0x00007ffc405b0000 - 0x00007ffc40674000 	C:\Windows\System32\OLEAUT32.dll
0x00007ffc3d230000 - 0x00007ffc3d2bf000 	C:\Windows\SYSTEM32\apphelp.dll
0x00007ffc3d860000 - 0x00007ffc3d88d000 	C:\Windows\system32\DWMAPI.DLL
0x00007ffc3d320000 - 0x00007ffc3d3b9000 	C:\Windows\system32\uxtheme.dll
0x00007ffc2d000000 - 0x00007ffc2d156000 	C:\Windows\system32\opengl32.dll
0x00007ffc37e90000 - 0x00007ffc37ebc000 	C:\Windows\SYSTEM32\GLU32.dll
0x00007ffc3df90000 - 0x00007ffc3dfb0000 	C:\Windows\SYSTEM32\dxcore.dll
0x00007ffc41db0000 - 0x00007ffc41ee6000 	C:\Windows\System32\MSCTF.dll
0x00007ffc41520000 - 0x00007ffc41677000 	C:\Windows\System32\ole32.dll
0x00007ffc3e6a0000 - 0x00007ffc3e6d3000 	C:\Windows\system32\rsaenh.dll
0x00007ffc3f450000 - 0x00007ffc3f476000 	C:\Windows\System32\bcrypt.dll
0x00007ffc3f210000 - 0x00007ffc3f235000 	C:\Windows\SYSTEM32\USERENV.dll
0x00007ffc3ed00000 - 0x00007ffc3ed0c000 	C:\Windows\SYSTEM32\CRYPTBASE.dll
0x00007ffc39160000 - 0x00007ffc3917a000 	C:\Program Files\Java\jre1.8.0_251\bin\net.dll
0x00007ffc3eb30000 - 0x00007ffc3eb97000 	C:\Windows\system32\mswsock.dll
0x00007ffc3e840000 - 0x00007ffc3e87a000 	C:\Windows\SYSTEM32\IPHLPAPI.DLL
0x00007ffc411d0000 - 0x00007ffc411d8000 	C:\Windows\System32\NSI.dll
0x00007ffc39a20000 - 0x00007ffc39a36000 	C:\Windows\SYSTEM32\dhcpcsvc6.DLL
0x00007ffc39970000 - 0x00007ffc3998c000 	C:\Windows\SYSTEM32\dhcpcsvc.DLL
0x00007ffc3e880000 - 0x00007ffc3e94b000 	C:\Windows\SYSTEM32\DNSAPI.dll
0x00007ffc30df0000 - 0x00007ffc30e02000 	C:\Program Files\Java\jre1.8.0_251\bin\nio.dll
0x00007ffc2ae60000 - 0x00007ffc2ae89000 	C:\Users\user\AppData\Local\Temp\BridJExtractedLibraries5574088672446322165\bridj.dll
0x00000000681c0000 - 0x0000000068224000 	C:\Users\user\AppData\Roaming\Sikulix\SikulixLibs_201510081336\VisionProxy.dll
0x0000000061440000 - 0x000000006145a000 	C:\Users\user\AppData\Roaming\Sikulix\SikulixLibs_201510081336\libgcc_s_seh-1.dll
0x000000006fc40000 - 0x000000006fd2a000 	C:\Users\user\AppData\Roaming\Sikulix\SikulixLibs_201510081336\libstdc++-6.dll
0x00000000631c0000 - 0x0000000063295000 	C:\Users\user\AppData\Roaming\Sikulix\SikulixLibs_201510081336\libopencv_highgui248.dll
0x0000000065d80000 - 0x0000000065fd7000 	C:\Users\user\AppData\Roaming\Sikulix\SikulixLibs_201510081336\libopencv_imgproc248.dll
0x000000006fd80000 - 0x000000006ff7e000 	C:\Users\user\AppData\Roaming\Sikulix\SikulixLibs_201510081336\libopencv_core248.dll
0x0000000068a00000 - 0x0000000068d9e000 	C:\Users\user\AppData\Roaming\Sikulix\SikulixLibs_201510081336\libtesseract-3.dll
0x0000000064940000 - 0x0000000064955000 	C:\Users\user\AppData\Roaming\Sikulix\SikulixLibs_201510081336\libwinpthread-1.dll
0x000000006ef80000 - 0x000000006f135000 	C:\Users\user\AppData\Roaming\Sikulix\SikulixLibs_201510081336\liblept-3.dll
0x0000000061a00000 - 0x0000000061a32000 	C:\Users\user\AppData\Roaming\Sikulix\SikulixLibs_201510081336\libpng14-14.dll
0x0000000065500000 - 0x0000000065523000 	C:\Users\user\AppData\Roaming\Sikulix\SikulixLibs_201510081336\libz-1.dll
0x00007ffc38590000 - 0x00007ffc38784000 	C:\Windows\SYSTEM32\dbghelp.dll

VM Arguments:
jvm_args: -Dfile.encoding=Cp1252 
java_command: sikuli.TessaractFinal
java_class_path (initial): C:\Users\user\eclipse-workspace\sikuli\target\test-classes;C:\Users\user\eclipse-workspace\sikuli\target\classes;C:\Users\user\.m2\repository\net\sourceforge\tess4j\tess4j\4.2.1\tess4j-4.2.1.jar;C:\Users\user\.m2\repository\net\java\dev\jna\jna\4.1.0\jna-4.1.0.jar;C:\Users\user\.m2\repository\com\github\jai-imageio\jai-imageio-core\1.4.0\jai-imageio-core-1.4.0.jar;C:\Users\user\.m2\repository\org\ghost4j\ghost4j\1.0.1\ghost4j-1.0.1.jar;C:\Users\user\.m2\repository\log4j\log4j\1.2.17\log4j-1.2.17.jar;C:\Users\user\.m2\repository\commons-beanutils\commons-beanutils\1.9.2\commons-beanutils-1.9.2.jar;C:\Users\user\.m2\repository\commons-collections\commons-collections\3.2.1\commons-collections-3.2.1.jar;C:\Users\user\.m2\repository\org\apache\xmlgraphics\xmlgraphics-commons\1.4\xmlgraphics-commons-1.4.jar;C:\Users\user\.m2\repository\com\lowagie\itext\2.1.7\itext-2.1.7.jar;C:\Users\user\.m2\repository\org\apache\pdfbox\pdfbox\2.0.11\pdfbox-2.0.11.jar;C:\Users\user\.m2\repository\org\apache\pdfbox\fontbox\2.0.11\fontbox-2.0.11.jar;C:\Users\user\.m2\repository\commons-logging\commons-logging\1.2\commons-logging-1.2.jar;C:\Users\user\.m2\repository\org\apache\pdfbox\pdfbox-tools\2.0.11\pdfbox-tools-2.0.11.jar;C:\Users\user\.m2\repository\org\apache\pdfbox\pdfbox-debugger\2.0.11\pdfbox-debugger-2.0.11.jar;C:\Users\user\.m2\repository\org\apache\pdfbox\jbig2-imageio\3.0.1\jbig2-imageio-3.0.1.jar;C:\Users\user\.m2\repository\commons-io\commons-io\2.6\commons-io-2.6.jar;C:\Users\user\.m2\repository\net\sourceforge\lept4j\lept4j\1.10.0\lept4j-1.10.0.jar;C:\Users\user\.m2\repository\org\jboss\jboss-vfs\3.2.13.Final\jboss-vfs-3.2.13.Final.jar;C:\Users\user\.m2\repository\org\jboss\logging\jboss-logging\3.1.4.GA\jboss-logging-3.1.4.GA.jar;C:\Users\user\.m2\repository\ch\qos\logback\logback-classic\1.2.3\logback-classic-1.2.3.jar;C:\Users\user\.m2\repository\ch\qos\logback\logback-core\1.2.3\logback-core-1.2.3.jar;C:\Users\user\.m2\repository\org\slf4j\
Launcher Type: SUN_STANDARD

Environment Variables:
JAVA_HOME=C:\Program Files\Java\jdk1.8.0_251
PATH=C:\Users\user\AppData\Roaming\Sikulix\SikulixLibs_201510081336;C:/Program Files/Java/jre1.8.0_251/bin/server;C:/Program Files/Java/jre1.8.0_251/bin;C:/Program Files/Java/jre1.8.0_251/lib/amd64;C:\Program Files (x86)\Common Files\Oracle\Java\javapath;D:\Program Files\Java\jdk-14.0.1;C:\Windows\system32;C:\Windows;C:\Windows\System32\Wbem;C:\Windows\System32\WindowsPowerShell\v1.0\;C:\Windows\System32\OpenSSH\;C:\Program Files\Java\jdk1.8.0_251bin;C:\Program Files\nodejs\;C:\Program Files\nodejs\node_modules\npm\bin;C:\Program Files\Git\cmd;F:\sikulisetup\sikulisetup\libs;G:\sikulisetup\libs;C:\Users\user\AppData\Local\Microsoft\WindowsApps;C:\Program Files\Java\jdk1.8.0_251;C:\Program Files\Android\Android Studio\bin;C:\Program Files\Java\jre1.8.0_251;G:\Flutter\Flutter\DownloadFlutter\flutter\bin;C:\Users\user\AppData\Roaming\npm;C:\Program Files\nodejs\node_modules\npm\bin;;C:\Users\user\AppData\Local\Programs\Microsoft VS Code\bin;C:\Windows\System32;
USERNAME=user
OS=Windows_NT
PROCESSOR_IDENTIFIER=Intel64 Family 6 Model 58 Stepping 9, GenuineIntel



---------------  S Y S T E M  ---------------

OS: Windows 10.0 , 64 bit Build 18362 (10.0.18362.778)

CPU:total 4 (initial active 4) (2 cores per cpu, 2 threads per core) family 6 model 58 stepping 9, cmov, cx8, fxsr, mmx, sse, sse2, sse3, ssse3, sse4.1, sse4.2, popcnt, avx, aes, clmul, erms, ht, tsc, tscinvbit, tscinv

Memory: 4k page, physical 8273256k(1256588k free), swap 15017000k(2279108k free)

vm_info: Java HotSpot(TM) 64-Bit Server VM (25.251-b08) for windows-amd64 JRE (1.8.0_251-b08), built on Mar 12 2020 06:31:49 by "" with MS VC++ 10.0 (VS2010)

time: Thu Jun 04 19:56:45 2020
timezone: India Standard Time
elapsed time: 2 seconds (0d 0h 0m 2s)

