#
# A fatal error has been detected by the Java Runtime Environment:
#
#  EXCEPTION_ACCESS_VIOLATION (0xc0000005) at pc=0x0000000068b89732, pid=8956, tid=0x0000000000005b38
#
# JRE version: Java(TM) SE Runtime Environment (8.0_251-b08) (build 1.8.0_251-b08)
# Java VM: Java HotSpot(TM) 64-Bit Server VM (25.251-b08 mixed mode windows-amd64 compressed oops)
# Problematic frame:
# C  [libtesseract-3.dll+0x189732]
#
# Failed to write core dump. Minidumps are not enabled by default on client versions of Windows
#
# If you would like to submit a bug report, please visit:
#   http://bugreport.java.com/bugreport/crash.jsp
# The crash happened outside the Java Virtual Machine in native code.
# See problematic frame for where to report the bug.
#

---------------  T H R E A D  ---------------

Current thread (0x0000000003035800):  JavaThread "main" [_thread_in_native, id=23352, stack(0x0000000002f30000,0x0000000003030000)]

siginfo: ExceptionCode=0xc0000005, reading address 0x0000000000000000

Registers:
RAX=0x0000000000000000, RBX=0x000000000302e8b0, RCX=0x00000000ffffffff, RDX=0x0000000000000002
RSP=0x000000000302e880, RBP=0x0000000068c06860, RSI=0x0000000000000002, RDI=0x000000000302e8f8
R8 =0x000000000000006e, R9 =0x0000000000000000, R10=0x000000000000001b, R11=0x0000000020433c81
R12=0x0000000068d38260, R13=0x0000000020418550, R14=0x0000000000000000, R15=0x000000000302ed80
RIP=0x0000000068b89732, EFLAGS=0x0000000000010246

Top of Stack: (sp=0x000000000302e880)
0x000000000302e880:   000000000302e8b0 00007ff953b7fa60
0x000000000302e890:   0000000000000002 000000000302e8f8
0x000000000302e8a0:   000000000302e9d0 000000000302ed00
0x000000000302e8b0:   745f6c6175746361 5f61746164737365
0x000000000302e8c0:   72746e655f6d756e 203d3c205f736569
0x000000000302e8d0:   4154414453534554 544e455f4d554e5f
0x000000000302e8e0:   7272453a53454952 72657373413a726f
0x000000000302e8f0:   64656c6961662074 656c6966206e693a
0x000000000302e900:   7461647373657420 726567616e616d61
0x000000000302e910:   696c202c7070632e 00000a303520656e
0x000000000302e920:   0000000000000000 00007ff96e0893f5
0x000000000302e930:   0000000000001010 0000000000000000
0x000000000302e940:   00000000000008e0 0000000080000000
0x000000000302e950:   0000000000000010 00000000015f1dd2
0x000000000302e960:   00000000810074f5 000000000147ff70
0x000000000302e970:   000000006e0893f5 0000000000a800a6 

Instructions: (pc=0x0000000068b89732)
0x0000000068b89712:   ff 15 e0 e8 20 00 48 8d 50 60 48 89 d9 e8 5c 65
0x0000000068b89722:   01 00 83 fe ff 7c 14 85 f6 7e 2d 83 fe 02 7f 0b
0x0000000068b89732:   8b 04 25 00 00 00 00 85 c0 74 3d 48 8d 15 a9 cd
0x0000000068b89742:   07 00 48 8d 0d d5 e9 1a 00 45 31 c9 41 b8 02 00 


Register to memory mapping:

RAX=0x0000000000000000 is an unknown value
RBX=0x000000000302e8b0 is pointing into the stack for thread: 0x0000000003035800
RCX=0x00000000ffffffff is an unallocated location in the heap
RDX=0x0000000000000002 is an unknown value
RSP=0x000000000302e880 is pointing into the stack for thread: 0x0000000003035800
RBP=0x0000000068c06860 is an unknown value
RSI=0x0000000000000002 is an unknown value
RDI=0x000000000302e8f8 is pointing into the stack for thread: 0x0000000003035800
R8 =0x000000000000006e is an unknown value
R9 =0x0000000000000000 is an unknown value
R10=0x000000000000001b is an unknown value
R11=0x0000000020433c81 is an unknown value
R12=0x0000000068d38260 is an unknown value
R13=0x0000000020418550 is an unknown value
R14=0x0000000000000000 is an unknown value
R15=0x000000000302ed80 is pointing into the stack for thread: 0x0000000003035800


Stack: [0x0000000002f30000,0x0000000003030000],  sp=0x000000000302e880,  free space=1018k
Native frames: (J=compiled Java code, j=interpreted, Vv=VM code, C=native code)
C  [libtesseract-3.dll+0x189732]
C  [libtesseract-3.dll+0x18b1b4]
C  [libtesseract-3.dll+0x42123]
C  [libtesseract-3.dll+0x428fc]
C  [libtesseract-3.dll+0x43316]
C  [libtesseract-3.dll+0x1f1a]
C  [VisionProxy.dll+0x1e889]
C  [VisionProxy.dll+0x2ccc3]
C  [VisionProxy.dll+0x35c11]
C  0x0000000003148c67

Java frames: (J=compiled Java code, j=interpreted, Vv=VM code)
j  org.sikuli.natives.VisionProxyJNI.Vision_initOCR(Ljava/lang/String;)V+0
j  org.sikuli.natives.Vision.initOCR(Ljava/lang/String;)V+1
j  org.sikuli.script.TextRecognizer.init()V+171
j  org.sikuli.script.TextRecognizer.<init>()V+5
j  org.sikuli.script.TextRecognizer.getInstance()Lorg/sikuli/script/TextRecognizer;+10
j  org.sikuli.script.Region.text()Ljava/lang/String;+32
j  sikuli.Text.main([Ljava/lang/String;)V+84
v  ~StubRoutines::call_stub

---------------  P R O C E S S  ---------------

Java Threads: ( => current thread )
  0x000000001a085800 JavaThread "AWT-EventQueue-0" [_thread_blocked, id=11740, stack(0x0000000020640000,0x0000000020740000)]
  0x000000001a080000 JavaThread "AWT-Shutdown" [_thread_blocked, id=17944, stack(0x000000001fea0000,0x000000001ffa0000)]
  0x000000001a084800 JavaThread "AWT-Windows" daemon [_thread_in_native, id=1332, stack(0x000000001ffa0000,0x00000000200a0000)]
  0x0000000017c7d800 JavaThread "Java2D Disposer" daemon [_thread_blocked, id=24948, stack(0x000000001fd30000,0x000000001fe30000)]
  0x0000000017c7b800 JavaThread "AsyncHttpClient-3-3" [_thread_in_native, id=9244, stack(0x000000001ea20000,0x000000001eb20000)]
  0x0000000017c7f000 JavaThread "AsyncHttpClient-3-2" [_thread_in_native, id=21840, stack(0x000000001c400000,0x000000001c500000)]
  0x0000000017c7c800 JavaThread "AsyncHttpClient-3-1" [_thread_in_native, id=24788, stack(0x000000001c900000,0x000000001ca00000)]
  0x0000000017c82800 JavaThread "Exec Stream Pumper" daemon [_thread_in_native, id=18476, stack(0x000000001c300000,0x000000001c400000)]
  0x0000000017c80800 JavaThread "Exec Stream Pumper" daemon [_thread_in_native, id=24016, stack(0x000000001c200000,0x000000001c300000)]
  0x0000000017c82000 JavaThread "UrlChecker-2" daemon [_thread_blocked, id=22788, stack(0x000000001c000000,0x000000001c100000)]
  0x0000000019818800 JavaThread "Exec Default Executor" daemon [_thread_in_native, id=20412, stack(0x000000001bf00000,0x000000001c000000)]
  0x000000001acc9000 JavaThread "AsyncHttpClient-timer-1-1" [_thread_blocked, id=2468, stack(0x000000001bc00000,0x000000001bd00000)]
  0x00000000195f0000 JavaThread "Service Thread" daemon [_thread_blocked, id=25588, stack(0x00000000199b0000,0x0000000019ab0000)]
  0x0000000017c7e000 JavaThread "C1 CompilerThread2" daemon [_thread_blocked, id=11404, stack(0x00000000194b0000,0x00000000195b0000)]
  0x0000000017c76000 JavaThread "C2 CompilerThread1" daemon [_thread_blocked, id=11960, stack(0x00000000193b0000,0x00000000194b0000)]
  0x0000000017c68800 JavaThread "C2 CompilerThread0" daemon [_thread_blocked, id=24120, stack(0x00000000192b0000,0x00000000193b0000)]
  0x0000000017c66000 JavaThread "Attach Listener" daemon [_thread_blocked, id=15944, stack(0x00000000191b0000,0x00000000192b0000)]
  0x0000000017c65000 JavaThread "Signal Dispatcher" daemon [_thread_blocked, id=23524, stack(0x00000000190b0000,0x00000000191b0000)]
  0x0000000017c4f800 JavaThread "Finalizer" daemon [_thread_blocked, id=8052, stack(0x0000000018eb0000,0x0000000018fb0000)]
  0x0000000003125800 JavaThread "Reference Handler" daemon [_thread_blocked, id=23344, stack(0x0000000018db0000,0x0000000018eb0000)]
=>0x0000000003035800 JavaThread "main" [_thread_in_native, id=23352, stack(0x0000000002f30000,0x0000000003030000)]

Other Threads:
  0x0000000017c28800 VMThread [stack: 0x0000000018cb0000,0x0000000018db0000] [id=22576]
  0x0000000019632000 WatcherThread [stack: 0x0000000019ab0000,0x0000000019bb0000] [id=21084]

VM state:not at safepoint (normal execution)

VM Mutex/Monitor currently owned by a thread: None

heap address: 0x0000000081c00000, size: 2020 MB, Compressed Oops mode: 32-bit
Narrow klass base: 0x0000000000000000, Narrow klass shift: 3
Compressed class space size: 1073741824 Address: 0x0000000100000000

Heap:
 PSYoungGen      total 64512K, used 22935K [0x00000000d5f00000, 0x00000000dd300000, 0x0000000100000000)
  eden space 33792K, 16% used [0x00000000d5f00000,0x00000000d6493f68,0x00000000d8000000)
  from space 30720K, 56% used [0x00000000d9d00000,0x00000000dadd2040,0x00000000dbb00000)
  to   space 29696K, 0% used [0x00000000d8000000,0x00000000d8000000,0x00000000d9d00000)
 ParOldGen       total 88576K, used 46141K [0x0000000081c00000, 0x0000000087280000, 0x00000000d5f00000)
  object space 88576K, 52% used [0x0000000081c00000,0x000000008490f6f8,0x0000000087280000)
 Metaspace       used 24575K, capacity 25386K, committed 25728K, reserved 1071104K
  class space    used 3104K, capacity 3345K, committed 3456K, reserved 1048576K

Card table byte_map: [0x00000000124f0000,0x00000000128f0000] byte_map_base: 0x00000000120e2000

Marking Bits: (ParMarkBitMap*) 0x0000000057f1af90
 Begin Bits: [0x0000000012fa0000, 0x0000000014f30000)
 End Bits:   [0x0000000014f30000, 0x0000000016ec0000)

Polling page: 0x0000000001580000

CodeCache: size=245760Kb used=5430Kb max_used=5628Kb free=240329Kb
 bounds [0x0000000003130000, 0x00000000036c0000, 0x0000000012130000]
 total_blobs=2246 nmethods=1671 adapters=487
 compilation: enabled

Compilation events (10 events):
Event: 15.703 Thread 0x0000000017c7e000 nmethod 1879 0x000000000364f010 code [0x000000000364f260, 0x0000000003650238]
Event: 15.706 Thread 0x0000000017c76000 1880 %     4       sun.java2d.loops.OpaqueCopyArgbToAny::Blit @ 172 (232 bytes)
Event: 15.708 Thread 0x0000000017c68800 nmethod 1876 0x0000000003563250 code [0x00000000035633e0, 0x0000000003563d58]
Event: 15.732 Thread 0x0000000017c76000 nmethod 1880% 0x000000000354d150 code [0x000000000354d2e0, 0x000000000354dde8]
Event: 15.784 Thread 0x0000000017c7e000 1881       3       sun.awt.image.ByteInterleavedRaster::getDataElements (132 bytes)
Event: 15.785 Thread 0x0000000017c7e000 nmethod 1881 0x00000000032a9750 code [0x00000000032a9900, 0x00000000032a9f28]
Event: 15.785 Thread 0x0000000017c68800 1882       4       sun.awt.image.ByteInterleavedRaster::getDataElements (132 bytes)
Event: 15.785 Thread 0x0000000017c7e000 1883 %     3       java.awt.image.ComponentColorModel::getDataElements @ 3019 (3206 bytes)
Event: 15.792 Thread 0x0000000017c68800 nmethod 1882 0x000000000354ca10 code [0x000000000354cb60, 0x000000000354cf58]
Event: 15.794 Thread 0x0000000017c7e000 nmethod 1883% 0x00000000032d71d0 code [0x00000000032d7de0, 0x00000000032dd568]

GC Heap History (10 events):
Event: 5.977 GC heap before
{Heap before GC invocations=3 (full 0):
 PSYoungGen      total 38400K, used 38368K [0x00000000d5f00000, 0x00000000d8980000, 0x0000000100000000)
  eden space 33280K, 100% used [0x00000000d5f00000,0x00000000d7f80000,0x00000000d7f80000)
  from space 5120K, 99% used [0x00000000d8480000,0x00000000d8978040,0x00000000d8980000)
  to   space 5120K, 0% used [0x00000000d7f80000,0x00000000d7f80000,0x00000000d8480000)
 ParOldGen       total 87552K, used 4123K [0x0000000081c00000, 0x0000000087180000, 0x00000000d5f00000)
  object space 87552K, 4% used [0x0000000081c00000,0x0000000082006c48,0x0000000087180000)
 Metaspace       used 19478K, capacity 20284K, committed 20480K, reserved 1067008K
  class space    used 2530K, capacity 2738K, committed 2816K, reserved 1048576K
Event: 5.987 GC heap after
Heap after GC invocations=3 (full 0):
 PSYoungGen      total 38400K, used 5090K [0x00000000d5f00000, 0x00000000d8980000, 0x0000000100000000)
  eden space 33280K, 0% used [0x00000000d5f00000,0x00000000d5f00000,0x00000000d7f80000)
  from space 5120K, 99% used [0x00000000d7f80000,0x00000000d8478b98,0x00000000d8480000)
  to   space 5120K, 0% used [0x00000000d8480000,0x00000000d8480000,0x00000000d8980000)
 ParOldGen       total 87552K, used 7907K [0x0000000081c00000, 0x0000000087180000, 0x00000000d5f00000)
  object space 87552K, 9% used [0x0000000081c00000,0x00000000823b8fb8,0x0000000087180000)
 Metaspace       used 19478K, capacity 20284K, committed 20480K, reserved 1067008K
  class space    used 2530K, capacity 2738K, committed 2816K, reserved 1048576K
}
Event: 11.889 GC heap before
{Heap before GC invocations=4 (full 0):
 PSYoungGen      total 38400K, used 32081K [0x00000000d5f00000, 0x00000000d8980000, 0x0000000100000000)
  eden space 33280K, 81% used [0x00000000d5f00000,0x00000000d795b8c8,0x00000000d7f80000)
  from space 5120K, 99% used [0x00000000d7f80000,0x00000000d8478b98,0x00000000d8480000)
  to   space 5120K, 0% used [0x00000000d8480000,0x00000000d8480000,0x00000000d8980000)
 ParOldGen       total 87552K, used 7907K [0x0000000081c00000, 0x0000000087180000, 0x00000000d5f00000)
  object space 87552K, 9% used [0x0000000081c00000,0x00000000823b8fb8,0x0000000087180000)
 Metaspace       used 20428K, capacity 21192K, committed 21296K, reserved 1067008K
  class space    used 2671K, capacity 2888K, committed 2944K, reserved 1048576K
Event: 11.909 GC heap after
Heap after GC invocations=4 (full 0):
 PSYoungGen      total 38400K, used 5104K [0x00000000d5f00000, 0x00000000d8980000, 0x0000000100000000)
  eden space 33280K, 0% used [0x00000000d5f00000,0x00000000d5f00000,0x00000000d7f80000)
  from space 5120K, 99% used [0x00000000d8480000,0x00000000d897c030,0x00000000d8980000)
  to   space 5120K, 0% used [0x00000000d7f80000,0x00000000d7f80000,0x00000000d8480000)
 ParOldGen       total 87552K, used 25853K [0x0000000081c00000, 0x0000000087180000, 0x00000000d5f00000)
  object space 87552K, 29% used [0x0000000081c00000,0x000000008353f6d8,0x0000000087180000)
 Metaspace       used 20428K, capacity 21192K, committed 21296K, reserved 1067008K
  class space    used 2671K, capacity 2888K, committed 2944K, reserved 1048576K
}
Event: 11.909 GC heap before
{Heap before GC invocations=5 (full 1):
 PSYoungGen      total 38400K, used 5104K [0x00000000d5f00000, 0x00000000d8980000, 0x0000000100000000)
  eden space 33280K, 0% used [0x00000000d5f00000,0x00000000d5f00000,0x00000000d7f80000)
  from space 5120K, 99% used [0x00000000d8480000,0x00000000d897c030,0x00000000d8980000)
  to   space 5120K, 0% used [0x00000000d7f80000,0x00000000d7f80000,0x00000000d8480000)
 ParOldGen       total 87552K, used 25853K [0x0000000081c00000, 0x0000000087180000, 0x00000000d5f00000)
  object space 87552K, 29% used [0x0000000081c00000,0x000000008353f6d8,0x0000000087180000)
 Metaspace       used 20428K, capacity 21192K, committed 21296K, reserved 1067008K
  class space    used 2671K, capacity 2888K, committed 2944K, reserved 1048576K
Event: 11.959 GC heap after
Heap after GC invocations=5 (full 1):
 PSYoungGen      total 38400K, used 0K [0x00000000d5f00000, 0x00000000d8980000, 0x0000000100000000)
  eden space 33280K, 0% used [0x00000000d5f00000,0x00000000d5f00000,0x00000000d7f80000)
  from space 5120K, 0% used [0x00000000d8480000,0x00000000d8480000,0x00000000d8980000)
  to   space 5120K, 0% used [0x00000000d7f80000,0x00000000d7f80000,0x00000000d8480000)
 ParOldGen       total 88576K, used 24503K [0x0000000081c00000, 0x0000000087280000, 0x00000000d5f00000)
  object space 88576K, 27% used [0x0000000081c00000,0x00000000833edff8,0x0000000087280000)
 Metaspace       used 20428K, capacity 21192K, committed 21296K, reserved 1067008K
  class space    used 2671K, capacity 2888K, committed 2944K, reserved 1048576K
}
Event: 15.574 GC heap before
{Heap before GC invocations=6 (full 1):
 PSYoungGen      total 38400K, used 30680K [0x00000000d5f00000, 0x00000000d8980000, 0x0000000100000000)
  eden space 33280K, 92% used [0x00000000d5f00000,0x00000000d7cf63a8,0x00000000d7f80000)
  from space 5120K, 0% used [0x00000000d8480000,0x00000000d8480000,0x00000000d8980000)
  to   space 5120K, 0% used [0x00000000d7f80000,0x00000000d7f80000,0x00000000d8480000)
 ParOldGen       total 88576K, used 24503K [0x0000000081c00000, 0x0000000087280000, 0x00000000d5f00000)
  object space 88576K, 27% used [0x0000000081c00000,0x00000000833edff8,0x0000000087280000)
 Metaspace       used 24505K, capacity 25386K, committed 25728K, reserved 1071104K
  class space    used 3098K, capacity 3345K, committed 3456K, reserved 1048576K
Event: 15.585 GC heap after
Heap after GC invocations=6 (full 1):
 PSYoungGen      total 37888K, used 5090K [0x00000000d5f00000, 0x00000000dbb00000, 0x0000000100000000)
  eden space 32768K, 0% used [0x00000000d5f00000,0x00000000d5f00000,0x00000000d7f00000)
  from space 5120K, 99% used [0x00000000d7f80000,0x00000000d8478810,0x00000000d8480000)
  to   space 30720K, 0% used [0x00000000d9d00000,0x00000000d9d00000,0x00000000dbb00000)
 ParOldGen       total 88576K, used 46133K [0x0000000081c00000, 0x0000000087280000, 0x00000000d5f00000)
  object space 88576K, 52% used [0x0000000081c00000,0x000000008490d6f8,0x0000000087280000)
 Metaspace       used 24505K, capacity 25386K, committed 25728K, reserved 1071104K
  class space    used 3098K, capacity 3345K, committed 3456K, reserved 1048576K
}
Event: 15.755 GC heap before
{Heap before GC invocations=7 (full 1):
 PSYoungGen      total 37888K, used 37858K [0x00000000d5f00000, 0x00000000dbb00000, 0x0000000100000000)
  eden space 32768K, 100% used [0x00000000d5f00000,0x00000000d7f00000,0x00000000d7f00000)
  from space 5120K, 99% used [0x00000000d7f80000,0x00000000d8478810,0x00000000d8480000)
  to   space 30720K, 0% used [0x00000000d9d00000,0x00000000d9d00000,0x00000000dbb00000)
 ParOldGen       total 88576K, used 46133K [0x0000000081c00000, 0x0000000087280000, 0x00000000d5f00000)
  object space 88576K, 52% used [0x0000000081c00000,0x000000008490d6f8,0x0000000087280000)
 Metaspace       used 24533K, capacity 25386K, committed 25728K, reserved 1071104K
  class space    used 3099K, capacity 3345K, committed 3456K, reserved 1048576K
Event: 15.765 GC heap after
Heap after GC invocations=7 (full 1):
 PSYoungGen      total 64512K, used 17224K [0x00000000d5f00000, 0x00000000dd300000, 0x0000000100000000)
  eden space 33792K, 0% used [0x00000000d5f00000,0x00000000d5f00000,0x00000000d8000000)
  from space 30720K, 56% used [0x00000000d9d00000,0x00000000dadd2040,0x00000000dbb00000)
  to   space 29696K, 0% used [0x00000000d8000000,0x00000000d8000000,0x00000000d9d00000)
 ParOldGen       total 88576K, used 46141K [0x0000000081c00000, 0x0000000087280000, 0x00000000d5f00000)
  object space 88576K, 52% used [0x0000000081c00000,0x000000008490f6f8,0x0000000087280000)
 Metaspace       used 24533K, capacity 25386K, committed 25728K, reserved 1071104K
  class space    used 3099K, capacity 3345K, committed 3456K, reserved 1048576K
}

Deoptimization events (10 events):
Event: 14.302 Thread 0x0000000003035800 Uncommon trap: reason=bimorphic action=maybe_recompile pc=0x000000000367bbd8 method=java.util.HashMap.putVal(ILjava/lang/Object;Ljava/lang/Object;ZZ)Ljava/lang/Object; @ 203
Event: 14.313 Thread 0x0000000003035800 Uncommon trap: reason=unloaded action=reinterpret pc=0x0000000003594260 method=java.net.URL.<init>(Ljava/net/URL;Ljava/lang/String;Ljava/net/URLStreamHandler;)V @ 394
Event: 14.365 Thread 0x0000000003035800 Uncommon trap: reason=class_check action=maybe_recompile pc=0x00000000035c744c method=sun.misc.URLClassPath.getLoader(I)Lsun/misc/URLClassPath$Loader; @ 94
Event: 14.367 Thread 0x0000000003035800 Uncommon trap: reason=class_check action=maybe_recompile pc=0x00000000035c744c method=sun.misc.URLClassPath.getLoader(I)Lsun/misc/URLClassPath$Loader; @ 94
Event: 14.485 Thread 0x0000000003035800 Uncommon trap: reason=bimorphic action=maybe_recompile pc=0x000000000367bbd8 method=java.util.HashMap.putVal(ILjava/lang/Object;Ljava/lang/Object;ZZ)Ljava/lang/Object; @ 203
Event: 14.518 Thread 0x0000000003035800 Uncommon trap: reason=range_check action=make_not_entrant pc=0x0000000003427060 method=java.lang.String.charAt(I)C @ 27
Event: 15.432 Thread 0x0000000003035800 Uncommon trap: reason=unstable_if action=reinterpret pc=0x00000000033b0f44 method=org.sikuli.basics.AnimatorTimeValueFunction.isEnd(J)Z @ 6
Event: 15.568 Thread 0x0000000003035800 Uncommon trap: reason=predicate action=maybe_recompile pc=0x000000000354bcdc method=java.lang.String.regionMatches(ZILjava/lang/String;II)Z @ 63
Event: 15.784 Thread 0x0000000003035800 Uncommon trap: reason=unstable_if action=reinterpret pc=0x0000000003563b9c method=java.awt.image.ComponentColorModel.getDataElements(ILjava/lang/Object;)Ljava/lang/Object; @ 30
Event: 15.784 Thread 0x0000000003035800 Uncommon trap: reason=unstable_if action=reinterpret pc=0x00000000033a2ab8 method=sun.awt.image.ByteInterleavedRaster.getDataElements(IILjava/lang/Object;)Ljava/lang/Object; @ 43

Classes redefined (0 events):
No events

Internal exceptions (10 events):
Event: 14.358 Thread 0x0000000003035800 Exception <a 'java/lang/ClassNotFoundException': sun/net/www/protocol/c/Handler> (0x00000000d66aecd0) thrown at [C:\jenkins\workspace\8-2-build-windows-amd64-cygwin\jdk8u251\737\hotspot\src\share\vm\classfile\systemDictionary.cpp, line 210]
Event: 14.359 Thread 0x0000000003035800 Exception <a 'java/lang/ClassNotFoundException': sun/net/www/protocol/c/Handler> (0x00000000d66b8880) thrown at [C:\jenkins\workspace\8-2-build-windows-amd64-cygwin\jdk8u251\737\hotspot\src\share\vm\classfile\systemDictionary.cpp, line 210]
Event: 14.359 Thread 0x0000000003035800 Exception <a 'java/lang/ClassNotFoundException': sun/net/www/protocol/c/Handler> (0x00000000d66c2430) thrown at [C:\jenkins\workspace\8-2-build-windows-amd64-cygwin\jdk8u251\737\hotspot\src\share\vm\classfile\systemDictionary.cpp, line 210]
Event: 14.360 Thread 0x0000000003035800 Exception <a 'java/lang/ClassNotFoundException': sun/net/www/protocol/c/Handler> (0x00000000d66cc028) thrown at [C:\jenkins\workspace\8-2-build-windows-amd64-cygwin\jdk8u251\737\hotspot\src\share\vm\classfile\systemDictionary.cpp, line 210]
Event: 14.360 Thread 0x0000000003035800 Exception <a 'java/lang/ClassNotFoundException': sun/net/www/protocol/c/Handler> (0x00000000d66d5bd8) thrown at [C:\jenkins\workspace\8-2-build-windows-amd64-cygwin\jdk8u251\737\hotspot\src\share\vm\classfile\systemDictionary.cpp, line 210]
Event: 14.398 Thread 0x0000000003035800 Exception <a 'java/security/PrivilegedActionException'> (0x00000000d6880280) thrown at [C:\jenkins\workspace\8-2-build-windows-amd64-cygwin\jdk8u251\737\hotspot\src\share\vm\prims\jvm.cpp, line 1502]
Event: 14.398 Thread 0x0000000003035800 Exception <a 'java/security/PrivilegedActionException'> (0x00000000d6880678) thrown at [C:\jenkins\workspace\8-2-build-windows-amd64-cygwin\jdk8u251\737\hotspot\src\share\vm\prims\jvm.cpp, line 1502]
Event: 14.398 Thread 0x0000000003035800 Exception <a 'java/security/PrivilegedActionException'> (0x00000000d68846b8) thrown at [C:\jenkins\workspace\8-2-build-windows-amd64-cygwin\jdk8u251\737\hotspot\src\share\vm\prims\jvm.cpp, line 1502]
Event: 14.398 Thread 0x0000000003035800 Exception <a 'java/security/PrivilegedActionException'> (0x00000000d6884ab0) thrown at [C:\jenkins\workspace\8-2-build-windows-amd64-cygwin\jdk8u251\737\hotspot\src\share\vm\prims\jvm.cpp, line 1502]
Event: 15.784 Thread 0x0000000003035800 Implicit null exception at 0x00000000033a2840 to 0x00000000033a2a9d

Events (10 events):
Event: 15.784 Thread 0x0000000003035800 DEOPT PACKING pc=0x00000000033a2ab8 sp=0x000000000302e610
Event: 15.784 Thread 0x0000000003035800 DEOPT UNPACKING pc=0x000000000317583b sp=0x000000000302e5a0 mode 2
Event: 15.790 loading class org/sikuli/natives/FindResults
Event: 15.790 loading class org/sikuli/natives/FindResults done
Event: 15.808 loading class org/sikuli/natives/FindResult
Event: 15.808 loading class org/sikuli/natives/FindResult done
Event: 15.809 loading class org/sikuli/script/Match
Event: 15.809 loading class org/sikuli/script/Match done
Event: 15.818 loading class org/sikuli/script/TextRecognizer
Event: 15.818 loading class org/sikuli/script/TextRecognizer done


Dynamic libraries:
0x00007ff62e9d0000 - 0x00007ff62ea07000 	C:\Program Files\Java\jre1.8.0_251\bin\javaw.exe
0x00007ff953c40000 - 0x00007ff953e30000 	C:\Windows\SYSTEM32\ntdll.dll
0x00007ff9467b0000 - 0x00007ff9467c3000 	C:\Program Files\Avast Software\Avast\aswhook.dll
0x00007ff951cf0000 - 0x00007ff951da2000 	C:\Windows\System32\KERNEL32.DLL
0x00007ff950f50000 - 0x00007ff9511f4000 	C:\Windows\System32\KERNELBASE.dll
0x00007ff9531f0000 - 0x00007ff953293000 	C:\Windows\System32\ADVAPI32.dll
0x00007ff953af0000 - 0x00007ff953b8e000 	C:\Windows\System32\msvcrt.dll
0x00007ff9535e0000 - 0x00007ff953677000 	C:\Windows\System32\sechost.dll
0x00007ff952da0000 - 0x00007ff952ec0000 	C:\Windows\System32\RPCRT4.dll
0x00007ff952140000 - 0x00007ff9522d4000 	C:\Windows\System32\USER32.dll
0x00007ff950df0000 - 0x00007ff950e11000 	C:\Windows\System32\win32u.dll
0x00007ff951fd0000 - 0x00007ff951ff6000 	C:\Windows\System32\GDI32.dll
0x00007ff951b50000 - 0x00007ff951ce4000 	C:\Windows\System32\gdi32full.dll
0x00007ff951230000 - 0x00007ff9512ce000 	C:\Windows\System32\msvcp_win.dll
0x00007ff9512d0000 - 0x00007ff9513ca000 	C:\Windows\System32\ucrtbase.dll
0x00007ff943450000 - 0x00007ff9436d4000 	C:\Windows\WinSxS\amd64_microsoft.windows.common-controls_6595b64144ccf1df_6.0.18362.836_none_e6c4b943130f18ed\COMCTL32.dll
0x00007ff9532a0000 - 0x00007ff9535d6000 	C:\Windows\System32\combase.dll
0x00007ff950e20000 - 0x00007ff950ea0000 	C:\Windows\System32\bcryptPrimitives.dll
0x00007ff951db0000 - 0x00007ff951dde000 	C:\Windows\System32\IMM32.DLL
0x0000000057530000 - 0x0000000057602000 	C:\Program Files\Java\jre1.8.0_251\bin\msvcr100.dll
0x00000000576f0000 - 0x0000000057f9b000 	C:\Program Files\Java\jre1.8.0_251\bin\server\jvm.dll
0x00007ff953160000 - 0x00007ff953168000 	C:\Windows\System32\PSAPI.DLL
0x00007ff940fd0000 - 0x00007ff940fd9000 	C:\Windows\SYSTEM32\WSOCK32.dll
0x00007ff951e90000 - 0x00007ff951eff000 	C:\Windows\System32\WS2_32.dll
0x00007ff94ebd0000 - 0x00007ff94ebf4000 	C:\Windows\SYSTEM32\WINMM.dll
0x00007ff9491d0000 - 0x00007ff9491da000 	C:\Windows\SYSTEM32\VERSION.dll
0x00007ff94eba0000 - 0x00007ff94ebcd000 	C:\Windows\SYSTEM32\WINMMBASE.dll
0x00007ff950ea0000 - 0x00007ff950eea000 	C:\Windows\System32\cfgmgr32.dll
0x00007ff94d000000 - 0x00007ff94d00f000 	C:\Program Files\Java\jre1.8.0_251\bin\verify.dll
0x00007ff945c40000 - 0x00007ff945c69000 	C:\Program Files\Java\jre1.8.0_251\bin\java.dll
0x00007ff9471c0000 - 0x00007ff9471d6000 	C:\Program Files\Java\jre1.8.0_251\bin\zip.dll
0x00007ff952690000 - 0x00007ff952d74000 	C:\Windows\System32\SHELL32.dll
0x00007ff952340000 - 0x00007ff9523e9000 	C:\Windows\System32\shcore.dll
0x00007ff9513d0000 - 0x00007ff951b4e000 	C:\Windows\System32\windows.storage.dll
0x00007ff950ba0000 - 0x00007ff950bc3000 	C:\Windows\System32\profapi.dll
0x00007ff950b50000 - 0x00007ff950b9a000 	C:\Windows\System32\powrprof.dll
0x00007ff950b00000 - 0x00007ff950b10000 	C:\Windows\System32\UMPDC.dll
0x00007ff9522e0000 - 0x00007ff952332000 	C:\Windows\System32\shlwapi.dll
0x00007ff950b30000 - 0x00007ff950b41000 	C:\Windows\System32\kernel.appcore.dll
0x00007ff950d20000 - 0x00007ff950d37000 	C:\Windows\System32\cryptsp.dll
0x00007ff945bf0000 - 0x00007ff945c14000 	C:\Program Files\Java\jre1.8.0_251\bin\sunec.dll
0x00007ff945c20000 - 0x00007ff945c3a000 	C:\Program Files\Java\jre1.8.0_251\bin\net.dll
0x00007ff950310000 - 0x00007ff950377000 	C:\Windows\system32\mswsock.dll
0x00007ff950020000 - 0x00007ff95005a000 	C:\Windows\SYSTEM32\IPHLPAPI.DLL
0x00007ff953bf0000 - 0x00007ff953bf8000 	C:\Windows\System32\NSI.dll
0x00007ff948e30000 - 0x00007ff948e46000 	C:\Windows\SYSTEM32\dhcpcsvc6.DLL
0x00007ff949d40000 - 0x00007ff949d5c000 	C:\Windows\SYSTEM32\dhcpcsvc.DLL
0x00007ff950060000 - 0x00007ff95012b000 	C:\Windows\SYSTEM32\DNSAPI.dll
0x00007ff945bd0000 - 0x00007ff945be2000 	C:\Program Files\Java\jre1.8.0_251\bin\nio.dll
0x00007ff94fe80000 - 0x00007ff94feb3000 	C:\Windows\system32\rsaenh.dll
0x00007ff951200000 - 0x00007ff951226000 	C:\Windows\System32\bcrypt.dll
0x00007ff950a20000 - 0x00007ff950a45000 	C:\Windows\SYSTEM32\USERENV.dll
0x00007ff9504e0000 - 0x00007ff9504ec000 	C:\Windows\SYSTEM32\CRYPTBASE.dll
0x00007ff942a90000 - 0x00007ff942a9a000 	C:\Windows\System32\rasadhlp.dll
0x00007ff948310000 - 0x00007ff948387000 	C:\Windows\System32\fwpuclnt.dll
0x00007ff94d010000 - 0x00007ff94d01c000 	C:\Program Files\Java\jre1.8.0_251\bin\sunmscapi.dll
0x00007ff950bd0000 - 0x00007ff950d19000 	C:\Windows\System32\CRYPT32.dll
0x00007ff950b10000 - 0x00007ff950b22000 	C:\Windows\System32\MSASN1.dll
0x00007ff9505e0000 - 0x00007ff950606000 	C:\Windows\SYSTEM32\ncrypt.dll
0x00007ff9505a0000 - 0x00007ff9505db000 	C:\Windows\SYSTEM32\NTASN1.dll
0x00007ff94d050000 - 0x00007ff94d05d000 	C:\Program Files\Java\jre1.8.0_251\bin\management.dll
0x00007ff93dab0000 - 0x00007ff93dac6000 	C:\Windows\system32\napinsp.dll
0x00007ff93da90000 - 0x00007ff93daaa000 	C:\Windows\system32\pnrpnsp.dll
0x00007ff941d30000 - 0x00007ff941d3e000 	C:\Windows\System32\winrnr.dll
0x00007ff94a560000 - 0x00007ff94a57c000 	C:\Windows\system32\NLAapi.dll
0x00007ff93d720000 - 0x00007ff93d735000 	C:\Windows\system32\wshbth.dll
0x00007ff917570000 - 0x00007ff91770a000 	C:\Program Files\Java\jre1.8.0_251\bin\awt.dll
0x00007ff951f00000 - 0x00007ff951fc4000 	C:\Windows\System32\OLEAUT32.dll
0x00007ff94ed20000 - 0x00007ff94edaf000 	C:\Windows\SYSTEM32\apphelp.dll
0x00007ff94f2a0000 - 0x00007ff94f2cd000 	C:\Windows\system32\DWMAPI.DLL
0x00007ff94ee70000 - 0x00007ff94ef09000 	C:\Windows\system32\uxtheme.dll
0x00007ff942920000 - 0x00007ff942a76000 	C:\Windows\system32\opengl32.dll
0x00007ff948e50000 - 0x00007ff948e7c000 	C:\Windows\SYSTEM32\GLU32.dll
0x00007ff94f770000 - 0x00007ff94f790000 	C:\Windows\SYSTEM32\dxcore.dll
0x00007ff952000000 - 0x00007ff952136000 	C:\Windows\System32\MSCTF.dll
0x00007ff952f30000 - 0x00007ff953087000 	C:\Windows\System32\ole32.dll
0x00007ff94b650000 - 0x00007ff94b679000 	C:\Users\user\AppData\Local\Temp\BridJExtractedLibraries2502601666701260304\bridj.dll
0x00000000681c0000 - 0x0000000068224000 	C:\Users\user\AppData\Roaming\Sikulix\SikulixLibs_201510081336\VisionProxy.dll
0x0000000061440000 - 0x000000006145a000 	C:\Users\user\AppData\Roaming\Sikulix\SikulixLibs_201510081336\libgcc_s_seh-1.dll
0x000000006fc40000 - 0x000000006fd2a000 	C:\Users\user\AppData\Roaming\Sikulix\SikulixLibs_201510081336\libstdc++-6.dll
0x00000000631c0000 - 0x0000000063295000 	C:\Users\user\AppData\Roaming\Sikulix\SikulixLibs_201510081336\libopencv_highgui248.dll
0x0000000065d80000 - 0x0000000065fd7000 	C:\Users\user\AppData\Roaming\Sikulix\SikulixLibs_201510081336\libopencv_imgproc248.dll
0x000000006fd80000 - 0x000000006ff7e000 	C:\Users\user\AppData\Roaming\Sikulix\SikulixLibs_201510081336\libopencv_core248.dll
0x0000000068a00000 - 0x0000000068d9e000 	C:\Users\user\AppData\Roaming\Sikulix\SikulixLibs_201510081336\libtesseract-3.dll
0x0000000064940000 - 0x0000000064955000 	C:\Users\user\AppData\Roaming\Sikulix\SikulixLibs_201510081336\libwinpthread-1.dll
0x000000006ef80000 - 0x000000006f135000 	C:\Users\user\AppData\Roaming\Sikulix\SikulixLibs_201510081336\liblept-3.dll
0x0000000061a00000 - 0x0000000061a32000 	C:\Users\user\AppData\Roaming\Sikulix\SikulixLibs_201510081336\libpng14-14.dll
0x0000000065500000 - 0x0000000065523000 	C:\Users\user\AppData\Roaming\Sikulix\SikulixLibs_201510081336\libz-1.dll
0x00007ff948410000 - 0x00007ff948604000 	C:\Windows\SYSTEM32\dbghelp.dll

VM Arguments:
jvm_args: -Dfile.encoding=Cp1252 
java_command: sikuli.Text
java_class_path (initial): C:\Users\user\eclipse-workspace\sikuli\target\test-classes;C:\Users\user\eclipse-workspace\sikuli\target\classes;C:\Users\user\.m2\repository\net\sourceforge\tess4j\tess4j\4.2.1\tess4j-4.2.1.jar;C:\Users\user\.m2\repository\net\java\dev\jna\jna\4.1.0\jna-4.1.0.jar;C:\Users\user\.m2\repository\com\github\jai-imageio\jai-imageio-core\1.4.0\jai-imageio-core-1.4.0.jar;C:\Users\user\.m2\repository\org\ghost4j\ghost4j\1.0.1\ghost4j-1.0.1.jar;C:\Users\user\.m2\repository\log4j\log4j\1.2.17\log4j-1.2.17.jar;C:\Users\user\.m2\repository\commons-beanutils\commons-beanutils\1.9.2\commons-beanutils-1.9.2.jar;C:\Users\user\.m2\repository\commons-collections\commons-collections\3.2.1\commons-collections-3.2.1.jar;C:\Users\user\.m2\repository\org\apache\xmlgraphics\xmlgraphics-commons\1.4\xmlgraphics-commons-1.4.jar;C:\Users\user\.m2\repository\com\lowagie\itext\2.1.7\itext-2.1.7.jar;C:\Users\user\.m2\repository\org\apache\pdfbox\pdfbox\2.0.11\pdfbox-2.0.11.jar;C:\Users\user\.m2\repository\org\apache\pdfbox\fontbox\2.0.11\fontbox-2.0.11.jar;C:\Users\user\.m2\repository\commons-logging\commons-logging\1.2\commons-logging-1.2.jar;C:\Users\user\.m2\repository\org\apache\pdfbox\pdfbox-tools\2.0.11\pdfbox-tools-2.0.11.jar;C:\Users\user\.m2\repository\org\apache\pdfbox\pdfbox-debugger\2.0.11\pdfbox-debugger-2.0.11.jar;C:\Users\user\.m2\repository\org\apache\pdfbox\jbig2-imageio\3.0.1\jbig2-imageio-3.0.1.jar;C:\Users\user\.m2\repository\commons-io\commons-io\2.6\commons-io-2.6.jar;C:\Users\user\.m2\repository\net\sourceforge\lept4j\lept4j\1.10.0\lept4j-1.10.0.jar;C:\Users\user\.m2\repository\org\jboss\jboss-vfs\3.2.13.Final\jboss-vfs-3.2.13.Final.jar;C:\Users\user\.m2\repository\org\jboss\logging\jboss-logging\3.1.4.GA\jboss-logging-3.1.4.GA.jar;C:\Users\user\.m2\repository\ch\qos\logback\logback-classic\1.2.3\logback-classic-1.2.3.jar;C:\Users\user\.m2\repository\ch\qos\logback\logback-core\1.2.3\logback-core-1.2.3.jar;C:\Users\user\.m2\repository\org\slf4j\
Launcher Type: SUN_STANDARD

Environment Variables:
JAVA_HOME=C:\Program Files\Java\jdk1.8.0_251
PATH=C:\Users\user\AppData\Roaming\Sikulix\SikulixLibs_201510081336;C:/Program Files/Java/jre1.8.0_251/bin/server;C:/Program Files/Java/jre1.8.0_251/bin;C:/Program Files/Java/jre1.8.0_251/lib/amd64;C:\Program Files (x86)\Common Files\Oracle\Java\javapath;D:\Program Files\Java\jdk-14.0.1;C:\Windows\system32;C:\Windows;C:\Windows\System32\Wbem;C:\Windows\System32\WindowsPowerShell\v1.0\;C:\Windows\System32\OpenSSH\;C:\Program Files\Java\jdk1.8.0_251bin;C:\Program Files\nodejs\;C:\Program Files\nodejs\node_modules\npm\bin;C:\Program Files\Git\cmd;C:\Users\user\AppData\Local\Microsoft\WindowsApps;C:\Program Files\Java\jdk1.8.0_251;C:\Program Files\Android\Android Studio\bin;C:\Program Files\Java\jre1.8.0_251;G:\Flutter\Flutter\DownloadFlutter\flutter\bin;C:\Users\user\AppData\Roaming\npm;C:\Program Files\nodejs\node_modules\npm\bin;;C:\Users\user\AppData\Local\Programs\Microsoft VS Code\bin;C:\Windows\System32;
USERNAME=user
OS=Windows_NT
PROCESSOR_IDENTIFIER=Intel64 Family 6 Model 58 Stepping 9, GenuineIntel



---------------  S Y S T E M  ---------------

OS: Windows 10.0 , 64 bit Build 18362 (10.0.18362.778)

CPU:total 4 (initial active 4) (2 cores per cpu, 2 threads per core) family 6 model 58 stepping 9, cmov, cx8, fxsr, mmx, sse, sse2, sse3, ssse3, sse4.1, sse4.2, popcnt, avx, aes, clmul, erms, ht, tsc, tscinvbit, tscinv

Memory: 4k page, physical 8273256k(1414584k free), swap 13158964k(1746884k free)

vm_info: Java HotSpot(TM) 64-Bit Server VM (25.251-b08) for windows-amd64 JRE (1.8.0_251-b08), built on Mar 12 2020 06:31:49 by "" with MS VC++ 10.0 (VS2010)

time: Wed Jun 03 00:08:33 2020
timezone: India Standard Time
elapsed time: 15 seconds (0d 0h 0m 15s)

