#
# A fatal error has been detected by the Java Runtime Environment:
#
#  EXCEPTION_ACCESS_VIOLATION (0xc0000005) at pc=0x0000000068b89732, pid=15584, tid=0x00000000000018f8
#
# JRE version: Java(TM) SE Runtime Environment (8.0_251-b08) (build 1.8.0_251-b08)
# Java VM: Java HotSpot(TM) 64-Bit Server VM (25.251-b08 mixed mode windows-amd64 compressed oops)
# Problematic frame:
# C  [libtesseract-3.dll+0x189732]
#
# Failed to write core dump. Minidumps are not enabled by default on client versions of Windows
#
# If you would like to submit a bug report, please visit:
#   http://bugreport.java.com/bugreport/crash.jsp
# The crash happened outside the Java Virtual Machine in native code.
# See problematic frame for where to report the bug.
#

---------------  T H R E A D  ---------------

Current thread (0x0000000002f35800):  JavaThread "main" [_thread_in_native, id=6392, stack(0x0000000002e30000,0x0000000002f30000)]

siginfo: ExceptionCode=0xc0000005, reading address 0x0000000000000000

Registers:
RAX=0x0000000000000000, RBX=0x0000000002f2e8d0, RCX=0x00000000ffffffff, RDX=0x0000000000000002
RSP=0x0000000002f2e8a0, RBP=0x0000000068c06860, RSI=0x0000000000000002, RDI=0x0000000002f2e918
R8 =0x000000000000006e, R9 =0x0000000000000000, R10=0x000000000000001b, R11=0x0000000020e371e1
R12=0x0000000068d38260, R13=0x0000000021a80080, R14=0x0000000000000000, R15=0x0000000002f2eda0
RIP=0x0000000068b89732, EFLAGS=0x0000000000010246

Top of Stack: (sp=0x0000000002f2e8a0)
0x0000000002f2e8a0:   0000000002f2e8d0 00007ffc417bfa60
0x0000000002f2e8b0:   0000000000000002 0000000002f2e918
0x0000000002f2e8c0:   0000000002f2e9f0 0000000002f2ed20
0x0000000002f2e8d0:   745f6c6175746361 5f61746164737365
0x0000000002f2e8e0:   72746e655f6d756e 203d3c205f736569
0x0000000002f2e8f0:   4154414453534554 544e455f4d554e5f
0x0000000002f2e900:   7272453a53454952 72657373413a726f
0x0000000002f2e910:   64656c6961662074 656c6966206e693a
0x0000000002f2e920:   7461647373657420 726567616e616d61
0x0000000002f2e930:   696c202c7070632e 00000a303520656e
0x0000000002f2e940:   0000000000000000 00007ffcab0005ae
0x0000000002f2e950:   0000000000001010 0000000000000000
0x0000000002f2e960:   00000000000008dc 0000000080000000
0x0000000002f2e970:   0000000000000010 0000000001481e22
0x0000000002f2e980:   00000000ab0005ae 00000000012c36b0
0x0000000002f2e990:   00000000ab0005ae 0000000000a800a6 

Instructions: (pc=0x0000000068b89732)
0x0000000068b89712:   ff 15 e0 e8 20 00 48 8d 50 60 48 89 d9 e8 5c 65
0x0000000068b89722:   01 00 83 fe ff 7c 14 85 f6 7e 2d 83 fe 02 7f 0b
0x0000000068b89732:   8b 04 25 00 00 00 00 85 c0 74 3d 48 8d 15 a9 cd
0x0000000068b89742:   07 00 48 8d 0d d5 e9 1a 00 45 31 c9 41 b8 02 00 


Register to memory mapping:

RAX=0x0000000000000000 is an unknown value
RBX=0x0000000002f2e8d0 is pointing into the stack for thread: 0x0000000002f35800
RCX=0x00000000ffffffff is an unallocated location in the heap
RDX=0x0000000000000002 is an unknown value
RSP=0x0000000002f2e8a0 is pointing into the stack for thread: 0x0000000002f35800
RBP=0x0000000068c06860 is an unknown value
RSI=0x0000000000000002 is an unknown value
RDI=0x0000000002f2e918 is pointing into the stack for thread: 0x0000000002f35800
R8 =0x000000000000006e is an unknown value
R9 =0x0000000000000000 is an unknown value
R10=0x000000000000001b is an unknown value
R11=0x0000000020e371e1 is an unknown value
R12=0x0000000068d38260 is an unknown value
R13=0x0000000021a80080 is an unknown value
R14=0x0000000000000000 is an unknown value
R15=0x0000000002f2eda0 is pointing into the stack for thread: 0x0000000002f35800


Stack: [0x0000000002e30000,0x0000000002f30000],  sp=0x0000000002f2e8a0,  free space=1018k
Native frames: (J=compiled Java code, j=interpreted, Vv=VM code, C=native code)
C  [libtesseract-3.dll+0x189732]
C  [libtesseract-3.dll+0x18b1b4]
C  [libtesseract-3.dll+0x42123]
C  [libtesseract-3.dll+0x428fc]
C  [libtesseract-3.dll+0x43316]
C  [libtesseract-3.dll+0x1f1a]
C  [VisionProxy.dll+0x1e889]
C  [VisionProxy.dll+0x2ccc3]
C  [VisionProxy.dll+0x35c11]
C  0x0000000003048c67

Java frames: (J=compiled Java code, j=interpreted, Vv=VM code)
j  org.sikuli.natives.VisionProxyJNI.Vision_initOCR(Ljava/lang/String;)V+0
j  org.sikuli.natives.Vision.initOCR(Ljava/lang/String;)V+1
j  org.sikuli.script.TextRecognizer.init()V+171
j  org.sikuli.script.TextRecognizer.<init>()V+5
j  org.sikuli.script.TextRecognizer.getInstance()Lorg/sikuli/script/TextRecognizer;+10
j  org.sikuli.script.Region.text()Ljava/lang/String;+32
j  sikuli.Text.main([Ljava/lang/String;)V+109
v  ~StubRoutines::call_stub

---------------  P R O C E S S  ---------------

Java Threads: ( => current thread )
  0x000000001aad9000 JavaThread "AWT-EventQueue-0" [_thread_blocked, id=14904, stack(0x0000000021250000,0x0000000021350000)]
  0x000000001aad8800 JavaThread "AWT-Shutdown" [_thread_blocked, id=8156, stack(0x000000001fde0000,0x000000001fee0000)]
  0x000000001aad7800 JavaThread "AWT-Windows" daemon [_thread_in_native, id=13604, stack(0x000000001fee0000,0x000000001ffe0000)]
  0x000000001a0b4000 JavaThread "Java2D Disposer" daemon [_thread_blocked, id=8880, stack(0x000000001fce0000,0x000000001fde0000)]
  0x000000001a785800 JavaThread "AsyncHttpClient-3-3" [_thread_in_native, id=13708, stack(0x000000001e970000,0x000000001ea70000)]
  0x000000001a787800 JavaThread "AsyncHttpClient-3-2" [_thread_in_native, id=15444, stack(0x000000001c340000,0x000000001c440000)]
  0x0000000019c73000 JavaThread "AsyncHttpClient-3-1" [_thread_in_native, id=11708, stack(0x000000001c840000,0x000000001c940000)]
  0x000000001a5c3000 JavaThread "Exec Stream Pumper" daemon [_thread_in_native, id=16680, stack(0x000000001c240000,0x000000001c340000)]
  0x000000001a5c4800 JavaThread "Exec Stream Pumper" daemon [_thread_in_native, id=17252, stack(0x000000001c140000,0x000000001c240000)]
  0x000000001a5c4000 JavaThread "UrlChecker-2" daemon [_thread_blocked, id=16972, stack(0x000000001bf40000,0x000000001c040000)]
  0x000000001a5c1800 JavaThread "Exec Default Executor" daemon [_thread_in_native, id=15380, stack(0x000000001bb10000,0x000000001bc10000)]
  0x000000001a595000 JavaThread "AsyncHttpClient-timer-1-1" [_thread_blocked, id=15368, stack(0x000000001bc40000,0x000000001bd40000)]
  0x00000000194e8800 JavaThread "Service Thread" daemon [_thread_blocked, id=13448, stack(0x00000000198c0000,0x00000000199c0000)]
  0x0000000017b7d000 JavaThread "C1 CompilerThread2" daemon [_thread_blocked, id=8200, stack(0x00000000193c0000,0x00000000194c0000)]
  0x0000000017b6e800 JavaThread "C2 CompilerThread1" daemon [_thread_blocked, id=15320, stack(0x00000000192c0000,0x00000000193c0000)]
  0x0000000017b67800 JavaThread "C2 CompilerThread0" daemon [_thread_blocked, id=16548, stack(0x00000000191c0000,0x00000000192c0000)]
  0x0000000017b64800 JavaThread "Attach Listener" daemon [_thread_blocked, id=11908, stack(0x00000000190c0000,0x00000000191c0000)]
  0x0000000017b63800 JavaThread "Signal Dispatcher" daemon [_thread_blocked, id=13268, stack(0x0000000018fc0000,0x00000000190c0000)]
  0x0000000017b50000 JavaThread "Finalizer" daemon [_thread_blocked, id=12144, stack(0x0000000018dc0000,0x0000000018ec0000)]
  0x0000000003025000 JavaThread "Reference Handler" daemon [_thread_blocked, id=3668, stack(0x0000000018cc0000,0x0000000018dc0000)]
=>0x0000000002f35800 JavaThread "main" [_thread_in_native, id=6392, stack(0x0000000002e30000,0x0000000002f30000)]

Other Threads:
  0x0000000017b28000 VMThread [stack: 0x0000000018bc0000,0x0000000018cc0000] [id=15484]
  0x0000000019502000 WatcherThread [stack: 0x00000000199c0000,0x0000000019ac0000] [id=14680]

VM state:not at safepoint (normal execution)

VM Mutex/Monitor currently owned by a thread: None

heap address: 0x0000000081c00000, size: 2020 MB, Compressed Oops mode: 32-bit
Narrow klass base: 0x0000000000000000, Narrow klass shift: 3
Compressed class space size: 1073741824 Address: 0x0000000100000000

Heap:
 PSYoungGen      total 82432K, used 27337K [0x00000000d5f00000, 0x00000000dd580000, 0x0000000100000000)
  eden space 49152K, 20% used [0x00000000d5f00000,0x00000000d68f06c8,0x00000000d8f00000)
  from space 33280K, 51% used [0x00000000dae00000,0x00000000dbec2040,0x00000000dce80000)
  to   space 31744K, 0% used [0x00000000d8f00000,0x00000000d8f00000,0x00000000dae00000)
 ParOldGen       total 93184K, used 50247K [0x0000000081c00000, 0x0000000087700000, 0x00000000d5f00000)
  object space 93184K, 53% used [0x0000000081c00000,0x0000000084d11e50,0x0000000087700000)
 Metaspace       used 24573K, capacity 25358K, committed 25600K, reserved 1071104K
  class space    used 3093K, capacity 3313K, committed 3328K, reserved 1048576K

Card table byte_map: [0x00000000123f0000,0x00000000127f0000] byte_map_base: 0x0000000011fe2000

Marking Bits: (ParMarkBitMap*) 0x0000000059aeaf90
 Begin Bits: [0x0000000012ea0000, 0x0000000014e30000)
 End Bits:   [0x0000000014e30000, 0x0000000016dc0000)

Polling page: 0x0000000001470000

CodeCache: size=245760Kb used=5593Kb max_used=5722Kb free=240166Kb
 bounds [0x0000000003030000, 0x00000000035d0000, 0x0000000012030000]
 total_blobs=2285 nmethods=1710 adapters=487
 compilation: enabled

Compilation events (10 events):
Event: 28.430 Thread 0x0000000017b67800 1925       4       org.sikuli.basics.AnimatorOutQuarticEase::getValue (78 bytes)
Event: 28.431 Thread 0x0000000017b6e800 nmethod 1921 0x00000000035b9d50 code [0x00000000035b9f40, 0x00000000035babf0]
Event: 28.431 Thread 0x0000000017b67800 nmethod 1925 0x000000000358d310 code [0x000000000358d480, 0x000000000358d578]
Event: 28.431 Thread 0x0000000017b7d000 nmethod 1924 0x00000000035b6d10 code [0x00000000035b6f20, 0x00000000035b7b98]
Event: 28.687 Thread 0x0000000017b67800 1926       4       org.sikuli.script.RobotDesktop::doMouseMove (7 bytes)
Event: 28.687 Thread 0x0000000017b6e800 1927       4       org.sikuli.script.RobotDesktop::delay (31 bytes)
Event: 28.690 Thread 0x0000000017b6e800 nmethod 1927 0x00000000035b6610 code [0x00000000035b6780, 0x00000000035b6ab8]
Event: 28.691 Thread 0x0000000017b67800 nmethod 1926 0x000000000319fad0 code [0x000000000319fc40, 0x00000000031a0048]
Event: 28.806 Thread 0x0000000017b6e800 1928       4       org.sikuli.basics.AnimatorTimeBased::step (85 bytes)
Event: 28.809 Thread 0x0000000017b6e800 nmethod 1928 0x000000000319f610 code [0x000000000319f780, 0x000000000319f928]

GC Heap History (10 events):
Event: 7.162 GC heap before
{Heap before GC invocations=3 (full 0):
 PSYoungGen      total 38400K, used 38386K [0x00000000d5f00000, 0x00000000d8980000, 0x0000000100000000)
  eden space 33280K, 100% used [0x00000000d5f00000,0x00000000d7f80000,0x00000000d7f80000)
  from space 5120K, 99% used [0x00000000d8480000,0x00000000d897cb88,0x00000000d8980000)
  to   space 5120K, 0% used [0x00000000d7f80000,0x00000000d7f80000,0x00000000d8480000)
 ParOldGen       total 87552K, used 3998K [0x0000000081c00000, 0x0000000087180000, 0x00000000d5f00000)
  object space 87552K, 4% used [0x0000000081c00000,0x0000000081fe7948,0x0000000087180000)
 Metaspace       used 19425K, capacity 20124K, committed 20480K, reserved 1067008K
  class space    used 2514K, capacity 2706K, committed 2816K, reserved 1048576K
Event: 7.173 GC heap after
Heap after GC invocations=3 (full 0):
 PSYoungGen      total 38400K, used 5104K [0x00000000d5f00000, 0x00000000d8980000, 0x0000000100000000)
  eden space 33280K, 0% used [0x00000000d5f00000,0x00000000d5f00000,0x00000000d7f80000)
  from space 5120K, 99% used [0x00000000d7f80000,0x00000000d847c050,0x00000000d8480000)
  to   space 5120K, 0% used [0x00000000d8480000,0x00000000d8480000,0x00000000d8980000)
 ParOldGen       total 87552K, used 7813K [0x0000000081c00000, 0x0000000087180000, 0x00000000d5f00000)
  object space 87552K, 8% used [0x0000000081c00000,0x00000000823a1460,0x0000000087180000)
 Metaspace       used 19425K, capacity 20124K, committed 20480K, reserved 1067008K
  class space    used 2514K, capacity 2706K, committed 2816K, reserved 1048576K
}
Event: 19.069 GC heap before
{Heap before GC invocations=4 (full 0):
 PSYoungGen      total 38400K, used 32395K [0x00000000d5f00000, 0x00000000d8980000, 0x0000000100000000)
  eden space 33280K, 82% used [0x00000000d5f00000,0x00000000d79a6f40,0x00000000d7f80000)
  from space 5120K, 99% used [0x00000000d7f80000,0x00000000d847c050,0x00000000d8480000)
  to   space 5120K, 0% used [0x00000000d8480000,0x00000000d8480000,0x00000000d8980000)
 ParOldGen       total 87552K, used 7813K [0x0000000081c00000, 0x0000000087180000, 0x00000000d5f00000)
  object space 87552K, 8% used [0x0000000081c00000,0x00000000823a1460,0x0000000087180000)
 Metaspace       used 20420K, capacity 21194K, committed 21296K, reserved 1067008K
  class space    used 2661K, capacity 2887K, committed 2944K, reserved 1048576K
Event: 19.115 GC heap after
Heap after GC invocations=4 (full 0):
 PSYoungGen      total 38400K, used 5088K [0x00000000d5f00000, 0x00000000d8980000, 0x0000000100000000)
  eden space 33280K, 0% used [0x00000000d5f00000,0x00000000d5f00000,0x00000000d7f80000)
  from space 5120K, 99% used [0x00000000d8480000,0x00000000d8978060,0x00000000d8980000)
  to   space 5120K, 0% used [0x00000000d7f80000,0x00000000d7f80000,0x00000000d8480000)
 ParOldGen       total 87552K, used 25779K [0x0000000081c00000, 0x0000000087180000, 0x00000000d5f00000)
  object space 87552K, 29% used [0x0000000081c00000,0x000000008352ce18,0x0000000087180000)
 Metaspace       used 20420K, capacity 21194K, committed 21296K, reserved 1067008K
  class space    used 2661K, capacity 2887K, committed 2944K, reserved 1048576K
}
Event: 19.115 GC heap before
{Heap before GC invocations=5 (full 1):
 PSYoungGen      total 38400K, used 5088K [0x00000000d5f00000, 0x00000000d8980000, 0x0000000100000000)
  eden space 33280K, 0% used [0x00000000d5f00000,0x00000000d5f00000,0x00000000d7f80000)
  from space 5120K, 99% used [0x00000000d8480000,0x00000000d8978060,0x00000000d8980000)
  to   space 5120K, 0% used [0x00000000d7f80000,0x00000000d7f80000,0x00000000d8480000)
 ParOldGen       total 87552K, used 25779K [0x0000000081c00000, 0x0000000087180000, 0x00000000d5f00000)
  object space 87552K, 29% used [0x0000000081c00000,0x000000008352ce18,0x0000000087180000)
 Metaspace       used 20420K, capacity 21194K, committed 21296K, reserved 1067008K
  class space    used 2661K, capacity 2887K, committed 2944K, reserved 1048576K
Event: 19.235 GC heap after
Heap after GC invocations=5 (full 1):
 PSYoungGen      total 38400K, used 0K [0x00000000d5f00000, 0x00000000d8980000, 0x0000000100000000)
  eden space 33280K, 0% used [0x00000000d5f00000,0x00000000d5f00000,0x00000000d7f80000)
  from space 5120K, 0% used [0x00000000d8480000,0x00000000d8480000,0x00000000d8980000)
  to   space 5120K, 0% used [0x00000000d7f80000,0x00000000d7f80000,0x00000000d8480000)
 ParOldGen       total 93184K, used 24524K [0x0000000081c00000, 0x0000000087700000, 0x00000000d5f00000)
  object space 93184K, 26% used [0x0000000081c00000,0x00000000833f3000,0x0000000087700000)
 Metaspace       used 20420K, capacity 21194K, committed 21296K, reserved 1067008K
  class space    used 2661K, capacity 2887K, committed 2944K, reserved 1048576K
}
Event: 28.094 GC heap before
{Heap before GC invocations=6 (full 1):
 PSYoungGen      total 38400K, used 30849K [0x00000000d5f00000, 0x00000000d8980000, 0x0000000100000000)
  eden space 33280K, 92% used [0x00000000d5f00000,0x00000000d7d204b8,0x00000000d7f80000)
  from space 5120K, 0% used [0x00000000d8480000,0x00000000d8480000,0x00000000d8980000)
  to   space 5120K, 0% used [0x00000000d7f80000,0x00000000d7f80000,0x00000000d8480000)
 ParOldGen       total 93184K, used 24524K [0x0000000081c00000, 0x0000000087700000, 0x00000000d5f00000)
  object space 93184K, 26% used [0x0000000081c00000,0x00000000833f3000,0x0000000087700000)
 Metaspace       used 24502K, capacity 25358K, committed 25600K, reserved 1071104K
  class space    used 3086K, capacity 3313K, committed 3328K, reserved 1048576K
Event: 28.105 GC heap after
Heap after GC invocations=6 (full 1):
 PSYoungGen      total 38400K, used 5104K [0x00000000d5f00000, 0x00000000dce80000, 0x0000000100000000)
  eden space 33280K, 0% used [0x00000000d5f00000,0x00000000d5f00000,0x00000000d7f80000)
  from space 5120K, 99% used [0x00000000d7f80000,0x00000000d847c228,0x00000000d8480000)
  to   space 33280K, 0% used [0x00000000dae00000,0x00000000dae00000,0x00000000dce80000)
 ParOldGen       total 93184K, used 50239K [0x0000000081c00000, 0x0000000087700000, 0x00000000d5f00000)
  object space 93184K, 53% used [0x0000000081c00000,0x0000000084d0fe50,0x0000000087700000)
 Metaspace       used 24502K, capacity 25358K, committed 25600K, reserved 1071104K
  class space    used 3086K, capacity 3313K, committed 3328K, reserved 1048576K
}
Event: 28.282 GC heap before
{Heap before GC invocations=7 (full 1):
 PSYoungGen      total 38400K, used 38384K [0x00000000d5f00000, 0x00000000dce80000, 0x0000000100000000)
  eden space 33280K, 100% used [0x00000000d5f00000,0x00000000d7f80000,0x00000000d7f80000)
  from space 5120K, 99% used [0x00000000d7f80000,0x00000000d847c228,0x00000000d8480000)
  to   space 33280K, 0% used [0x00000000dae00000,0x00000000dae00000,0x00000000dce80000)
 ParOldGen       total 93184K, used 50239K [0x0000000081c00000, 0x0000000087700000, 0x00000000d5f00000)
  object space 93184K, 53% used [0x0000000081c00000,0x0000000084d0fe50,0x0000000087700000)
 Metaspace       used 24529K, capacity 25358K, committed 25600K, reserved 1071104K
  class space    used 3087K, capacity 3313K, committed 3328K, reserved 1048576K
Event: 28.292 GC heap after
Heap after GC invocations=7 (full 1):
 PSYoungGen      total 82432K, used 17160K [0x00000000d5f00000, 0x00000000dd580000, 0x0000000100000000)
  eden space 49152K, 0% used [0x00000000d5f00000,0x00000000d5f00000,0x00000000d8f00000)
  from space 33280K, 51% used [0x00000000dae00000,0x00000000dbec2040,0x00000000dce80000)
  to   space 31744K, 0% used [0x00000000d8f00000,0x00000000d8f00000,0x00000000dae00000)
 ParOldGen       total 93184K, used 50247K [0x0000000081c00000, 0x0000000087700000, 0x00000000d5f00000)
  object space 93184K, 53% used [0x0000000081c00000,0x0000000084d11e50,0x0000000087700000)
 Metaspace       used 24529K, capacity 25358K, committed 25600K, reserved 1071104K
  class space    used 3087K, capacity 3313K, committed 3328K, reserved 1048576K
}

Deoptimization events (10 events):
Event: 23.835 Thread 0x0000000002f35800 Uncommon trap: reason=class_check action=maybe_recompile pc=0x00000000034cc414 method=sun.misc.URLClassPath.getLoader(I)Lsun/misc/URLClassPath$Loader; @ 94
Event: 23.838 Thread 0x0000000002f35800 Uncommon trap: reason=class_check action=maybe_recompile pc=0x00000000034cc414 method=sun.misc.URLClassPath.getLoader(I)Lsun/misc/URLClassPath$Loader; @ 94
Event: 24.251 Thread 0x0000000002f35800 Uncommon trap: reason=bimorphic action=maybe_recompile pc=0x00000000035814e8 method=java.util.HashMap.putVal(ILjava/lang/Object;Ljava/lang/Object;ZZ)Ljava/lang/Object; @ 203
Event: 24.291 Thread 0x0000000002f35800 Uncommon trap: reason=range_check action=make_not_entrant pc=0x0000000003359060 method=java.lang.String.charAt(I)C @ 27
Event: 25.008 Thread 0x0000000002f35800 Uncommon trap: reason=unstable_if action=reinterpret pc=0x00000000031b2ec4 method=org.sikuli.basics.AnimatorTimeValueFunction.isEnd(J)Z @ 6
Event: 28.085 Thread 0x0000000002f35800 Uncommon trap: reason=predicate action=maybe_recompile pc=0x00000000034ad298 method=java.lang.String.regionMatches(ZILjava/lang/String;II)Z @ 63
Event: 28.309 Thread 0x0000000002f35800 Uncommon trap: reason=unstable_if action=reinterpret pc=0x000000000319ee1c method=java.awt.image.ComponentColorModel.getDataElements(ILjava/lang/Object;)Ljava/lang/Object; @ 30
Event: 28.309 Thread 0x0000000002f35800 Uncommon trap: reason=unstable_if action=reinterpret pc=0x00000000031a97f8 method=sun.awt.image.ByteInterleavedRaster.getDataElements(IILjava/lang/Object;)Ljava/lang/Object; @ 43
Event: 28.895 Thread 0x0000000002f35800 Uncommon trap: reason=unstable_if action=reinterpret pc=0x000000000319f8b8 method=org.sikuli.basics.AnimatorOutQuarticEase.getValue(J)F @ 6
Event: 28.895 Thread 0x0000000002f35800 Uncommon trap: reason=unstable_if action=reinterpret pc=0x000000000358d548 method=org.sikuli.basics.AnimatorOutQuarticEase.getValue(J)F @ 6

Classes redefined (0 events):
No events

Internal exceptions (10 events):
Event: 23.823 Thread 0x0000000002f35800 Exception <a 'java/lang/ClassNotFoundException': sun/net/www/protocol/c/Handler> (0x00000000d6662ae0) thrown at [C:\jenkins\workspace\8-2-build-windows-amd64-cygwin\jdk8u251\737\hotspot\src\share\vm\classfile\systemDictionary.cpp, line 210]
Event: 23.824 Thread 0x0000000002f35800 Exception <a 'java/lang/ClassNotFoundException': sun/net/www/protocol/c/Handler> (0x00000000d666c690) thrown at [C:\jenkins\workspace\8-2-build-windows-amd64-cygwin\jdk8u251\737\hotspot\src\share\vm\classfile\systemDictionary.cpp, line 210]
Event: 23.825 Thread 0x0000000002f35800 Exception <a 'java/lang/ClassNotFoundException': sun/net/www/protocol/c/Handler> (0x00000000d6676240) thrown at [C:\jenkins\workspace\8-2-build-windows-amd64-cygwin\jdk8u251\737\hotspot\src\share\vm\classfile\systemDictionary.cpp, line 210]
Event: 23.826 Thread 0x0000000002f35800 Exception <a 'java/lang/ClassNotFoundException': sun/net/www/protocol/c/Handler> (0x00000000d667fe38) thrown at [C:\jenkins\workspace\8-2-build-windows-amd64-cygwin\jdk8u251\737\hotspot\src\share\vm\classfile\systemDictionary.cpp, line 210]
Event: 23.827 Thread 0x0000000002f35800 Exception <a 'java/lang/ClassNotFoundException': sun/net/www/protocol/c/Handler> (0x00000000d66899e8) thrown at [C:\jenkins\workspace\8-2-build-windows-amd64-cygwin\jdk8u251\737\hotspot\src\share\vm\classfile\systemDictionary.cpp, line 210]
Event: 23.894 Thread 0x0000000002f35800 Exception <a 'java/security/PrivilegedActionException'> (0x00000000d68368a8) thrown at [C:\jenkins\workspace\8-2-build-windows-amd64-cygwin\jdk8u251\737\hotspot\src\share\vm\prims\jvm.cpp, line 1502]
Event: 23.894 Thread 0x0000000002f35800 Exception <a 'java/security/PrivilegedActionException'> (0x00000000d6836ca0) thrown at [C:\jenkins\workspace\8-2-build-windows-amd64-cygwin\jdk8u251\737\hotspot\src\share\vm\prims\jvm.cpp, line 1502]
Event: 23.895 Thread 0x0000000002f35800 Exception <a 'java/security/PrivilegedActionException'> (0x00000000d683ace0) thrown at [C:\jenkins\workspace\8-2-build-windows-amd64-cygwin\jdk8u251\737\hotspot\src\share\vm\prims\jvm.cpp, line 1502]
Event: 23.895 Thread 0x0000000002f35800 Exception <a 'java/security/PrivilegedActionException'> (0x00000000d683b0d8) thrown at [C:\jenkins\workspace\8-2-build-windows-amd64-cygwin\jdk8u251\737\hotspot\src\share\vm\prims\jvm.cpp, line 1502]
Event: 28.309 Thread 0x0000000002f35800 Implicit null exception at 0x00000000031a9580 to 0x00000000031a97dd

Events (10 events):
Event: 28.380 Thread 0x0000000002f35800 DEOPT UNPACKING pc=0x0000000003077890 sp=0x0000000002f2e260 mode 0
Event: 28.895 Thread 0x0000000002f35800 Uncommon trap: trap_request=0xffffff65 fr.pc=0x000000000319f8b8
Event: 28.895 Thread 0x0000000002f35800 DEOPT PACKING pc=0x000000000319f8b8 sp=0x0000000002f2f200
Event: 28.895 Thread 0x0000000002f35800 DEOPT UNPACKING pc=0x000000000307583b sp=0x0000000002f2f128 mode 2
Event: 28.895 Thread 0x0000000002f35800 Uncommon trap: trap_request=0xffffff65 fr.pc=0x000000000358d548
Event: 28.895 Thread 0x0000000002f35800 DEOPT PACKING pc=0x000000000358d548 sp=0x0000000002f2f1a0
Event: 28.895 Thread 0x0000000002f35800 DEOPT UNPACKING pc=0x000000000307583b sp=0x0000000002f2f128 mode 2
Event: 28.896 Thread 0x000000001aad9000 Thread added: 0x000000001aad9000
Event: 28.909 loading class org/sikuli/script/TextRecognizer
Event: 28.909 loading class org/sikuli/script/TextRecognizer done


Dynamic libraries:
0x00007ff65c1f0000 - 0x00007ff65c227000 	C:\Program Files\Java\jre1.8.0_251\bin\javaw.exe
0x00007ffc42460000 - 0x00007ffc42650000 	C:\Windows\SYSTEM32\ntdll.dll
0x00007ffc367e0000 - 0x00007ffc367f3000 	C:\Program Files\Avast Software\Avast\aswhook.dll
0x00007ffc411e0000 - 0x00007ffc41292000 	C:\Windows\System32\KERNEL32.DLL
0x00007ffc3f7c0000 - 0x00007ffc3fa64000 	C:\Windows\System32\KERNELBASE.dll
0x00007ffc417e0000 - 0x00007ffc41883000 	C:\Windows\System32\ADVAPI32.dll
0x00007ffc41730000 - 0x00007ffc417ce000 	C:\Windows\System32\msvcrt.dll
0x00007ffc40510000 - 0x00007ffc405a7000 	C:\Windows\System32\sechost.dll
0x00007ffc42300000 - 0x00007ffc42420000 	C:\Windows\System32\RPCRT4.dll
0x00007ffc41380000 - 0x00007ffc41514000 	C:\Windows\System32\USER32.dll
0x00007ffc3f670000 - 0x00007ffc3f691000 	C:\Windows\System32\win32u.dll
0x00007ffc40a20000 - 0x00007ffc40a46000 	C:\Windows\System32\GDI32.dll
0x00007ffc3f4d0000 - 0x00007ffc3f664000 	C:\Windows\System32\gdi32full.dll
0x00007ffc3f6a0000 - 0x00007ffc3f73e000 	C:\Windows\System32\msvcp_win.dll
0x00007ffc3fa70000 - 0x00007ffc3fb6a000 	C:\Windows\System32\ucrtbase.dll
0x00007ffc36270000 - 0x00007ffc364f4000 	C:\Windows\WinSxS\amd64_microsoft.windows.common-controls_6595b64144ccf1df_6.0.18362.836_none_e6c4b943130f18ed\COMCTL32.dll
0x00007ffc40680000 - 0x00007ffc409b6000 	C:\Windows\System32\combase.dll
0x00007ffc3f740000 - 0x00007ffc3f7c0000 	C:\Windows\System32\bcryptPrimitives.dll
0x00007ffc41140000 - 0x00007ffc4116e000 	C:\Windows\System32\IMM32.DLL
0x0000000059050000 - 0x0000000059122000 	C:\Program Files\Java\jre1.8.0_251\bin\msvcr100.dll
0x00000000592c0000 - 0x0000000059b6b000 	C:\Program Files\Java\jre1.8.0_251\bin\server\jvm.dll
0x00007ffc41720000 - 0x00007ffc41728000 	C:\Windows\System32\PSAPI.DLL
0x00007ffc35610000 - 0x00007ffc35619000 	C:\Windows\SYSTEM32\WSOCK32.dll
0x00007ffc41310000 - 0x00007ffc4137f000 	C:\Windows\System32\WS2_32.dll
0x00007ffc36ec0000 - 0x00007ffc36ee4000 	C:\Windows\SYSTEM32\WINMM.dll
0x00007ffc3de40000 - 0x00007ffc3de4a000 	C:\Windows\SYSTEM32\VERSION.dll
0x00007ffc36e90000 - 0x00007ffc36ebd000 	C:\Windows\SYSTEM32\WINMMBASE.dll
0x00007ffc3f480000 - 0x00007ffc3f4ca000 	C:\Windows\System32\cfgmgr32.dll
0x00007ffc3d2c0000 - 0x00007ffc3d2cf000 	C:\Program Files\Java\jre1.8.0_251\bin\verify.dll
0x00007ffc2af10000 - 0x00007ffc2af39000 	C:\Program Files\Java\jre1.8.0_251\bin\java.dll
0x00007ffc3ae20000 - 0x00007ffc3ae36000 	C:\Program Files\Java\jre1.8.0_251\bin\zip.dll
0x00007ffc40a50000 - 0x00007ffc41134000 	C:\Windows\System32\SHELL32.dll
0x00007ffc41d00000 - 0x00007ffc41da9000 	C:\Windows\System32\shcore.dll
0x00007ffc3fc20000 - 0x00007ffc4039e000 	C:\Windows\System32\windows.storage.dll
0x00007ffc3f3c0000 - 0x00007ffc3f3e3000 	C:\Windows\System32\profapi.dll
0x00007ffc3f350000 - 0x00007ffc3f39a000 	C:\Windows\System32\powrprof.dll
0x00007ffc3f320000 - 0x00007ffc3f330000 	C:\Windows\System32\UMPDC.dll
0x00007ffc409c0000 - 0x00007ffc40a12000 	C:\Windows\System32\shlwapi.dll
0x00007ffc3f3a0000 - 0x00007ffc3f3b1000 	C:\Windows\System32\kernel.appcore.dll
0x00007ffc403a0000 - 0x00007ffc403b7000 	C:\Windows\System32\cryptsp.dll
0x00007ffc25e50000 - 0x00007ffc25e74000 	C:\Program Files\Java\jre1.8.0_251\bin\sunec.dll
0x00007ffc39160000 - 0x00007ffc3917a000 	C:\Program Files\Java\jre1.8.0_251\bin\net.dll
0x00007ffc3eb30000 - 0x00007ffc3eb97000 	C:\Windows\system32\mswsock.dll
0x00007ffc3e840000 - 0x00007ffc3e87a000 	C:\Windows\SYSTEM32\IPHLPAPI.DLL
0x00007ffc411d0000 - 0x00007ffc411d8000 	C:\Windows\System32\NSI.dll
0x00007ffc39a20000 - 0x00007ffc39a36000 	C:\Windows\SYSTEM32\dhcpcsvc6.DLL
0x00007ffc39970000 - 0x00007ffc3998c000 	C:\Windows\SYSTEM32\dhcpcsvc.DLL
0x00007ffc3e880000 - 0x00007ffc3e94b000 	C:\Windows\SYSTEM32\DNSAPI.dll
0x00007ffc30df0000 - 0x00007ffc30e02000 	C:\Program Files\Java\jre1.8.0_251\bin\nio.dll
0x00007ffc3e6a0000 - 0x00007ffc3e6d3000 	C:\Windows\system32\rsaenh.dll
0x00007ffc3f450000 - 0x00007ffc3f476000 	C:\Windows\System32\bcrypt.dll
0x00007ffc3f210000 - 0x00007ffc3f235000 	C:\Windows\SYSTEM32\USERENV.dll
0x00007ffc3ed00000 - 0x00007ffc3ed0c000 	C:\Windows\SYSTEM32\CRYPTBASE.dll
0x00007ffc379b0000 - 0x00007ffc379ba000 	C:\Windows\System32\rasadhlp.dll
0x00007ffc38790000 - 0x00007ffc38807000 	C:\Windows\System32\fwpuclnt.dll
0x00007ffc3bd40000 - 0x00007ffc3bd4c000 	C:\Program Files\Java\jre1.8.0_251\bin\sunmscapi.dll
0x00007ffc403c0000 - 0x00007ffc40509000 	C:\Windows\System32\CRYPT32.dll
0x00007ffc3f330000 - 0x00007ffc3f342000 	C:\Windows\System32\MSASN1.dll
0x00007ffc3ee00000 - 0x00007ffc3ee26000 	C:\Windows\SYSTEM32\ncrypt.dll
0x00007ffc3edc0000 - 0x00007ffc3edfb000 	C:\Windows\SYSTEM32\NTASN1.dll
0x00007ffc3dd80000 - 0x00007ffc3dd8d000 	C:\Program Files\Java\jre1.8.0_251\bin\management.dll
0x00007ffc2a3e0000 - 0x00007ffc2a3f6000 	C:\Windows\system32\napinsp.dll
0x00007ffc2a3c0000 - 0x00007ffc2a3da000 	C:\Windows\system32\pnrpnsp.dll
0x00007ffc2a3b0000 - 0x00007ffc2a3be000 	C:\Windows\System32\winrnr.dll
0x00007ffc3a550000 - 0x00007ffc3a56c000 	C:\Windows\system32\NLAapi.dll
0x00007ffc2a390000 - 0x00007ffc2a3a5000 	C:\Windows\system32\wshbth.dll
0x00007ffc035c0000 - 0x00007ffc0375a000 	C:\Program Files\Java\jre1.8.0_251\bin\awt.dll
0x00007ffc405b0000 - 0x00007ffc40674000 	C:\Windows\System32\OLEAUT32.dll
0x00007ffc3d230000 - 0x00007ffc3d2bf000 	C:\Windows\SYSTEM32\apphelp.dll
0x00007ffc3d860000 - 0x00007ffc3d88d000 	C:\Windows\system32\DWMAPI.DLL
0x00007ffc3d320000 - 0x00007ffc3d3b9000 	C:\Windows\system32\uxtheme.dll
0x00007ffc2d000000 - 0x00007ffc2d156000 	C:\Windows\system32\opengl32.dll
0x00007ffc37e90000 - 0x00007ffc37ebc000 	C:\Windows\SYSTEM32\GLU32.dll
0x00007ffc3df90000 - 0x00007ffc3dfb0000 	C:\Windows\SYSTEM32\dxcore.dll
0x00007ffc41db0000 - 0x00007ffc41ee6000 	C:\Windows\System32\MSCTF.dll
0x00007ffc41520000 - 0x00007ffc41677000 	C:\Windows\System32\ole32.dll
0x00007ffc2aed0000 - 0x00007ffc2aef9000 	C:\Users\user\AppData\Local\Temp\BridJExtractedLibraries8931437644716927656\bridj.dll
0x00000000681c0000 - 0x0000000068224000 	C:\Users\user\AppData\Roaming\Sikulix\SikulixLibs_201510081336\VisionProxy.dll
0x0000000061440000 - 0x000000006145a000 	C:\Users\user\AppData\Roaming\Sikulix\SikulixLibs_201510081336\libgcc_s_seh-1.dll
0x000000006fc40000 - 0x000000006fd2a000 	C:\Users\user\AppData\Roaming\Sikulix\SikulixLibs_201510081336\libstdc++-6.dll
0x00000000631c0000 - 0x0000000063295000 	C:\Users\user\AppData\Roaming\Sikulix\SikulixLibs_201510081336\libopencv_highgui248.dll
0x0000000065d80000 - 0x0000000065fd7000 	C:\Users\user\AppData\Roaming\Sikulix\SikulixLibs_201510081336\libopencv_imgproc248.dll
0x000000006fd80000 - 0x000000006ff7e000 	C:\Users\user\AppData\Roaming\Sikulix\SikulixLibs_201510081336\libopencv_core248.dll
0x0000000068a00000 - 0x0000000068d9e000 	C:\Users\user\AppData\Roaming\Sikulix\SikulixLibs_201510081336\libtesseract-3.dll
0x0000000064940000 - 0x0000000064955000 	C:\Users\user\AppData\Roaming\Sikulix\SikulixLibs_201510081336\libwinpthread-1.dll
0x000000006ef80000 - 0x000000006f135000 	C:\Users\user\AppData\Roaming\Sikulix\SikulixLibs_201510081336\liblept-3.dll
0x0000000061a00000 - 0x0000000061a32000 	C:\Users\user\AppData\Roaming\Sikulix\SikulixLibs_201510081336\libpng14-14.dll
0x0000000065500000 - 0x0000000065523000 	C:\Users\user\AppData\Roaming\Sikulix\SikulixLibs_201510081336\libz-1.dll
0x00007ffc38590000 - 0x00007ffc38784000 	C:\Windows\SYSTEM32\dbghelp.dll

VM Arguments:
jvm_args: -Dfile.encoding=Cp1252 
java_command: sikuli.Text
java_class_path (initial): C:\Users\user\eclipse-workspace\sikuli\target\test-classes;C:\Users\user\eclipse-workspace\sikuli\target\classes;C:\Users\user\.m2\repository\net\sourceforge\tess4j\tess4j\4.2.1\tess4j-4.2.1.jar;C:\Users\user\.m2\repository\net\java\dev\jna\jna\4.1.0\jna-4.1.0.jar;C:\Users\user\.m2\repository\com\github\jai-imageio\jai-imageio-core\1.4.0\jai-imageio-core-1.4.0.jar;C:\Users\user\.m2\repository\org\ghost4j\ghost4j\1.0.1\ghost4j-1.0.1.jar;C:\Users\user\.m2\repository\log4j\log4j\1.2.17\log4j-1.2.17.jar;C:\Users\user\.m2\repository\commons-beanutils\commons-beanutils\1.9.2\commons-beanutils-1.9.2.jar;C:\Users\user\.m2\repository\commons-collections\commons-collections\3.2.1\commons-collections-3.2.1.jar;C:\Users\user\.m2\repository\org\apache\xmlgraphics\xmlgraphics-commons\1.4\xmlgraphics-commons-1.4.jar;C:\Users\user\.m2\repository\com\lowagie\itext\2.1.7\itext-2.1.7.jar;C:\Users\user\.m2\repository\org\apache\pdfbox\pdfbox\2.0.11\pdfbox-2.0.11.jar;C:\Users\user\.m2\repository\org\apache\pdfbox\fontbox\2.0.11\fontbox-2.0.11.jar;C:\Users\user\.m2\repository\commons-logging\commons-logging\1.2\commons-logging-1.2.jar;C:\Users\user\.m2\repository\org\apache\pdfbox\pdfbox-tools\2.0.11\pdfbox-tools-2.0.11.jar;C:\Users\user\.m2\repository\org\apache\pdfbox\pdfbox-debugger\2.0.11\pdfbox-debugger-2.0.11.jar;C:\Users\user\.m2\repository\org\apache\pdfbox\jbig2-imageio\3.0.1\jbig2-imageio-3.0.1.jar;C:\Users\user\.m2\repository\commons-io\commons-io\2.6\commons-io-2.6.jar;C:\Users\user\.m2\repository\net\sourceforge\lept4j\lept4j\1.10.0\lept4j-1.10.0.jar;C:\Users\user\.m2\repository\org\jboss\jboss-vfs\3.2.13.Final\jboss-vfs-3.2.13.Final.jar;C:\Users\user\.m2\repository\org\jboss\logging\jboss-logging\3.1.4.GA\jboss-logging-3.1.4.GA.jar;C:\Users\user\.m2\repository\ch\qos\logback\logback-classic\1.2.3\logback-classic-1.2.3.jar;C:\Users\user\.m2\repository\ch\qos\logback\logback-core\1.2.3\logback-core-1.2.3.jar;C:\Users\user\.m2\repository\org\slf4j\
Launcher Type: SUN_STANDARD

Environment Variables:
JAVA_HOME=C:\Program Files\Java\jdk1.8.0_251
PATH=C:\Users\user\AppData\Roaming\Sikulix\SikulixLibs_201510081336;C:/Program Files/Java/jre1.8.0_251/bin/server;C:/Program Files/Java/jre1.8.0_251/bin;C:/Program Files/Java/jre1.8.0_251/lib/amd64;C:\Program Files (x86)\Common Files\Oracle\Java\javapath;D:\Program Files\Java\jdk-14.0.1;C:\Windows\system32;C:\Windows;C:\Windows\System32\Wbem;C:\Windows\System32\WindowsPowerShell\v1.0\;C:\Windows\System32\OpenSSH\;C:\Program Files\Java\jdk1.8.0_251bin;C:\Program Files\nodejs\;C:\Program Files\nodejs\node_modules\npm\bin;C:\Program Files\Git\cmd;F:\sikulisetup\sikulisetup\libs;G:\sikulisetup\libs;C:\Users\user\AppData\Local\Microsoft\WindowsApps;C:\Program Files\Java\jdk1.8.0_251;C:\Program Files\Android\Android Studio\bin;C:\Program Files\Java\jre1.8.0_251;G:\Flutter\Flutter\DownloadFlutter\flutter\bin;C:\Users\user\AppData\Roaming\npm;C:\Program Files\nodejs\node_modules\npm\bin;;C:\Users\user\AppData\Local\Programs\Microsoft VS Code\bin;C:\Windows\System32;
USERNAME=user
OS=Windows_NT
PROCESSOR_IDENTIFIER=Intel64 Family 6 Model 58 Stepping 9, GenuineIntel



---------------  S Y S T E M  ---------------

OS: Windows 10.0 , 64 bit Build 18362 (10.0.18362.778)

CPU:total 4 (initial active 4) (2 cores per cpu, 2 threads per core) family 6 model 58 stepping 9, cmov, cx8, fxsr, mmx, sse, sse2, sse3, ssse3, sse4.1, sse4.2, popcnt, avx, aes, clmul, erms, ht, tsc, tscinvbit, tscinv

Memory: 4k page, physical 8273256k(1037744k free), swap 15032212k(2457912k free)

vm_info: Java HotSpot(TM) 64-Bit Server VM (25.251-b08) for windows-amd64 JRE (1.8.0_251-b08), built on Mar 12 2020 06:31:49 by "" with MS VC++ 10.0 (VS2010)

time: Thu Jun 04 18:19:07 2020
timezone: India Standard Time
elapsed time: 29 seconds (0d 0h 0m 29s)

