#
# A fatal error has been detected by the Java Runtime Environment:
#
#  EXCEPTION_ACCESS_VIOLATION (0xc0000005) at pc=0x0000000068b89732, pid=17612, tid=0x00000000000034e8
#
# JRE version: Java(TM) SE Runtime Environment (8.0_251-b08) (build 1.8.0_251-b08)
# Java VM: Java HotSpot(TM) 64-Bit Server VM (25.251-b08 mixed mode windows-amd64 compressed oops)
# Problematic frame:
# C  [libtesseract-3.dll+0x189732]
#
# Failed to write core dump. Minidumps are not enabled by default on client versions of Windows
#
# If you would like to submit a bug report, please visit:
#   http://bugreport.java.com/bugreport/crash.jsp
# The crash happened outside the Java Virtual Machine in native code.
# See problematic frame for where to report the bug.
#

---------------  T H R E A D  ---------------

Current thread (0x0000000002a75800):  JavaThread "main" [_thread_in_native, id=13544, stack(0x0000000002880000,0x0000000002980000)]

siginfo: ExceptionCode=0xc0000005, reading address 0x0000000000000000

Registers:
RAX=0x0000000000000000, RBX=0x000000000297eb70, RCX=0x00000000ffffffff, RDX=0x0000000000000002
RSP=0x000000000297eb40, RBP=0x0000000068c06860, RSI=0x0000000000000002, RDI=0x000000000297ebb8
R8 =0x000000000000006e, R9 =0x0000000000000000, R10=0x000000000000001b, R11=0x000000001fcbf971
R12=0x0000000068d38260, R13=0x000000001fcb78b0, R14=0x0000000000000000, R15=0x000000000297f040
RIP=0x0000000068b89732, EFLAGS=0x0000000000010246

Top of Stack: (sp=0x000000000297eb40)
0x000000000297eb40:   000000000297eb70 00007ffc417bfa60
0x000000000297eb50:   0000000000000002 000000000297ebb8
0x000000000297eb60:   000000000297ec90 000000000297efc0
0x000000000297eb70:   745f6c6175746361 5f61746164737365
0x000000000297eb80:   72746e655f6d756e 203d3c205f736569
0x000000000297eb90:   4154414453534554 544e455f4d554e5f
0x000000000297eba0:   7272453a53454952 72657373413a726f
0x000000000297ebb0:   64656c6961662074 656c6966206e693a
0x000000000297ebc0:   7461647373657420 726567616e616d61
0x000000000297ebd0:   696c202c7070632e 00000a303520656e
0x000000000297ebe0:   0000000000000000 00007ffc9f006cf3
0x000000000297ebf0:   0000000000001010 0000000000000000
0x000000000297ec00:   00000000000008fc 0000000080000000
0x000000000297ec10:   000000000000000f 0000000000991e22
0x000000000297ec20:   000000009f006cf3 0000000000e7e660
0x000000000297ec30:   000000009f006cf3 0000000000a800a6 

Instructions: (pc=0x0000000068b89732)
0x0000000068b89712:   ff 15 e0 e8 20 00 48 8d 50 60 48 89 d9 e8 5c 65
0x0000000068b89722:   01 00 83 fe ff 7c 14 85 f6 7e 2d 83 fe 02 7f 0b
0x0000000068b89732:   8b 04 25 00 00 00 00 85 c0 74 3d 48 8d 15 a9 cd
0x0000000068b89742:   07 00 48 8d 0d d5 e9 1a 00 45 31 c9 41 b8 02 00 


Register to memory mapping:

RAX=0x0000000000000000 is an unknown value
RBX=0x000000000297eb70 is pointing into the stack for thread: 0x0000000002a75800
RCX=0x00000000ffffffff is an unallocated location in the heap
RDX=0x0000000000000002 is an unknown value
RSP=0x000000000297eb40 is pointing into the stack for thread: 0x0000000002a75800
RBP=0x0000000068c06860 is an unknown value
RSI=0x0000000000000002 is an unknown value
RDI=0x000000000297ebb8 is pointing into the stack for thread: 0x0000000002a75800
R8 =0x000000000000006e is an unknown value
R9 =0x0000000000000000 is an unknown value
R10=0x000000000000001b is an unknown value
R11=0x000000001fcbf971 is an unknown value
R12=0x0000000068d38260 is an unknown value
R13=0x000000001fcb78b0 is an unknown value
R14=0x0000000000000000 is an unknown value
R15=0x000000000297f040 is pointing into the stack for thread: 0x0000000002a75800


Stack: [0x0000000002880000,0x0000000002980000],  sp=0x000000000297eb40,  free space=1018k
Native frames: (J=compiled Java code, j=interpreted, Vv=VM code, C=native code)
C  [libtesseract-3.dll+0x189732]
C  [libtesseract-3.dll+0x18b1b4]
C  [libtesseract-3.dll+0x42123]
C  [libtesseract-3.dll+0x428fc]
C  [libtesseract-3.dll+0x43316]
C  [libtesseract-3.dll+0x1f1a]
C  [VisionProxy.dll+0x1e889]
C  [VisionProxy.dll+0x2ccc3]
C  [VisionProxy.dll+0x35c11]
C  0x0000000002b88c67

Java frames: (J=compiled Java code, j=interpreted, Vv=VM code)
j  org.sikuli.natives.VisionProxyJNI.Vision_initOCR(Ljava/lang/String;)V+0
j  org.sikuli.natives.Vision.initOCR(Ljava/lang/String;)V+1
j  org.sikuli.script.TextRecognizer.init()V+171
j  org.sikuli.script.TextRecognizer.<init>()V+5
j  org.sikuli.script.TextRecognizer.getInstance()Lorg/sikuli/script/TextRecognizer;+10
j  org.sikuli.script.Image.text()Ljava/lang/String;+6
j  sikuli.practice.main([Ljava/lang/String;)V+183
v  ~StubRoutines::call_stub

---------------  P R O C E S S  ---------------

Java Threads: ( => current thread )
  0x000000001a463800 JavaThread "AWT-EventQueue-0" [_thread_blocked, id=18104, stack(0x0000000020bd0000,0x0000000020cd0000)]
  0x000000001a462800 JavaThread "AWT-Shutdown" [_thread_blocked, id=3056, stack(0x0000000020ad0000,0x0000000020bd0000)]
  0x000000001a466800 JavaThread "Keep-Alive-Timer" daemon [_thread_blocked, id=18376, stack(0x000000001fad0000,0x000000001fbd0000)]
  0x000000001a462000 JavaThread "AWT-Windows" daemon [_thread_in_native, id=14572, stack(0x000000001fcd0000,0x000000001fdd0000)]
  0x000000001a465000 JavaThread "Java2D Disposer" daemon [_thread_blocked, id=16272, stack(0x000000001f9d0000,0x000000001fad0000)]
  0x000000001a461000 JavaThread "AsyncHttpClient-3-3" [_thread_in_native, id=5500, stack(0x000000001e5c0000,0x000000001e6c0000)]
  0x000000001a468000 JavaThread "AsyncHttpClient-3-2" [_thread_in_native, id=16568, stack(0x000000001d4b0000,0x000000001d5b0000)]
  0x00000000196ed000 JavaThread "AsyncHttpClient-3-1" [_thread_in_native, id=11116, stack(0x000000001c3a0000,0x000000001c4a0000)]
  0x0000000019629000 JavaThread "Exec Stream Pumper" daemon [_thread_in_native, id=17912, stack(0x000000001bda0000,0x000000001bea0000)]
  0x00000000192a2000 JavaThread "Exec Stream Pumper" daemon [_thread_in_native, id=15284, stack(0x000000001bca0000,0x000000001bda0000)]
  0x00000000192a7000 JavaThread "UrlChecker-2" daemon [_thread_blocked, id=17768, stack(0x000000001baa0000,0x000000001bba0000)]
  0x000000001a65c800 JavaThread "Exec Default Executor" daemon [_thread_in_native, id=17856, stack(0x000000001b670000,0x000000001b770000)]
  0x000000001a155000 JavaThread "AsyncHttpClient-timer-1-1" [_thread_blocked, id=14472, stack(0x000000001b7a0000,0x000000001b8a0000)]
  0x00000000176fd800 JavaThread "Service Thread" daemon [_thread_blocked, id=15732, stack(0x0000000019420000,0x0000000019520000)]
  0x00000000176b9800 JavaThread "C1 CompilerThread2" daemon [_thread_blocked, id=11328, stack(0x0000000018f20000,0x0000000019020000)]
  0x00000000176ab000 JavaThread "C2 CompilerThread1" daemon [_thread_blocked, id=3472, stack(0x0000000018e20000,0x0000000018f20000)]
  0x00000000176a7000 JavaThread "C2 CompilerThread0" daemon [_thread_blocked, id=15024, stack(0x0000000018d20000,0x0000000018e20000)]
  0x00000000176a4800 JavaThread "Attach Listener" daemon [_thread_blocked, id=17080, stack(0x0000000018c20000,0x0000000018d20000)]
  0x00000000176a3800 JavaThread "Signal Dispatcher" daemon [_thread_blocked, id=2176, stack(0x0000000018b20000,0x0000000018c20000)]
  0x0000000017690000 JavaThread "Finalizer" daemon [_thread_blocked, id=17444, stack(0x0000000018920000,0x0000000018a20000)]
  0x0000000002b65000 JavaThread "Reference Handler" daemon [_thread_blocked, id=15208, stack(0x0000000018820000,0x0000000018920000)]
=>0x0000000002a75800 JavaThread "main" [_thread_in_native, id=13544, stack(0x0000000002880000,0x0000000002980000)]

Other Threads:
  0x0000000017668000 VMThread [stack: 0x0000000018720000,0x0000000018820000] [id=17272]
  0x000000001908b000 WatcherThread [stack: 0x0000000019520000,0x0000000019620000] [id=13268]

VM state:not at safepoint (normal execution)

VM Mutex/Monitor currently owned by a thread: None

heap address: 0x0000000081c00000, size: 2020 MB, Compressed Oops mode: 32-bit
Narrow klass base: 0x0000000000000000, Narrow klass shift: 3
Compressed class space size: 1073741824 Address: 0x0000000100000000

Heap:
 PSYoungGen      total 74752K, used 19895K [0x00000000d5f00000, 0x00000000dc480000, 0x0000000100000000)
  eden space 53248K, 37% used [0x00000000d5f00000,0x00000000d726de58,0x00000000d9300000)
  from space 21504K, 0% used [0x00000000da900000,0x00000000da900000,0x00000000dbe00000)
  to   space 22528K, 0% used [0x00000000d9300000,0x00000000d9300000,0x00000000da900000)
 ParOldGen       total 98304K, used 42182K [0x0000000081c00000, 0x0000000087c00000, 0x00000000d5f00000)
  object space 98304K, 42% used [0x0000000081c00000,0x00000000845318c8,0x0000000087c00000)
 Metaspace       used 26122K, capacity 26910K, committed 27264K, reserved 1073152K
  class space    used 3250K, capacity 3443K, committed 3456K, reserved 1048576K

Card table byte_map: [0x0000000011f30000,0x0000000012330000] byte_map_base: 0x0000000011b22000

Marking Bits: (ParMarkBitMap*) 0x0000000059aeaf90
 Begin Bits: [0x00000000129e0000, 0x0000000014970000)
 End Bits:   [0x0000000014970000, 0x0000000016900000)

Polling page: 0x0000000000dd0000

CodeCache: size=245760Kb used=6499Kb max_used=6511Kb free=239260Kb
 bounds [0x0000000002b70000, 0x00000000031e0000, 0x0000000011b70000]
 total_blobs=2586 nmethods=1973 adapters=525
 compilation: enabled

Compilation events (10 events):
Event: 56.910 Thread 0x00000000176b9800 2180       3       org.sikuli.basics.AnimatorTimeValueFunction::isEnd (15 bytes)
Event: 56.910 Thread 0x00000000176b9800 nmethod 2180 0x0000000002cef950 code [0x0000000002cefaa0, 0x0000000002cefc50]
Event: 56.988 Thread 0x00000000176a7000 2181       4       org.sikuli.basics.AnimatorOutQuarticEase::getValue (78 bytes)
Event: 56.989 Thread 0x00000000176a7000 nmethod 2181 0x0000000002d82d90 code [0x0000000002d82f00, 0x0000000002d82ff8]
Event: 57.233 Thread 0x00000000176ab000 2182       4       org.sikuli.basics.AnimatorTimeBased::step (85 bytes)
Event: 57.235 Thread 0x00000000176ab000 nmethod 2182 0x0000000002deb2d0 code [0x0000000002deb440, 0x0000000002deb5e8]
Event: 57.242 Thread 0x00000000176a7000 2183       4       org.sikuli.script.RobotDesktop::delay (31 bytes)
Event: 57.244 Thread 0x00000000176a7000 nmethod 2183 0x00000000031d0b50 code [0x00000000031d0cc0, 0x00000000031d0ff8]
Event: 57.245 Thread 0x00000000176ab000 2184       4       org.sikuli.script.RobotDesktop::doMouseMove (7 bytes)
Event: 57.250 Thread 0x00000000176ab000 nmethod 2184 0x00000000031d01d0 code [0x00000000031d0340, 0x00000000031d0748]

GC Heap History (10 events):
Event: 54.621 GC heap before
{Heap before GC invocations=6 (full 1):
 PSYoungGen      total 38400K, used 31064K [0x00000000d5f00000, 0x00000000d8980000, 0x0000000100000000)
  eden space 33280K, 93% used [0x00000000d5f00000,0x00000000d7d561e0,0x00000000d7f80000)
  from space 5120K, 0% used [0x00000000d8480000,0x00000000d8480000,0x00000000d8980000)
  to   space 5120K, 0% used [0x00000000d7f80000,0x00000000d7f80000,0x00000000d8480000)
 ParOldGen       total 75264K, used 24517K [0x0000000081c00000, 0x0000000086580000, 0x00000000d5f00000)
  object space 75264K, 32% used [0x0000000081c00000,0x00000000833f16e0,0x0000000086580000)
 Metaspace       used 25604K, capacity 26430K, committed 26752K, reserved 1073152K
  class space    used 3194K, capacity 3411K, committed 3456K, reserved 1048576K
Event: 54.634 GC heap after
Heap after GC invocations=6 (full 1):
 PSYoungGen      total 37888K, used 5111K [0x00000000d5f00000, 0x00000000da700000, 0x0000000100000000)
  eden space 32768K, 0% used [0x00000000d5f00000,0x00000000d5f00000,0x00000000d7f00000)
  from space 5120K, 99% used [0x00000000d7f80000,0x00000000d847dd98,0x00000000d8480000)
  to   space 20480K, 0% used [0x00000000d9300000,0x00000000d9300000,0x00000000da700000)
 ParOldGen       total 75264K, used 31293K [0x0000000081c00000, 0x0000000086580000, 0x00000000d5f00000)
  object space 75264K, 41% used [0x0000000081c00000,0x0000000083a8f460,0x0000000086580000)
 Metaspace       used 25604K, capacity 26430K, committed 26752K, reserved 1073152K
  class space    used 3194K, capacity 3411K, committed 3456K, reserved 1048576K
}
Event: 54.985 GC heap before
{Heap before GC invocations=7 (full 1):
 PSYoungGen      total 37888K, used 37879K [0x00000000d5f00000, 0x00000000da700000, 0x0000000100000000)
  eden space 32768K, 100% used [0x00000000d5f00000,0x00000000d7f00000,0x00000000d7f00000)
  from space 5120K, 99% used [0x00000000d7f80000,0x00000000d847dd98,0x00000000d8480000)
  to   space 20480K, 0% used [0x00000000d9300000,0x00000000d9300000,0x00000000da700000)
 ParOldGen       total 75264K, used 31293K [0x0000000081c00000, 0x0000000086580000, 0x00000000d5f00000)
  object space 75264K, 41% used [0x0000000081c00000,0x0000000083a8f460,0x0000000086580000)
 Metaspace       used 25971K, capacity 26782K, committed 27008K, reserved 1073152K
  class space    used 3237K, capacity 3443K, committed 3456K, reserved 1048576K
Event: 55.001 GC heap after
Heap after GC invocations=7 (full 1):
 PSYoungGen      total 51200K, used 17484K [0x00000000d5f00000, 0x00000000dc480000, 0x0000000100000000)
  eden space 30720K, 0% used [0x00000000d5f00000,0x00000000d5f00000,0x00000000d7d00000)
  from space 20480K, 85% used [0x00000000d9300000,0x00000000da413398,0x00000000da700000)
  to   space 22528K, 0% used [0x00000000d7d00000,0x00000000d7d00000,0x00000000d9300000)
 ParOldGen       total 75264K, used 39497K [0x0000000081c00000, 0x0000000086580000, 0x00000000d5f00000)
  object space 75264K, 52% used [0x0000000081c00000,0x0000000084292480,0x0000000086580000)
 Metaspace       used 25971K, capacity 26782K, committed 27008K, reserved 1073152K
  class space    used 3237K, capacity 3443K, committed 3456K, reserved 1048576K
}
Event: 56.667 GC heap before
{Heap before GC invocations=8 (full 1):
 PSYoungGen      total 51200K, used 45749K [0x00000000d5f00000, 0x00000000dc480000, 0x0000000100000000)
  eden space 30720K, 92% used [0x00000000d5f00000,0x00000000d7a9a328,0x00000000d7d00000)
  from space 20480K, 85% used [0x00000000d9300000,0x00000000da413398,0x00000000da700000)
  to   space 22528K, 0% used [0x00000000d7d00000,0x00000000d7d00000,0x00000000d9300000)
 ParOldGen       total 75264K, used 39497K [0x0000000081c00000, 0x0000000086580000, 0x00000000d5f00000)
  object space 75264K, 52% used [0x0000000081c00000,0x0000000084292480,0x0000000086580000)
 Metaspace       used 26113K, capacity 26846K, committed 27008K, reserved 1073152K
  class space    used 3249K, capacity 3443K, committed 3456K, reserved 1048576K
Event: 56.677 GC heap after
Heap after GC invocations=8 (full 1):
 PSYoungGen      total 53248K, used 13554K [0x00000000d5f00000, 0x00000000dbe00000, 0x0000000100000000)
  eden space 30720K, 0% used [0x00000000d5f00000,0x00000000d5f00000,0x00000000d7d00000)
  from space 22528K, 60% used [0x00000000d7d00000,0x00000000d8a3c940,0x00000000d9300000)
  to   space 21504K, 0% used [0x00000000da900000,0x00000000da900000,0x00000000dbe00000)
 ParOldGen       total 75264K, used 39505K [0x0000000081c00000, 0x0000000086580000, 0x00000000d5f00000)
  object space 75264K, 52% used [0x0000000081c00000,0x0000000084294480,0x0000000086580000)
 Metaspace       used 26113K, capacity 26846K, committed 27008K, reserved 1073152K
  class space    used 3249K, capacity 3443K, committed 3456K, reserved 1048576K
}
Event: 56.764 GC heap before
{Heap before GC invocations=9 (full 1):
 PSYoungGen      total 53248K, used 44274K [0x00000000d5f00000, 0x00000000dbe00000, 0x0000000100000000)
  eden space 30720K, 100% used [0x00000000d5f00000,0x00000000d7d00000,0x00000000d7d00000)
  from space 22528K, 60% used [0x00000000d7d00000,0x00000000d8a3c940,0x00000000d9300000)
  to   space 21504K, 0% used [0x00000000da900000,0x00000000da900000,0x00000000dbe00000)
 ParOldGen       total 75264K, used 39505K [0x0000000081c00000, 0x0000000086580000, 0x00000000d5f00000)
  object space 75264K, 52% used [0x0000000081c00000,0x0000000084294480,0x0000000086580000)
 Metaspace       used 26114K, capacity 26846K, committed 27008K, reserved 1073152K
  class space    used 3249K, capacity 3443K, committed 3456K, reserved 1048576K
Event: 56.776 GC heap after
Heap after GC invocations=9 (full 1):
 PSYoungGen      total 74752K, used 17644K [0x00000000d5f00000, 0x00000000dc480000, 0x0000000100000000)
  eden space 53248K, 0% used [0x00000000d5f00000,0x00000000d5f00000,0x00000000d9300000)
  from space 21504K, 82% used [0x00000000da900000,0x00000000dba3b398,0x00000000dbe00000)
  to   space 22528K, 0% used [0x00000000d9300000,0x00000000d9300000,0x00000000da900000)
 ParOldGen       total 75264K, used 59995K [0x0000000081c00000, 0x0000000086580000, 0x00000000d5f00000)
  object space 75264K, 79% used [0x0000000081c00000,0x0000000085696cd0,0x0000000086580000)
 Metaspace       used 26114K, capacity 26846K, committed 27008K, reserved 1073152K
  class space    used 3249K, capacity 3443K, committed 3456K, reserved 1048576K
}
Event: 56.776 GC heap before
{Heap before GC invocations=10 (full 2):
 PSYoungGen      total 74752K, used 17644K [0x00000000d5f00000, 0x00000000dc480000, 0x0000000100000000)
  eden space 53248K, 0% used [0x00000000d5f00000,0x00000000d5f00000,0x00000000d9300000)
  from space 21504K, 82% used [0x00000000da900000,0x00000000dba3b398,0x00000000dbe00000)
  to   space 22528K, 0% used [0x00000000d9300000,0x00000000d9300000,0x00000000da900000)
 ParOldGen       total 75264K, used 59995K [0x0000000081c00000, 0x0000000086580000, 0x00000000d5f00000)
  object space 75264K, 79% used [0x0000000081c00000,0x0000000085696cd0,0x0000000086580000)
 Metaspace       used 26114K, capacity 26846K, committed 27008K, reserved 1073152K
  class space    used 3249K, capacity 3443K, committed 3456K, reserved 1048576K
Event: 56.809 GC heap after
Heap after GC invocations=10 (full 2):
 PSYoungGen      total 74752K, used 0K [0x00000000d5f00000, 0x00000000dc480000, 0x0000000100000000)
  eden space 53248K, 0% used [0x00000000d5f00000,0x00000000d5f00000,0x00000000d9300000)
  from space 21504K, 0% used [0x00000000da900000,0x00000000da900000,0x00000000dbe00000)
  to   space 22528K, 0% used [0x00000000d9300000,0x00000000d9300000,0x00000000da900000)
 ParOldGen       total 98304K, used 42182K [0x0000000081c00000, 0x0000000087c00000, 0x00000000d5f00000)
  object space 98304K, 42% used [0x0000000081c00000,0x00000000845318c8,0x0000000087c00000)
 Metaspace       used 26114K, capacity 26846K, committed 27008K, reserved 1073152K
  class space    used 3249K, capacity 3443K, committed 3456K, reserved 1048576K
}

Deoptimization events (10 events):
Event: 52.452 Thread 0x0000000002a75800 Uncommon trap: reason=class_check action=maybe_recompile pc=0x0000000003149ea8 method=sun.security.util.math.intpoly.IntegerPolynomial$MutableElement.setSum(Lsun/security/util/math/IntegerModuloP;)Lsun/security/util/math/intpoly/IntegerPolynomial$MutableE
Event: 52.452 Thread 0x0000000002a75800 Uncommon trap: reason=class_check action=maybe_recompile pc=0x0000000003149ea8 method=sun.security.util.math.intpoly.IntegerPolynomial$MutableElement.setSum(Lsun/security/util/math/IntegerModuloP;)Lsun/security/util/math/intpoly/IntegerPolynomial$MutableE
Event: 52.452 Thread 0x0000000002a75800 Uncommon trap: reason=class_check action=maybe_recompile pc=0x0000000003149ea8 method=sun.security.util.math.intpoly.IntegerPolynomial$MutableElement.setSum(Lsun/security/util/math/IntegerModuloP;)Lsun/security/util/math/intpoly/IntegerPolynomial$MutableE
Event: 54.006 Thread 0x0000000002a75800 Uncommon trap: reason=unstable_if action=reinterpret pc=0x0000000002cad8b4 method=java.io.WinNTFileSystem.prefixLength(Ljava/lang/String;)I @ 11
Event: 54.670 Thread 0x0000000002a75800 Uncommon trap: reason=predicate action=maybe_recompile pc=0x0000000002fb5e94 method=java.lang.String.regionMatches(ZILjava/lang/String;II)Z @ 63
Event: 55.050 Thread 0x0000000002a75800 Uncommon trap: reason=unstable_if action=reinterpret pc=0x000000000319cf9c method=java.awt.image.ComponentColorModel.getDataElements(ILjava/lang/Object;)Ljava/lang/Object; @ 30
Event: 55.051 Thread 0x0000000002a75800 Uncommon trap: reason=unstable_if action=reinterpret pc=0x000000000317e2b8 method=sun.awt.image.ByteInterleavedRaster.getDataElements(IILjava/lang/Object;)Ljava/lang/Object; @ 43
Event: 55.246 Thread 0x0000000002a75800 Uncommon trap: reason=unstable_if action=reinterpret pc=0x00000000031b1914 method=sun.java2d.loops.OpaqueCopyAnyToArgb.Blit(Lsun/java2d/SurfaceData;Lsun/java2d/SurfaceData;Ljava/awt/Composite;Lsun/java2d/pipe/Region;IIIIII)V @ 150
Event: 55.247 Thread 0x0000000002a75800 Uncommon trap: reason=unstable_if action=reinterpret pc=0x00000000031ad810 method=sun.java2d.loops.OpaqueCopyArgbToAny.Blit(Lsun/java2d/SurfaceData;Lsun/java2d/SurfaceData;Ljava/awt/Composite;Lsun/java2d/pipe/Region;IIIIII)V @ 159
Event: 55.828 Thread 0x0000000002a75800 Uncommon trap: reason=unstable_if action=reinterpret pc=0x00000000031c7dc4 method=org.sikuli.basics.AnimatorTimeValueFunction.isEnd(J)Z @ 6

Classes redefined (0 events):
No events

Internal exceptions (10 events):
Event: 51.058 Thread 0x0000000002a75800 Exception <a 'java/lang/ClassNotFoundException': sun/net/www/protocol/c/Handler> (0x00000000d67a7b30) thrown at [C:\jenkins\workspace\8-2-build-windows-amd64-cygwin\jdk8u251\737\hotspot\src\share\vm\classfile\systemDictionary.cpp, line 210]
Event: 51.059 Thread 0x0000000002a75800 Exception <a 'java/lang/ClassNotFoundException': sun/net/www/protocol/c/Handler> (0x00000000d67b16e0) thrown at [C:\jenkins\workspace\8-2-build-windows-amd64-cygwin\jdk8u251\737\hotspot\src\share\vm\classfile\systemDictionary.cpp, line 210]
Event: 51.061 Thread 0x0000000002a75800 Exception <a 'java/lang/ClassNotFoundException': sun/net/www/protocol/c/Handler> (0x00000000d67bb290) thrown at [C:\jenkins\workspace\8-2-build-windows-amd64-cygwin\jdk8u251\737\hotspot\src\share\vm\classfile\systemDictionary.cpp, line 210]
Event: 51.062 Thread 0x0000000002a75800 Exception <a 'java/lang/ClassNotFoundException': sun/net/www/protocol/c/Handler> (0x00000000d67c4e88) thrown at [C:\jenkins\workspace\8-2-build-windows-amd64-cygwin\jdk8u251\737\hotspot\src\share\vm\classfile\systemDictionary.cpp, line 210]
Event: 51.063 Thread 0x0000000002a75800 Exception <a 'java/lang/ClassNotFoundException': sun/net/www/protocol/c/Handler> (0x00000000d67cea38) thrown at [C:\jenkins\workspace\8-2-build-windows-amd64-cygwin\jdk8u251\737\hotspot\src\share\vm\classfile\systemDictionary.cpp, line 210]
Event: 51.171 Thread 0x0000000002a75800 Exception <a 'java/security/PrivilegedActionException'> (0x00000000d697b570) thrown at [C:\jenkins\workspace\8-2-build-windows-amd64-cygwin\jdk8u251\737\hotspot\src\share\vm\prims\jvm.cpp, line 1502]
Event: 51.171 Thread 0x0000000002a75800 Exception <a 'java/security/PrivilegedActionException'> (0x00000000d697b968) thrown at [C:\jenkins\workspace\8-2-build-windows-amd64-cygwin\jdk8u251\737\hotspot\src\share\vm\prims\jvm.cpp, line 1502]
Event: 51.173 Thread 0x0000000002a75800 Exception <a 'java/security/PrivilegedActionException'> (0x00000000d697f9a8) thrown at [C:\jenkins\workspace\8-2-build-windows-amd64-cygwin\jdk8u251\737\hotspot\src\share\vm\prims\jvm.cpp, line 1502]
Event: 51.173 Thread 0x0000000002a75800 Exception <a 'java/security/PrivilegedActionException'> (0x00000000d697fda0) thrown at [C:\jenkins\workspace\8-2-build-windows-amd64-cygwin\jdk8u251\737\hotspot\src\share\vm\prims\jvm.cpp, line 1502]
Event: 55.051 Thread 0x0000000002a75800 Implicit null exception at 0x000000000317e040 to 0x000000000317e29d

Events (10 events):
Event: 56.812 Thread 0x00000000176b9800 flushing nmethod 0x0000000002cef850
Event: 56.894 Thread 0x0000000002a75800 DEOPT PACKING pc=0x00000000031b00f3 sp=0x000000000297e750
Event: 56.894 Thread 0x0000000002a75800 DEOPT UNPACKING pc=0x0000000002bb7890 sp=0x000000000297e4f0 mode 0
Event: 56.895 Thread 0x0000000002a75800 DEOPT PACKING pc=0x00000000031b8532 sp=0x000000000297e7f0
Event: 56.895 Thread 0x0000000002a75800 DEOPT UNPACKING pc=0x0000000002bb7890 sp=0x000000000297e580 mode 0
Event: 56.897 Thread 0x00000000176b9800 flushing nmethod 0x0000000002d82c10
Event: 56.910 Thread 0x00000000176b9800 flushing nmethod 0x0000000002deb2d0
Event: 56.910 Thread 0x00000000176b9800 flushing nmethod 0x0000000002deb7d0
Event: 57.397 loading class org/sikuli/script/TextRecognizer
Event: 57.397 loading class org/sikuli/script/TextRecognizer done


Dynamic libraries:
0x00007ff65c1f0000 - 0x00007ff65c227000 	C:\Program Files\Java\jre1.8.0_251\bin\javaw.exe
0x00007ffc42460000 - 0x00007ffc42650000 	C:\Windows\SYSTEM32\ntdll.dll
0x00007ffc367e0000 - 0x00007ffc367f3000 	C:\Program Files\Avast Software\Avast\aswhook.dll
0x00007ffc411e0000 - 0x00007ffc41292000 	C:\Windows\System32\KERNEL32.DLL
0x00007ffc3f7c0000 - 0x00007ffc3fa64000 	C:\Windows\System32\KERNELBASE.dll
0x00007ffc417e0000 - 0x00007ffc41883000 	C:\Windows\System32\ADVAPI32.dll
0x00007ffc41730000 - 0x00007ffc417ce000 	C:\Windows\System32\msvcrt.dll
0x00007ffc40510000 - 0x00007ffc405a7000 	C:\Windows\System32\sechost.dll
0x00007ffc42300000 - 0x00007ffc42420000 	C:\Windows\System32\RPCRT4.dll
0x00007ffc41380000 - 0x00007ffc41514000 	C:\Windows\System32\USER32.dll
0x00007ffc3f670000 - 0x00007ffc3f691000 	C:\Windows\System32\win32u.dll
0x00007ffc40a20000 - 0x00007ffc40a46000 	C:\Windows\System32\GDI32.dll
0x00007ffc3f4d0000 - 0x00007ffc3f664000 	C:\Windows\System32\gdi32full.dll
0x00007ffc3f6a0000 - 0x00007ffc3f73e000 	C:\Windows\System32\msvcp_win.dll
0x00007ffc3fa70000 - 0x00007ffc3fb6a000 	C:\Windows\System32\ucrtbase.dll
0x00007ffc36270000 - 0x00007ffc364f4000 	C:\Windows\WinSxS\amd64_microsoft.windows.common-controls_6595b64144ccf1df_6.0.18362.836_none_e6c4b943130f18ed\COMCTL32.dll
0x00007ffc40680000 - 0x00007ffc409b6000 	C:\Windows\System32\combase.dll
0x00007ffc3f740000 - 0x00007ffc3f7c0000 	C:\Windows\System32\bcryptPrimitives.dll
0x00007ffc41140000 - 0x00007ffc4116e000 	C:\Windows\System32\IMM32.DLL
0x0000000059050000 - 0x0000000059122000 	C:\Program Files\Java\jre1.8.0_251\bin\msvcr100.dll
0x00000000592c0000 - 0x0000000059b6b000 	C:\Program Files\Java\jre1.8.0_251\bin\server\jvm.dll
0x00007ffc41720000 - 0x00007ffc41728000 	C:\Windows\System32\PSAPI.DLL
0x00007ffc35610000 - 0x00007ffc35619000 	C:\Windows\SYSTEM32\WSOCK32.dll
0x00007ffc41310000 - 0x00007ffc4137f000 	C:\Windows\System32\WS2_32.dll
0x00007ffc36ec0000 - 0x00007ffc36ee4000 	C:\Windows\SYSTEM32\WINMM.dll
0x00007ffc3de40000 - 0x00007ffc3de4a000 	C:\Windows\SYSTEM32\VERSION.dll
0x00007ffc36e90000 - 0x00007ffc36ebd000 	C:\Windows\SYSTEM32\WINMMBASE.dll
0x00007ffc3f480000 - 0x00007ffc3f4ca000 	C:\Windows\System32\cfgmgr32.dll
0x00007ffc3d2c0000 - 0x00007ffc3d2cf000 	C:\Program Files\Java\jre1.8.0_251\bin\verify.dll
0x00007ffc2af10000 - 0x00007ffc2af39000 	C:\Program Files\Java\jre1.8.0_251\bin\java.dll
0x00007ffc3ae20000 - 0x00007ffc3ae36000 	C:\Program Files\Java\jre1.8.0_251\bin\zip.dll
0x00007ffc40a50000 - 0x00007ffc41134000 	C:\Windows\System32\SHELL32.dll
0x00007ffc41d00000 - 0x00007ffc41da9000 	C:\Windows\System32\shcore.dll
0x00007ffc3fc20000 - 0x00007ffc4039e000 	C:\Windows\System32\windows.storage.dll
0x00007ffc3f3c0000 - 0x00007ffc3f3e3000 	C:\Windows\System32\profapi.dll
0x00007ffc3f350000 - 0x00007ffc3f39a000 	C:\Windows\System32\powrprof.dll
0x00007ffc3f320000 - 0x00007ffc3f330000 	C:\Windows\System32\UMPDC.dll
0x00007ffc409c0000 - 0x00007ffc40a12000 	C:\Windows\System32\shlwapi.dll
0x00007ffc3f3a0000 - 0x00007ffc3f3b1000 	C:\Windows\System32\kernel.appcore.dll
0x00007ffc403a0000 - 0x00007ffc403b7000 	C:\Windows\System32\cryptsp.dll
0x00007ffc25e50000 - 0x00007ffc25e74000 	C:\Program Files\Java\jre1.8.0_251\bin\sunec.dll
0x00007ffc39160000 - 0x00007ffc3917a000 	C:\Program Files\Java\jre1.8.0_251\bin\net.dll
0x00007ffc3eb30000 - 0x00007ffc3eb97000 	C:\Windows\system32\mswsock.dll
0x00007ffc3e840000 - 0x00007ffc3e87a000 	C:\Windows\SYSTEM32\IPHLPAPI.DLL
0x00007ffc411d0000 - 0x00007ffc411d8000 	C:\Windows\System32\NSI.dll
0x00007ffc39a20000 - 0x00007ffc39a36000 	C:\Windows\SYSTEM32\dhcpcsvc6.DLL
0x00007ffc39970000 - 0x00007ffc3998c000 	C:\Windows\SYSTEM32\dhcpcsvc.DLL
0x00007ffc3e880000 - 0x00007ffc3e94b000 	C:\Windows\SYSTEM32\DNSAPI.dll
0x00007ffc30df0000 - 0x00007ffc30e02000 	C:\Program Files\Java\jre1.8.0_251\bin\nio.dll
0x00007ffc3e6a0000 - 0x00007ffc3e6d3000 	C:\Windows\system32\rsaenh.dll
0x00007ffc3f450000 - 0x00007ffc3f476000 	C:\Windows\System32\bcrypt.dll
0x00007ffc3f210000 - 0x00007ffc3f235000 	C:\Windows\SYSTEM32\USERENV.dll
0x00007ffc3ed00000 - 0x00007ffc3ed0c000 	C:\Windows\SYSTEM32\CRYPTBASE.dll
0x00007ffc379b0000 - 0x00007ffc379ba000 	C:\Windows\System32\rasadhlp.dll
0x00007ffc38790000 - 0x00007ffc38807000 	C:\Windows\System32\fwpuclnt.dll
0x00007ffc3bd40000 - 0x00007ffc3bd4c000 	C:\Program Files\Java\jre1.8.0_251\bin\sunmscapi.dll
0x00007ffc403c0000 - 0x00007ffc40509000 	C:\Windows\System32\CRYPT32.dll
0x00007ffc3f330000 - 0x00007ffc3f342000 	C:\Windows\System32\MSASN1.dll
0x00007ffc3ee00000 - 0x00007ffc3ee26000 	C:\Windows\SYSTEM32\ncrypt.dll
0x00007ffc3edc0000 - 0x00007ffc3edfb000 	C:\Windows\SYSTEM32\NTASN1.dll
0x00007ffc3dd80000 - 0x00007ffc3dd8d000 	C:\Program Files\Java\jre1.8.0_251\bin\management.dll
0x00007ffc2a3e0000 - 0x00007ffc2a3f6000 	C:\Windows\system32\napinsp.dll
0x00007ffc2a3c0000 - 0x00007ffc2a3da000 	C:\Windows\system32\pnrpnsp.dll
0x00007ffc2a3b0000 - 0x00007ffc2a3be000 	C:\Windows\System32\winrnr.dll
0x00007ffc3a550000 - 0x00007ffc3a56c000 	C:\Windows\system32\NLAapi.dll
0x00007ffc2a390000 - 0x00007ffc2a3a5000 	C:\Windows\system32\wshbth.dll
0x00007ffbfd540000 - 0x00007ffbfd6da000 	C:\Program Files\Java\jre1.8.0_251\bin\awt.dll
0x00007ffc405b0000 - 0x00007ffc40674000 	C:\Windows\System32\OLEAUT32.dll
0x00007ffc3d230000 - 0x00007ffc3d2bf000 	C:\Windows\SYSTEM32\apphelp.dll
0x00007ffc3d860000 - 0x00007ffc3d88d000 	C:\Windows\system32\DWMAPI.DLL
0x00007ffc3d320000 - 0x00007ffc3d3b9000 	C:\Windows\system32\uxtheme.dll
0x00007ffc2d000000 - 0x00007ffc2d156000 	C:\Windows\system32\opengl32.dll
0x00007ffc37e90000 - 0x00007ffc37ebc000 	C:\Windows\SYSTEM32\GLU32.dll
0x00007ffc3df90000 - 0x00007ffc3dfb0000 	C:\Windows\SYSTEM32\dxcore.dll
0x00007ffc41db0000 - 0x00007ffc41ee6000 	C:\Windows\System32\MSCTF.dll
0x00007ffc41520000 - 0x00007ffc41677000 	C:\Windows\System32\ole32.dll
0x00007ffc11930000 - 0x00007ffc11959000 	C:\Users\user\AppData\Local\Temp\BridJExtractedLibraries6629421140035608295\bridj.dll
0x00000000681c0000 - 0x0000000068224000 	C:\Users\user\AppData\Roaming\Sikulix\SikulixLibs_201510081336\VisionProxy.dll
0x0000000061440000 - 0x000000006145a000 	C:\Users\user\AppData\Roaming\Sikulix\SikulixLibs_201510081336\libgcc_s_seh-1.dll
0x000000006fc40000 - 0x000000006fd2a000 	C:\Users\user\AppData\Roaming\Sikulix\SikulixLibs_201510081336\libstdc++-6.dll
0x00000000631c0000 - 0x0000000063295000 	C:\Users\user\AppData\Roaming\Sikulix\SikulixLibs_201510081336\libopencv_highgui248.dll
0x0000000065d80000 - 0x0000000065fd7000 	C:\Users\user\AppData\Roaming\Sikulix\SikulixLibs_201510081336\libopencv_imgproc248.dll
0x000000006fd80000 - 0x000000006ff7e000 	C:\Users\user\AppData\Roaming\Sikulix\SikulixLibs_201510081336\libopencv_core248.dll
0x0000000068a00000 - 0x0000000068d9e000 	C:\Users\user\AppData\Roaming\Sikulix\SikulixLibs_201510081336\libtesseract-3.dll
0x0000000064940000 - 0x0000000064955000 	C:\Users\user\AppData\Roaming\Sikulix\SikulixLibs_201510081336\libwinpthread-1.dll
0x000000006ef80000 - 0x000000006f135000 	C:\Users\user\AppData\Roaming\Sikulix\SikulixLibs_201510081336\liblept-3.dll
0x0000000061a00000 - 0x0000000061a32000 	C:\Users\user\AppData\Roaming\Sikulix\SikulixLibs_201510081336\libpng14-14.dll
0x0000000065500000 - 0x0000000065523000 	C:\Users\user\AppData\Roaming\Sikulix\SikulixLibs_201510081336\libz-1.dll
0x00007ffc38590000 - 0x00007ffc38784000 	C:\Windows\SYSTEM32\dbghelp.dll

VM Arguments:
jvm_args: -Dfile.encoding=Cp1252 
java_command: sikuli.practice
java_class_path (initial): C:\Users\user\eclipse-workspace\sikuli\target\test-classes;C:\Users\user\eclipse-workspace\sikuli\target\classes;C:\Users\user\.m2\repository\net\sourceforge\tess4j\tess4j\4.2.1\tess4j-4.2.1.jar;C:\Users\user\.m2\repository\net\java\dev\jna\jna\4.1.0\jna-4.1.0.jar;C:\Users\user\.m2\repository\com\github\jai-imageio\jai-imageio-core\1.4.0\jai-imageio-core-1.4.0.jar;C:\Users\user\.m2\repository\org\ghost4j\ghost4j\1.0.1\ghost4j-1.0.1.jar;C:\Users\user\.m2\repository\log4j\log4j\1.2.17\log4j-1.2.17.jar;C:\Users\user\.m2\repository\commons-beanutils\commons-beanutils\1.9.2\commons-beanutils-1.9.2.jar;C:\Users\user\.m2\repository\commons-collections\commons-collections\3.2.1\commons-collections-3.2.1.jar;C:\Users\user\.m2\repository\org\apache\xmlgraphics\xmlgraphics-commons\1.4\xmlgraphics-commons-1.4.jar;C:\Users\user\.m2\repository\com\lowagie\itext\2.1.7\itext-2.1.7.jar;C:\Users\user\.m2\repository\org\apache\pdfbox\pdfbox\2.0.11\pdfbox-2.0.11.jar;C:\Users\user\.m2\repository\org\apache\pdfbox\fontbox\2.0.11\fontbox-2.0.11.jar;C:\Users\user\.m2\repository\commons-logging\commons-logging\1.2\commons-logging-1.2.jar;C:\Users\user\.m2\repository\org\apache\pdfbox\pdfbox-tools\2.0.11\pdfbox-tools-2.0.11.jar;C:\Users\user\.m2\repository\org\apache\pdfbox\pdfbox-debugger\2.0.11\pdfbox-debugger-2.0.11.jar;C:\Users\user\.m2\repository\org\apache\pdfbox\jbig2-imageio\3.0.1\jbig2-imageio-3.0.1.jar;C:\Users\user\.m2\repository\commons-io\commons-io\2.6\commons-io-2.6.jar;C:\Users\user\.m2\repository\net\sourceforge\lept4j\lept4j\1.10.0\lept4j-1.10.0.jar;C:\Users\user\.m2\repository\org\jboss\jboss-vfs\3.2.13.Final\jboss-vfs-3.2.13.Final.jar;C:\Users\user\.m2\repository\org\jboss\logging\jboss-logging\3.1.4.GA\jboss-logging-3.1.4.GA.jar;C:\Users\user\.m2\repository\ch\qos\logback\logback-classic\1.2.3\logback-classic-1.2.3.jar;C:\Users\user\.m2\repository\ch\qos\logback\logback-core\1.2.3\logback-core-1.2.3.jar;C:\Users\user\.m2\repository\org\slf4j\
Launcher Type: SUN_STANDARD

Environment Variables:
JAVA_HOME=C:\Program Files\Java\jdk1.8.0_251
PATH=C:\Users\user\AppData\Roaming\Sikulix\SikulixLibs_201510081336;C:/Program Files/Java/jre1.8.0_251/bin/server;C:/Program Files/Java/jre1.8.0_251/bin;C:/Program Files/Java/jre1.8.0_251/lib/amd64;C:\Program Files (x86)\Common Files\Oracle\Java\javapath;D:\Program Files\Java\jdk-14.0.1;C:\Windows\system32;C:\Windows;C:\Windows\System32\Wbem;C:\Windows\System32\WindowsPowerShell\v1.0\;C:\Windows\System32\OpenSSH\;C:\Program Files\Java\jdk1.8.0_251bin;C:\Program Files\nodejs\;C:\Program Files\nodejs\node_modules\npm\bin;C:\Program Files\Git\cmd;F:\sikulisetup\sikulisetup\libs;G:\sikulisetup\libs;C:\Users\user\AppData\Local\Microsoft\WindowsApps;C:\Program Files\Java\jdk1.8.0_251;C:\Program Files\Android\Android Studio\bin;C:\Program Files\Java\jre1.8.0_251;G:\Flutter\Flutter\DownloadFlutter\flutter\bin;C:\Users\user\AppData\Roaming\npm;C:\Program Files\nodejs\node_modules\npm\bin;;C:\Users\user\AppData\Local\Programs\Microsoft VS Code\bin;C:\Windows\System32;
USERNAME=user
OS=Windows_NT
PROCESSOR_IDENTIFIER=Intel64 Family 6 Model 58 Stepping 9, GenuineIntel



---------------  S Y S T E M  ---------------

OS: Windows 10.0 , 64 bit Build 18362 (10.0.18362.778)

CPU:total 4 (initial active 4) (2 cores per cpu, 2 threads per core) family 6 model 58 stepping 9, cmov, cx8, fxsr, mmx, sse, sse2, sse3, ssse3, sse4.1, sse4.2, popcnt, avx, aes, clmul, erms, ht, tsc, tscinvbit, tscinv

Memory: 4k page, physical 8273256k(1256812k free), swap 15672452k(2605028k free)

vm_info: Java HotSpot(TM) 64-Bit Server VM (25.251-b08) for windows-amd64 JRE (1.8.0_251-b08), built on Mar 12 2020 06:31:49 by "" with MS VC++ 10.0 (VS2010)

time: Thu Jun 04 20:35:59 2020
timezone: India Standard Time
elapsed time: 57 seconds (0d 0h 0m 57s)

