#
# A fatal error has been detected by the Java Runtime Environment:
#
#  EXCEPTION_ACCESS_VIOLATION (0xc0000005) at pc=0x0000000068b89732, pid=3992, tid=0x0000000000002928
#
# JRE version: Java(TM) SE Runtime Environment (8.0_251-b08) (build 1.8.0_251-b08)
# Java VM: Java HotSpot(TM) 64-Bit Server VM (25.251-b08 mixed mode windows-amd64 compressed oops)
# Problematic frame:
# C  [libtesseract-3.dll+0x189732]
#
# Failed to write core dump. Minidumps are not enabled by default on client versions of Windows
#
# If you would like to submit a bug report, please visit:
#   http://bugreport.java.com/bugreport/crash.jsp
# The crash happened outside the Java Virtual Machine in native code.
# See problematic frame for where to report the bug.
#

---------------  T H R E A D  ---------------

Current thread (0x00000000029e5800):  JavaThread "main" [_thread_in_native, id=10536, stack(0x00000000028e0000,0x00000000029e0000)]

siginfo: ExceptionCode=0xc0000005, reading address 0x0000000000000000

Registers:
RAX=0x0000000000000000, RBX=0x00000000029de630, RCX=0x00000000ffffffff, RDX=0x0000000000000002
RSP=0x00000000029de600, RBP=0x0000000068c06860, RSI=0x0000000000000002, RDI=0x00000000029de678
R8 =0x000000000000006e, R9 =0x0000000000000000, R10=0x0000000000000000, R11=0x00000000217c2521
R12=0x0000000068d38260, R13=0x00000000217b0080, R14=0x0000000000000000, R15=0x00000000029deb00
RIP=0x0000000068b89732, EFLAGS=0x0000000000010246

Top of Stack: (sp=0x00000000029de600)
0x00000000029de600:   00000000029de630 00007ffc417bfa60
0x00000000029de610:   0000000000000002 00000000029de678
0x00000000029de620:   00000000029de750 00000000029dea80
0x00000000029de630:   745f6c6175746361 5f61746164737365
0x00000000029de640:   72746e655f6d756e 203d3c205f736569
0x00000000029de650:   4154414453534554 544e455f4d554e5f
0x00000000029de660:   7272453a53454952 72657373413a726f
0x00000000029de670:   64656c6961662074 656c6966206e693a
0x00000000029de680:   7461647373657420 726567616e616d61
0x00000000029de690:   696c202c7070632e 00000a303520656e
0x00000000029de6a0:   0000000000000000 00007ffccb0067ac
0x00000000029de6b0:   0000000000001010 0000000000000000
0x00000000029de6c0:   00000000000008a0 0000000080000000
0x00000000029de6d0:   0000000000000002 0000000001051e22
0x00000000029de6e0:   0000000000000001 0000000000def4d0
0x00000000029de6f0:   00000000cb0067ac 0000000000a800a6 

Instructions: (pc=0x0000000068b89732)
0x0000000068b89712:   ff 15 e0 e8 20 00 48 8d 50 60 48 89 d9 e8 5c 65
0x0000000068b89722:   01 00 83 fe ff 7c 14 85 f6 7e 2d 83 fe 02 7f 0b
0x0000000068b89732:   8b 04 25 00 00 00 00 85 c0 74 3d 48 8d 15 a9 cd
0x0000000068b89742:   07 00 48 8d 0d d5 e9 1a 00 45 31 c9 41 b8 02 00 


Register to memory mapping:

RAX=0x0000000000000000 is an unknown value
RBX=0x00000000029de630 is pointing into the stack for thread: 0x00000000029e5800
RCX=0x00000000ffffffff is an unallocated location in the heap
RDX=0x0000000000000002 is an unknown value
RSP=0x00000000029de600 is pointing into the stack for thread: 0x00000000029e5800
RBP=0x0000000068c06860 is an unknown value
RSI=0x0000000000000002 is an unknown value
RDI=0x00000000029de678 is pointing into the stack for thread: 0x00000000029e5800
R8 =0x000000000000006e is an unknown value
R9 =0x0000000000000000 is an unknown value
R10=0x0000000000000000 is an unknown value
R11=0x00000000217c2521 is an unknown value
R12=0x0000000068d38260 is an unknown value
R13=0x00000000217b0080 is an unknown value
R14=0x0000000000000000 is an unknown value
R15=0x00000000029deb00 is pointing into the stack for thread: 0x00000000029e5800


Stack: [0x00000000028e0000,0x00000000029e0000],  sp=0x00000000029de600,  free space=1017k
Native frames: (J=compiled Java code, j=interpreted, Vv=VM code, C=native code)
C  [libtesseract-3.dll+0x189732]
C  [libtesseract-3.dll+0x18b1b4]
C  [libtesseract-3.dll+0x42123]
C  [libtesseract-3.dll+0x428fc]
C  [libtesseract-3.dll+0x43316]
C  [libtesseract-3.dll+0x1f1a]
C  [VisionProxy.dll+0x1e889]
C  [VisionProxy.dll+0x2ccc3]
C  [VisionProxy.dll+0x35c11]
C  0x0000000002af8c67

Java frames: (J=compiled Java code, j=interpreted, Vv=VM code)
j  org.sikuli.natives.VisionProxyJNI.Vision_initOCR(Ljava/lang/String;)V+0
j  org.sikuli.natives.Vision.initOCR(Ljava/lang/String;)V+1
j  org.sikuli.script.TextRecognizer.init()V+171
j  org.sikuli.script.TextRecognizer.<init>()V+5
j  org.sikuli.script.TextRecognizer.getInstance()Lorg/sikuli/script/TextRecognizer;+10
j  org.sikuli.script.Region.text()Ljava/lang/String;+32
j  sikuli.Text.main([Ljava/lang/String;)V+140
v  ~StubRoutines::call_stub

---------------  P R O C E S S  ---------------

Java Threads: ( => current thread )
  0x0000000017648000 JavaThread "AWT-EventQueue-0" [_thread_blocked, id=5232, stack(0x0000000020f80000,0x0000000021080000)]
  0x0000000017647000 JavaThread "AWT-Shutdown" [_thread_blocked, id=7312, stack(0x00000000207a0000,0x00000000208a0000)]
  0x0000000017649800 JavaThread "AWT-Windows" daemon [_thread_in_native, id=4848, stack(0x000000001fca0000,0x000000001fda0000)]
  0x0000000019b23000 JavaThread "Java2D Disposer" daemon [_thread_blocked, id=13428, stack(0x000000001f9a0000,0x000000001faa0000)]
  0x0000000019c20800 JavaThread "AsyncHttpClient-3-3" [_thread_in_native, id=9648, stack(0x000000001e3d0000,0x000000001e4d0000)]
  0x000000001935a000 JavaThread "AsyncHttpClient-3-2" [_thread_in_native, id=3380, stack(0x000000001bdb0000,0x000000001beb0000)]
  0x0000000019199000 JavaThread "AsyncHttpClient-3-1" [_thread_in_native, id=15436, stack(0x000000001c2b0000,0x000000001c3b0000)]
  0x0000000019cf9800 JavaThread "Exec Stream Pumper" daemon [_thread_in_native, id=9720, stack(0x000000001bbb0000,0x000000001bcb0000)]
  0x0000000019d0b800 JavaThread "Exec Stream Pumper" daemon [_thread_in_native, id=15768, stack(0x000000001bab0000,0x000000001bbb0000)]
  0x0000000019d0d000 JavaThread "UrlChecker-2" daemon [_thread_blocked, id=15756, stack(0x000000001b9b0000,0x000000001bab0000)]
  0x0000000019bfc800 JavaThread "Exec Default Executor" daemon [_thread_in_native, id=14256, stack(0x000000001b8b0000,0x000000001b9b0000)]
  0x0000000019995800 JavaThread "AsyncHttpClient-timer-1-1" [_thread_blocked, id=10668, stack(0x000000001b5b0000,0x000000001b6b0000)]
  0x0000000018f9a000 JavaThread "Service Thread" daemon [_thread_blocked, id=12440, stack(0x0000000019360000,0x0000000019460000)]
  0x0000000017645000 JavaThread "C1 CompilerThread2" daemon [_thread_blocked, id=14760, stack(0x0000000018e60000,0x0000000018f60000)]
  0x000000001761e800 JavaThread "C2 CompilerThread1" daemon [_thread_blocked, id=15244, stack(0x0000000018d60000,0x0000000018e60000)]
  0x0000000017616000 JavaThread "C2 CompilerThread0" daemon [_thread_blocked, id=9932, stack(0x0000000018c60000,0x0000000018d60000)]
  0x0000000017613800 JavaThread "Attach Listener" daemon [_thread_blocked, id=13944, stack(0x0000000018b60000,0x0000000018c60000)]
  0x0000000017612800 JavaThread "Signal Dispatcher" daemon [_thread_blocked, id=14872, stack(0x0000000018a60000,0x0000000018b60000)]
  0x0000000017600000 JavaThread "Finalizer" daemon [_thread_blocked, id=13456, stack(0x0000000018860000,0x0000000018960000)]
  0x0000000002ad5000 JavaThread "Reference Handler" daemon [_thread_blocked, id=15844, stack(0x0000000018760000,0x0000000018860000)]
=>0x00000000029e5800 JavaThread "main" [_thread_in_native, id=10536, stack(0x00000000028e0000,0x00000000029e0000)]

Other Threads:
  0x00000000175d8000 VMThread [stack: 0x0000000018660000,0x0000000018760000] [id=12176]
  0x0000000018fdc000 WatcherThread [stack: 0x0000000019460000,0x0000000019560000] [id=10260]

VM state:not at safepoint (normal execution)

VM Mutex/Monitor currently owned by a thread: None

heap address: 0x0000000081c00000, size: 2020 MB, Compressed Oops mode: 32-bit
Narrow klass base: 0x0000000000000000, Narrow klass shift: 3
Compressed class space size: 1073741824 Address: 0x0000000100000000

Heap:
 PSYoungGen      total 71680K, used 50001K [0x00000000d5f00000, 0x00000000dd280000, 0x0000000100000000)
  eden space 66560K, 75% used [0x00000000d5f00000,0x00000000d8fd44a0,0x00000000da000000)
  from space 5120K, 0% used [0x00000000da500000,0x00000000da500000,0x00000000daa00000)
  to   space 5120K, 0% used [0x00000000da000000,0x00000000da000000,0x00000000da500000)
 ParOldGen       total 146432K, used 42308K [0x0000000081c00000, 0x000000008ab00000, 0x00000000d5f00000)
  object space 146432K, 28% used [0x0000000081c00000,0x00000000845511e8,0x000000008ab00000)
 Metaspace       used 24691K, capacity 25518K, committed 25984K, reserved 1071104K
  class space    used 3110K, capacity 3345K, committed 3456K, reserved 1048576K

Card table byte_map: [0x0000000011ea0000,0x00000000122a0000] byte_map_base: 0x0000000011a92000

Marking Bits: (ParMarkBitMap*) 0x0000000059aeaf90
 Begin Bits: [0x0000000012950000, 0x00000000148e0000)
 End Bits:   [0x00000000148e0000, 0x0000000016870000)

Polling page: 0x0000000001040000

CodeCache: size=245760Kb used=5680Kb max_used=5701Kb free=240079Kb
 bounds [0x0000000002ae0000, 0x0000000003080000, 0x0000000011ae0000]
 total_blobs=2297 nmethods=1717 adapters=492
 compilation: enabled

Compilation events (10 events):
Event: 40.065 Thread 0x0000000017645000 1938       1       java.util.Calendar::getZone (5 bytes)
Event: 40.065 Thread 0x0000000017645000 nmethod 1938 0x0000000002fb5690 code [0x0000000002fb57e0, 0x0000000002fb58f0]
Event: 40.151 Thread 0x0000000017616000 1939       4       org.sikuli.script.RobotDesktop::delay (31 bytes)
Event: 40.154 Thread 0x0000000017616000 nmethod 1939 0x0000000002c83890 code [0x0000000002c83a00, 0x0000000002c83d38]
Event: 40.156 Thread 0x000000001761e800 1940       4       org.sikuli.script.RobotDesktop::doMouseMove (7 bytes)
Event: 40.160 Thread 0x000000001761e800 nmethod 1940 0x0000000002c81410 code [0x0000000002c81580, 0x0000000002c81988]
Event: 40.172 Thread 0x0000000017645000 1941       3       sun.util.locale.provider.LocaleProviderAdapter::getAdapter (171 bytes)
Event: 40.174 Thread 0x0000000017645000 nmethod 1941 0x0000000002c81d90 code [0x0000000002c82040, 0x0000000002c831f8]
Event: 40.174 Thread 0x0000000017645000 1942       3       java.util.Locale::getCountry (8 bytes)
Event: 40.174 Thread 0x0000000017645000 nmethod 1942 0x0000000002edcc50 code [0x0000000002edcda0, 0x0000000002edcf90]

GC Heap History (10 events):
Event: 9.192 GC heap before
{Heap before GC invocations=2 (full 0):
 PSYoungGen      total 38400K, used 38390K [0x00000000d5f00000, 0x00000000daa00000, 0x0000000100000000)
  eden space 33280K, 100% used [0x00000000d5f00000,0x00000000d7f80000,0x00000000d7f80000)
  from space 5120K, 99% used [0x00000000d7f80000,0x00000000d847dbc8,0x00000000d8480000)
  to   space 5120K, 0% used [0x00000000da500000,0x00000000da500000,0x00000000daa00000)
 ParOldGen       total 87552K, used 511K [0x0000000081c00000, 0x0000000087180000, 0x00000000d5f00000)
  object space 87552K, 0% used [0x0000000081c00000,0x0000000081c7fd60,0x0000000087180000)
 Metaspace       used 14562K, capacity 14854K, committed 14976K, reserved 1062912K
  class space    used 1779K, capacity 1893K, committed 1920K, reserved 1048576K
Event: 9.208 GC heap after
Heap after GC invocations=2 (full 0):
 PSYoungGen      total 71680K, used 5088K [0x00000000d5f00000, 0x00000000daa00000, 0x0000000100000000)
  eden space 66560K, 0% used [0x00000000d5f00000,0x00000000d5f00000,0x00000000da000000)
  from space 5120K, 99% used [0x00000000da500000,0x00000000da9f8040,0x00000000daa00000)
  to   space 5120K, 0% used [0x00000000da000000,0x00000000da000000,0x00000000da500000)
 ParOldGen       total 87552K, used 4066K [0x0000000081c00000, 0x0000000087180000, 0x00000000d5f00000)
  object space 87552K, 4% used [0x0000000081c00000,0x0000000081ff8998,0x0000000087180000)
 Metaspace       used 14562K, capacity 14854K, committed 14976K, reserved 1062912K
  class space    used 1779K, capacity 1893K, committed 1920K, reserved 1048576K
}
Event: 27.390 GC heap before
{Heap before GC invocations=3 (full 0):
 PSYoungGen      total 71680K, used 69092K [0x00000000d5f00000, 0x00000000daa00000, 0x0000000100000000)
  eden space 66560K, 96% used [0x00000000d5f00000,0x00000000d9d811b8,0x00000000da000000)
  from space 5120K, 99% used [0x00000000da500000,0x00000000da9f8040,0x00000000daa00000)
  to   space 5120K, 0% used [0x00000000da000000,0x00000000da000000,0x00000000da500000)
 ParOldGen       total 87552K, used 4066K [0x0000000081c00000, 0x0000000087180000, 0x00000000d5f00000)
  object space 87552K, 4% used [0x0000000081c00000,0x0000000081ff8998,0x0000000087180000)
 Metaspace       used 20439K, capacity 21194K, committed 21296K, reserved 1067008K
  class space    used 2670K, capacity 2887K, committed 2944K, reserved 1048576K
Event: 27.427 GC heap after
Heap after GC invocations=3 (full 0):
 PSYoungGen      total 71680K, used 5104K [0x00000000d5f00000, 0x00000000daa00000, 0x0000000100000000)
  eden space 66560K, 0% used [0x00000000d5f00000,0x00000000d5f00000,0x00000000da000000)
  from space 5120K, 99% used [0x00000000da000000,0x00000000da4fc040,0x00000000da500000)
  to   space 5120K, 0% used [0x00000000da500000,0x00000000da500000,0x00000000daa00000)
 ParOldGen       total 87552K, used 25812K [0x0000000081c00000, 0x0000000087180000, 0x00000000d5f00000)
  object space 87552K, 29% used [0x0000000081c00000,0x00000000835353a8,0x0000000087180000)
 Metaspace       used 20439K, capacity 21194K, committed 21296K, reserved 1067008K
  class space    used 2670K, capacity 2887K, committed 2944K, reserved 1048576K
}
Event: 27.427 GC heap before
{Heap before GC invocations=4 (full 1):
 PSYoungGen      total 71680K, used 5104K [0x00000000d5f00000, 0x00000000daa00000, 0x0000000100000000)
  eden space 66560K, 0% used [0x00000000d5f00000,0x00000000d5f00000,0x00000000da000000)
  from space 5120K, 99% used [0x00000000da000000,0x00000000da4fc040,0x00000000da500000)
  to   space 5120K, 0% used [0x00000000da500000,0x00000000da500000,0x00000000daa00000)
 ParOldGen       total 87552K, used 25812K [0x0000000081c00000, 0x0000000087180000, 0x00000000d5f00000)
  object space 87552K, 29% used [0x0000000081c00000,0x00000000835353a8,0x0000000087180000)
 Metaspace       used 20439K, capacity 21194K, committed 21296K, reserved 1067008K
  class space    used 2670K, capacity 2887K, committed 2944K, reserved 1048576K
Event: 27.533 GC heap after
Heap after GC invocations=4 (full 1):
 PSYoungGen      total 71680K, used 0K [0x00000000d5f00000, 0x00000000daa00000, 0x0000000100000000)
  eden space 66560K, 0% used [0x00000000d5f00000,0x00000000d5f00000,0x00000000da000000)
  from space 5120K, 0% used [0x00000000da000000,0x00000000da000000,0x00000000da500000)
  to   space 5120K, 0% used [0x00000000da500000,0x00000000da500000,0x00000000daa00000)
 ParOldGen       total 94720K, used 27023K [0x0000000081c00000, 0x0000000087880000, 0x00000000d5f00000)
  object space 94720K, 28% used [0x0000000081c00000,0x0000000083663fe8,0x0000000087880000)
 Metaspace       used 20439K, capacity 21194K, committed 21296K, reserved 1067008K
  class space    used 2670K, capacity 2887K, committed 2944K, reserved 1048576K
}
Event: 38.218 GC heap before
{Heap before GC invocations=5 (full 1):
 PSYoungGen      total 71680K, used 66560K [0x00000000d5f00000, 0x00000000daa00000, 0x0000000100000000)
  eden space 66560K, 100% used [0x00000000d5f00000,0x00000000da000000,0x00000000da000000)
  from space 5120K, 0% used [0x00000000da000000,0x00000000da000000,0x00000000da500000)
  to   space 5120K, 0% used [0x00000000da500000,0x00000000da500000,0x00000000daa00000)
 ParOldGen       total 94720K, used 27023K [0x0000000081c00000, 0x0000000087880000, 0x00000000d5f00000)
  object space 94720K, 28% used [0x0000000081c00000,0x0000000083663fe8,0x0000000087880000)
 Metaspace       used 24566K, capacity 25422K, committed 25600K, reserved 1071104K
  class space    used 3098K, capacity 3313K, committed 3328K, reserved 1048576K
Event: 38.231 GC heap after
Heap after GC invocations=5 (full 1):
 PSYoungGen      total 71680K, used 5094K [0x00000000d5f00000, 0x00000000dd280000, 0x0000000100000000)
  eden space 66560K, 0% used [0x00000000d5f00000,0x00000000d5f00000,0x00000000da000000)
  from space 5120K, 99% used [0x00000000da500000,0x00000000da9f9928,0x00000000daa00000)
  to   space 5120K, 0% used [0x00000000da000000,0x00000000da000000,0x00000000da500000)
 ParOldGen       total 94720K, used 61039K [0x0000000081c00000, 0x0000000087880000, 0x00000000d5f00000)
  object space 94720K, 64% used [0x0000000081c00000,0x000000008579bf60,0x0000000087880000)
 Metaspace       used 24566K, capacity 25422K, committed 25600K, reserved 1071104K
  class space    used 3098K, capacity 3313K, committed 3328K, reserved 1048576K
}
Event: 38.231 GC heap before
{Heap before GC invocations=6 (full 2):
 PSYoungGen      total 71680K, used 5094K [0x00000000d5f00000, 0x00000000dd280000, 0x0000000100000000)
  eden space 66560K, 0% used [0x00000000d5f00000,0x00000000d5f00000,0x00000000da000000)
  from space 5120K, 99% used [0x00000000da500000,0x00000000da9f9928,0x00000000daa00000)
  to   space 5120K, 0% used [0x00000000da000000,0x00000000da000000,0x00000000da500000)
 ParOldGen       total 94720K, used 61039K [0x0000000081c00000, 0x0000000087880000, 0x00000000d5f00000)
  object space 94720K, 64% used [0x0000000081c00000,0x000000008579bf60,0x0000000087880000)
 Metaspace       used 24566K, capacity 25422K, committed 25600K, reserved 1071104K
  class space    used 3098K, capacity 3313K, committed 3328K, reserved 1048576K
Event: 38.288 GC heap after
Heap after GC invocations=6 (full 2):
 PSYoungGen      total 71680K, used 0K [0x00000000d5f00000, 0x00000000dd280000, 0x0000000100000000)
  eden space 66560K, 0% used [0x00000000d5f00000,0x00000000d5f00000,0x00000000da000000)
  from space 5120K, 0% used [0x00000000da500000,0x00000000da500000,0x00000000daa00000)
  to   space 5120K, 0% used [0x00000000da000000,0x00000000da000000,0x00000000da500000)
 ParOldGen       total 146432K, used 42308K [0x0000000081c00000, 0x000000008ab00000, 0x00000000d5f00000)
  object space 146432K, 28% used [0x0000000081c00000,0x00000000845511e8,0x000000008ab00000)
 Metaspace       used 24566K, capacity 25422K, committed 25600K, reserved 1071104K
  class space    used 3098K, capacity 3313K, committed 3328K, reserved 1048576K
}

Deoptimization events (10 events):
Event: 33.825 Thread 0x00000000029e5800 Uncommon trap: reason=unloaded action=reinterpret pc=0x0000000002f84654 method=java.net.URL.<init>(Ljava/net/URL;Ljava/lang/String;Ljava/net/URLStreamHandler;)V @ 394
Event: 34.073 Thread 0x00000000029e5800 Uncommon trap: reason=class_check action=maybe_recompile pc=0x0000000002fad814 method=sun.misc.URLClassPath.getLoader(I)Lsun/misc/URLClassPath$Loader; @ 94
Event: 34.075 Thread 0x00000000029e5800 Uncommon trap: reason=class_check action=maybe_recompile pc=0x0000000002fad814 method=sun.misc.URLClassPath.getLoader(I)Lsun/misc/URLClassPath$Loader; @ 94
Event: 34.763 Thread 0x00000000029e5800 Uncommon trap: reason=bimorphic action=maybe_recompile pc=0x000000000305ad68 method=java.util.HashMap.putVal(ILjava/lang/Object;Ljava/lang/Object;ZZ)Ljava/lang/Object; @ 203
Event: 34.880 Thread 0x00000000029e5800 Uncommon trap: reason=range_check action=make_not_entrant pc=0x0000000002c23fe0 method=java.lang.String.charAt(I)C @ 27
Event: 37.940 Thread 0x00000000029e5800 Uncommon trap: reason=predicate action=maybe_recompile pc=0x0000000002f5e594 method=java.lang.String.regionMatches(ZILjava/lang/String;II)Z @ 63
Event: 38.310 Thread 0x00000000029e5800 Uncommon trap: reason=unstable_if action=reinterpret pc=0x0000000002d66adc method=java.awt.image.ComponentColorModel.getDataElements(ILjava/lang/Object;)Ljava/lang/Object; @ 30
Event: 38.311 Thread 0x00000000029e5800 Uncommon trap: reason=unstable_if action=reinterpret pc=0x0000000002c721f8 method=sun.awt.image.ByteInterleavedRaster.getDataElements(IILjava/lang/Object;)Ljava/lang/Object; @ 43
Event: 39.496 Thread 0x00000000029e5800 Uncommon trap: reason=unstable_if action=reinterpret pc=0x0000000002c89e14 method=sun.java2d.loops.OpaqueCopyAnyToArgb.Blit(Lsun/java2d/SurfaceData;Lsun/java2d/SurfaceData;Ljava/awt/Composite;Lsun/java2d/pipe/Region;IIIIII)V @ 150
Event: 39.593 Thread 0x00000000029e5800 Uncommon trap: reason=unstable_if action=reinterpret pc=0x0000000002c88110 method=sun.java2d.loops.OpaqueCopyArgbToAny.Blit(Lsun/java2d/SurfaceData;Lsun/java2d/SurfaceData;Ljava/awt/Composite;Lsun/java2d/pipe/Region;IIIIII)V @ 159

Classes redefined (0 events):
No events

Internal exceptions (10 events):
Event: 34.021 Thread 0x00000000029e5800 Exception <a 'java/lang/ClassNotFoundException': sun/net/www/protocol/c/Handler> (0x00000000d67080a0) thrown at [C:\jenkins\workspace\8-2-build-windows-amd64-cygwin\jdk8u251\737\hotspot\src\share\vm\classfile\systemDictionary.cpp, line 210]
Event: 34.022 Thread 0x00000000029e5800 Exception <a 'java/lang/ClassNotFoundException': sun/net/www/protocol/c/Handler> (0x00000000d6711c50) thrown at [C:\jenkins\workspace\8-2-build-windows-amd64-cygwin\jdk8u251\737\hotspot\src\share\vm\classfile\systemDictionary.cpp, line 210]
Event: 34.022 Thread 0x00000000029e5800 Exception <a 'java/lang/ClassNotFoundException': sun/net/www/protocol/c/Handler> (0x00000000d671b800) thrown at [C:\jenkins\workspace\8-2-build-windows-amd64-cygwin\jdk8u251\737\hotspot\src\share\vm\classfile\systemDictionary.cpp, line 210]
Event: 34.023 Thread 0x00000000029e5800 Exception <a 'java/lang/ClassNotFoundException': sun/net/www/protocol/c/Handler> (0x00000000d67253f8) thrown at [C:\jenkins\workspace\8-2-build-windows-amd64-cygwin\jdk8u251\737\hotspot\src\share\vm\classfile\systemDictionary.cpp, line 210]
Event: 34.024 Thread 0x00000000029e5800 Exception <a 'java/lang/ClassNotFoundException': sun/net/www/protocol/c/Handler> (0x00000000d672efa8) thrown at [C:\jenkins\workspace\8-2-build-windows-amd64-cygwin\jdk8u251\737\hotspot\src\share\vm\classfile\systemDictionary.cpp, line 210]
Event: 34.211 Thread 0x00000000029e5800 Exception <a 'java/security/PrivilegedActionException'> (0x00000000d68d93f8) thrown at [C:\jenkins\workspace\8-2-build-windows-amd64-cygwin\jdk8u251\737\hotspot\src\share\vm\prims\jvm.cpp, line 1502]
Event: 34.211 Thread 0x00000000029e5800 Exception <a 'java/security/PrivilegedActionException'> (0x00000000d68d97f0) thrown at [C:\jenkins\workspace\8-2-build-windows-amd64-cygwin\jdk8u251\737\hotspot\src\share\vm\prims\jvm.cpp, line 1502]
Event: 34.219 Thread 0x00000000029e5800 Exception <a 'java/security/PrivilegedActionException'> (0x00000000d68dd830) thrown at [C:\jenkins\workspace\8-2-build-windows-amd64-cygwin\jdk8u251\737\hotspot\src\share\vm\prims\jvm.cpp, line 1502]
Event: 34.219 Thread 0x00000000029e5800 Exception <a 'java/security/PrivilegedActionException'> (0x00000000d68ddc28) thrown at [C:\jenkins\workspace\8-2-build-windows-amd64-cygwin\jdk8u251\737\hotspot\src\share\vm\prims\jvm.cpp, line 1502]
Event: 38.311 Thread 0x00000000029e5800 Implicit null exception at 0x0000000002c71f80 to 0x0000000002c721dd

Events (10 events):
Event: 39.593 Thread 0x00000000029e5800 Uncommon trap: trap_request=0xffffff65 fr.pc=0x0000000002c88110
Event: 39.593 Thread 0x00000000029e5800 DEOPT PACKING pc=0x0000000002c88110 sp=0x00000000029de3f0
Event: 39.593 Thread 0x00000000029e5800 DEOPT UNPACKING pc=0x0000000002b2583b sp=0x00000000029de370 mode 2
Event: 39.658 Thread 0x00000000029e5800 DEOPT PACKING pc=0x0000000002f410b3 sp=0x00000000029de210
Event: 39.659 Thread 0x00000000029e5800 DEOPT UNPACKING pc=0x0000000002b27890 sp=0x00000000029ddfb0 mode 0
Event: 39.659 Thread 0x00000000029e5800 DEOPT PACKING pc=0x0000000002c86972 sp=0x00000000029de2b0
Event: 39.659 Thread 0x00000000029e5800 DEOPT UNPACKING pc=0x0000000002b27890 sp=0x00000000029de040 mode 0
Event: 39.661 Thread 0x0000000017645000 flushing nmethod 0x0000000002fb5510
Event: 40.171 loading class org/sikuli/script/TextRecognizer
Event: 40.171 loading class org/sikuli/script/TextRecognizer done


Dynamic libraries:
0x00007ff65c1f0000 - 0x00007ff65c227000 	C:\Program Files\Java\jre1.8.0_251\bin\javaw.exe
0x00007ffc42460000 - 0x00007ffc42650000 	C:\Windows\SYSTEM32\ntdll.dll
0x00007ffc367e0000 - 0x00007ffc367f3000 	C:\Program Files\Avast Software\Avast\aswhook.dll
0x00007ffc411e0000 - 0x00007ffc41292000 	C:\Windows\System32\KERNEL32.DLL
0x00007ffc3f7c0000 - 0x00007ffc3fa64000 	C:\Windows\System32\KERNELBASE.dll
0x00007ffc417e0000 - 0x00007ffc41883000 	C:\Windows\System32\ADVAPI32.dll
0x00007ffc41730000 - 0x00007ffc417ce000 	C:\Windows\System32\msvcrt.dll
0x00007ffc40510000 - 0x00007ffc405a7000 	C:\Windows\System32\sechost.dll
0x00007ffc42300000 - 0x00007ffc42420000 	C:\Windows\System32\RPCRT4.dll
0x00007ffc41380000 - 0x00007ffc41514000 	C:\Windows\System32\USER32.dll
0x00007ffc3f670000 - 0x00007ffc3f691000 	C:\Windows\System32\win32u.dll
0x00007ffc40a20000 - 0x00007ffc40a46000 	C:\Windows\System32\GDI32.dll
0x00007ffc3f4d0000 - 0x00007ffc3f664000 	C:\Windows\System32\gdi32full.dll
0x00007ffc3f6a0000 - 0x00007ffc3f73e000 	C:\Windows\System32\msvcp_win.dll
0x00007ffc3fa70000 - 0x00007ffc3fb6a000 	C:\Windows\System32\ucrtbase.dll
0x00007ffc36270000 - 0x00007ffc364f4000 	C:\Windows\WinSxS\amd64_microsoft.windows.common-controls_6595b64144ccf1df_6.0.18362.836_none_e6c4b943130f18ed\COMCTL32.dll
0x00007ffc40680000 - 0x00007ffc409b6000 	C:\Windows\System32\combase.dll
0x00007ffc3f740000 - 0x00007ffc3f7c0000 	C:\Windows\System32\bcryptPrimitives.dll
0x00007ffc41140000 - 0x00007ffc4116e000 	C:\Windows\System32\IMM32.DLL
0x0000000059050000 - 0x0000000059122000 	C:\Program Files\Java\jre1.8.0_251\bin\msvcr100.dll
0x00000000592c0000 - 0x0000000059b6b000 	C:\Program Files\Java\jre1.8.0_251\bin\server\jvm.dll
0x00007ffc41720000 - 0x00007ffc41728000 	C:\Windows\System32\PSAPI.DLL
0x00007ffc35610000 - 0x00007ffc35619000 	C:\Windows\SYSTEM32\WSOCK32.dll
0x00007ffc41310000 - 0x00007ffc4137f000 	C:\Windows\System32\WS2_32.dll
0x00007ffc36ec0000 - 0x00007ffc36ee4000 	C:\Windows\SYSTEM32\WINMM.dll
0x00007ffc3de40000 - 0x00007ffc3de4a000 	C:\Windows\SYSTEM32\VERSION.dll
0x00007ffc36e90000 - 0x00007ffc36ebd000 	C:\Windows\SYSTEM32\WINMMBASE.dll
0x00007ffc3f480000 - 0x00007ffc3f4ca000 	C:\Windows\System32\cfgmgr32.dll
0x00007ffc3d2c0000 - 0x00007ffc3d2cf000 	C:\Program Files\Java\jre1.8.0_251\bin\verify.dll
0x00007ffc2af10000 - 0x00007ffc2af39000 	C:\Program Files\Java\jre1.8.0_251\bin\java.dll
0x00007ffc3ae20000 - 0x00007ffc3ae36000 	C:\Program Files\Java\jre1.8.0_251\bin\zip.dll
0x00007ffc40a50000 - 0x00007ffc41134000 	C:\Windows\System32\SHELL32.dll
0x00007ffc41d00000 - 0x00007ffc41da9000 	C:\Windows\System32\shcore.dll
0x00007ffc3fc20000 - 0x00007ffc4039e000 	C:\Windows\System32\windows.storage.dll
0x00007ffc3f3c0000 - 0x00007ffc3f3e3000 	C:\Windows\System32\profapi.dll
0x00007ffc3f350000 - 0x00007ffc3f39a000 	C:\Windows\System32\powrprof.dll
0x00007ffc3f320000 - 0x00007ffc3f330000 	C:\Windows\System32\UMPDC.dll
0x00007ffc409c0000 - 0x00007ffc40a12000 	C:\Windows\System32\shlwapi.dll
0x00007ffc3f3a0000 - 0x00007ffc3f3b1000 	C:\Windows\System32\kernel.appcore.dll
0x00007ffc403a0000 - 0x00007ffc403b7000 	C:\Windows\System32\cryptsp.dll
0x00007ffc25e50000 - 0x00007ffc25e74000 	C:\Program Files\Java\jre1.8.0_251\bin\sunec.dll
0x00007ffc39160000 - 0x00007ffc3917a000 	C:\Program Files\Java\jre1.8.0_251\bin\net.dll
0x00007ffc3eb30000 - 0x00007ffc3eb97000 	C:\Windows\system32\mswsock.dll
0x00007ffc3e840000 - 0x00007ffc3e87a000 	C:\Windows\SYSTEM32\IPHLPAPI.DLL
0x00007ffc411d0000 - 0x00007ffc411d8000 	C:\Windows\System32\NSI.dll
0x00007ffc39a20000 - 0x00007ffc39a36000 	C:\Windows\SYSTEM32\dhcpcsvc6.DLL
0x00007ffc39970000 - 0x00007ffc3998c000 	C:\Windows\SYSTEM32\dhcpcsvc.DLL
0x00007ffc3e880000 - 0x00007ffc3e94b000 	C:\Windows\SYSTEM32\DNSAPI.dll
0x00007ffc30df0000 - 0x00007ffc30e02000 	C:\Program Files\Java\jre1.8.0_251\bin\nio.dll
0x00007ffc3e6a0000 - 0x00007ffc3e6d3000 	C:\Windows\system32\rsaenh.dll
0x00007ffc3f450000 - 0x00007ffc3f476000 	C:\Windows\System32\bcrypt.dll
0x00007ffc3f210000 - 0x00007ffc3f235000 	C:\Windows\SYSTEM32\USERENV.dll
0x00007ffc3ed00000 - 0x00007ffc3ed0c000 	C:\Windows\SYSTEM32\CRYPTBASE.dll
0x00007ffc379b0000 - 0x00007ffc379ba000 	C:\Windows\System32\rasadhlp.dll
0x00007ffc38790000 - 0x00007ffc38807000 	C:\Windows\System32\fwpuclnt.dll
0x00007ffc3bd40000 - 0x00007ffc3bd4c000 	C:\Program Files\Java\jre1.8.0_251\bin\sunmscapi.dll
0x00007ffc403c0000 - 0x00007ffc40509000 	C:\Windows\System32\CRYPT32.dll
0x00007ffc3f330000 - 0x00007ffc3f342000 	C:\Windows\System32\MSASN1.dll
0x00007ffc3ee00000 - 0x00007ffc3ee26000 	C:\Windows\SYSTEM32\ncrypt.dll
0x00007ffc3edc0000 - 0x00007ffc3edfb000 	C:\Windows\SYSTEM32\NTASN1.dll
0x00007ffc3dd80000 - 0x00007ffc3dd8d000 	C:\Program Files\Java\jre1.8.0_251\bin\management.dll
0x00007ffc2a3e0000 - 0x00007ffc2a3f6000 	C:\Windows\system32\napinsp.dll
0x00007ffc2a3c0000 - 0x00007ffc2a3da000 	C:\Windows\system32\pnrpnsp.dll
0x00007ffc2a3b0000 - 0x00007ffc2a3be000 	C:\Windows\System32\winrnr.dll
0x00007ffc3a550000 - 0x00007ffc3a56c000 	C:\Windows\system32\NLAapi.dll
0x00007ffc2a390000 - 0x00007ffc2a3a5000 	C:\Windows\system32\wshbth.dll
0x00007ffc07c80000 - 0x00007ffc07e1a000 	C:\Program Files\Java\jre1.8.0_251\bin\awt.dll
0x00007ffc405b0000 - 0x00007ffc40674000 	C:\Windows\System32\OLEAUT32.dll
0x00007ffc3d230000 - 0x00007ffc3d2bf000 	C:\Windows\SYSTEM32\apphelp.dll
0x00007ffc3d860000 - 0x00007ffc3d88d000 	C:\Windows\system32\DWMAPI.DLL
0x00007ffc3d320000 - 0x00007ffc3d3b9000 	C:\Windows\system32\uxtheme.dll
0x00007ffc2d000000 - 0x00007ffc2d156000 	C:\Windows\system32\opengl32.dll
0x00007ffc37e90000 - 0x00007ffc37ebc000 	C:\Windows\SYSTEM32\GLU32.dll
0x00007ffc3df90000 - 0x00007ffc3dfb0000 	C:\Windows\SYSTEM32\dxcore.dll
0x00007ffc41db0000 - 0x00007ffc41ee6000 	C:\Windows\System32\MSCTF.dll
0x00007ffc41520000 - 0x00007ffc41677000 	C:\Windows\System32\ole32.dll
0x00007ffc2ae60000 - 0x00007ffc2ae89000 	C:\Users\user\AppData\Local\Temp\BridJExtractedLibraries3993857986629433254\bridj.dll
0x00000000681c0000 - 0x0000000068224000 	C:\Users\user\AppData\Roaming\Sikulix\SikulixLibs_201510081336\VisionProxy.dll
0x0000000061440000 - 0x000000006145a000 	C:\Users\user\AppData\Roaming\Sikulix\SikulixLibs_201510081336\libgcc_s_seh-1.dll
0x000000006fc40000 - 0x000000006fd2a000 	C:\Users\user\AppData\Roaming\Sikulix\SikulixLibs_201510081336\libstdc++-6.dll
0x00000000631c0000 - 0x0000000063295000 	C:\Users\user\AppData\Roaming\Sikulix\SikulixLibs_201510081336\libopencv_highgui248.dll
0x0000000065d80000 - 0x0000000065fd7000 	C:\Users\user\AppData\Roaming\Sikulix\SikulixLibs_201510081336\libopencv_imgproc248.dll
0x000000006fd80000 - 0x000000006ff7e000 	C:\Users\user\AppData\Roaming\Sikulix\SikulixLibs_201510081336\libopencv_core248.dll
0x0000000068a00000 - 0x0000000068d9e000 	C:\Users\user\AppData\Roaming\Sikulix\SikulixLibs_201510081336\libtesseract-3.dll
0x0000000064940000 - 0x0000000064955000 	C:\Users\user\AppData\Roaming\Sikulix\SikulixLibs_201510081336\libwinpthread-1.dll
0x000000006ef80000 - 0x000000006f135000 	C:\Users\user\AppData\Roaming\Sikulix\SikulixLibs_201510081336\liblept-3.dll
0x0000000061a00000 - 0x0000000061a32000 	C:\Users\user\AppData\Roaming\Sikulix\SikulixLibs_201510081336\libpng14-14.dll
0x0000000065500000 - 0x0000000065523000 	C:\Users\user\AppData\Roaming\Sikulix\SikulixLibs_201510081336\libz-1.dll
0x00007ffc38590000 - 0x00007ffc38784000 	C:\Windows\SYSTEM32\dbghelp.dll

VM Arguments:
jvm_args: -Dfile.encoding=Cp1252 
java_command: sikuli.Text
java_class_path (initial): C:\Users\user\eclipse-workspace\sikuli\target\test-classes;C:\Users\user\eclipse-workspace\sikuli\target\classes;C:\Users\user\.m2\repository\net\sourceforge\tess4j\tess4j\4.2.1\tess4j-4.2.1.jar;C:\Users\user\.m2\repository\net\java\dev\jna\jna\4.1.0\jna-4.1.0.jar;C:\Users\user\.m2\repository\com\github\jai-imageio\jai-imageio-core\1.4.0\jai-imageio-core-1.4.0.jar;C:\Users\user\.m2\repository\org\ghost4j\ghost4j\1.0.1\ghost4j-1.0.1.jar;C:\Users\user\.m2\repository\log4j\log4j\1.2.17\log4j-1.2.17.jar;C:\Users\user\.m2\repository\commons-beanutils\commons-beanutils\1.9.2\commons-beanutils-1.9.2.jar;C:\Users\user\.m2\repository\commons-collections\commons-collections\3.2.1\commons-collections-3.2.1.jar;C:\Users\user\.m2\repository\org\apache\xmlgraphics\xmlgraphics-commons\1.4\xmlgraphics-commons-1.4.jar;C:\Users\user\.m2\repository\com\lowagie\itext\2.1.7\itext-2.1.7.jar;C:\Users\user\.m2\repository\org\apache\pdfbox\pdfbox\2.0.11\pdfbox-2.0.11.jar;C:\Users\user\.m2\repository\org\apache\pdfbox\fontbox\2.0.11\fontbox-2.0.11.jar;C:\Users\user\.m2\repository\commons-logging\commons-logging\1.2\commons-logging-1.2.jar;C:\Users\user\.m2\repository\org\apache\pdfbox\pdfbox-tools\2.0.11\pdfbox-tools-2.0.11.jar;C:\Users\user\.m2\repository\org\apache\pdfbox\pdfbox-debugger\2.0.11\pdfbox-debugger-2.0.11.jar;C:\Users\user\.m2\repository\org\apache\pdfbox\jbig2-imageio\3.0.1\jbig2-imageio-3.0.1.jar;C:\Users\user\.m2\repository\commons-io\commons-io\2.6\commons-io-2.6.jar;C:\Users\user\.m2\repository\net\sourceforge\lept4j\lept4j\1.10.0\lept4j-1.10.0.jar;C:\Users\user\.m2\repository\org\jboss\jboss-vfs\3.2.13.Final\jboss-vfs-3.2.13.Final.jar;C:\Users\user\.m2\repository\org\jboss\logging\jboss-logging\3.1.4.GA\jboss-logging-3.1.4.GA.jar;C:\Users\user\.m2\repository\ch\qos\logback\logback-classic\1.2.3\logback-classic-1.2.3.jar;C:\Users\user\.m2\repository\ch\qos\logback\logback-core\1.2.3\logback-core-1.2.3.jar;C:\Users\user\.m2\repository\org\slf4j\
Launcher Type: SUN_STANDARD

Environment Variables:
JAVA_HOME=C:\Program Files\Java\jdk1.8.0_251
PATH=C:\Users\user\AppData\Roaming\Sikulix\SikulixLibs_201510081336;C:/Program Files/Java/jre1.8.0_251/bin/server;C:/Program Files/Java/jre1.8.0_251/bin;C:/Program Files/Java/jre1.8.0_251/lib/amd64;C:\Program Files (x86)\Common Files\Oracle\Java\javapath;D:\Program Files\Java\jdk-14.0.1;C:\Windows\system32;C:\Windows;C:\Windows\System32\Wbem;C:\Windows\System32\WindowsPowerShell\v1.0\;C:\Windows\System32\OpenSSH\;C:\Program Files\Java\jdk1.8.0_251bin;C:\Program Files\nodejs\;C:\Program Files\nodejs\node_modules\npm\bin;C:\Program Files\Git\cmd;F:\sikulisetup\sikulisetup\libs;G:\sikulisetup\libs;C:\Users\user\AppData\Local\Microsoft\WindowsApps;C:\Program Files\Java\jdk1.8.0_251;C:\Program Files\Android\Android Studio\bin;C:\Program Files\Java\jre1.8.0_251;G:\Flutter\Flutter\DownloadFlutter\flutter\bin;C:\Users\user\AppData\Roaming\npm;C:\Program Files\nodejs\node_modules\npm\bin;;C:\Users\user\AppData\Local\Programs\Microsoft VS Code\bin;C:\Windows\System32;
USERNAME=user
OS=Windows_NT
PROCESSOR_IDENTIFIER=Intel64 Family 6 Model 58 Stepping 9, GenuineIntel



---------------  S Y S T E M  ---------------

OS: Windows 10.0 , 64 bit Build 18362 (10.0.18362.778)

CPU:total 4 (initial active 4) (2 cores per cpu, 2 threads per core) family 6 model 58 stepping 9, cmov, cx8, fxsr, mmx, sse, sse2, sse3, ssse3, sse4.1, sse4.2, popcnt, avx, aes, clmul, erms, ht, tsc, tscinvbit, tscinv

Memory: 4k page, physical 8273256k(1454892k free), swap 13967372k(2137468k free)

vm_info: Java HotSpot(TM) 64-Bit Server VM (25.251-b08) for windows-amd64 JRE (1.8.0_251-b08), built on Mar 12 2020 06:31:49 by "" with MS VC++ 10.0 (VS2010)

time: Thu Jun 04 18:07:51 2020
timezone: India Standard Time
elapsed time: 40 seconds (0d 0h 0m 40s)

